#
# There is insufficient memory for the Java Runtime Environment to continue.
# Native memory allocation (mmap) failed to map 889192448 bytes for G1 virtual space
# Possible reasons:
#   The system is out of physical RAM or swap space
#   The process is running with CompressedOops enabled, and the Java Heap may be blocking the growth of the native heap
# Possible solutions:
#   Reduce memory load on the system
#   Increase physical memory or swap space
#   Check if swap backing store is full
#   Decrease Java heap size (-Xmx/-Xms)
#   Decrease number of Java threads
#   Decrease Java thread stack sizes (-Xss)
#   Set larger code cache with -XX:ReservedCodeCacheSize=
#   JVM is running with Zero Based Compressed Oops mode in which the Java heap is
#     placed in the first 32GB address space. The Java Heap base address is the
#     maximum limit for the native heap growth. Please use -XX:HeapBaseMinAddress
#     to set the Java Heap base and to place the Java Heap above 32GB virtual address.
# This output file may be truncated or incomplete.
#
#  Out of Memory Error (os_windows.cpp:3769), pid=14376, tid=6504
#
# JRE version: OpenJDK Runtime Environment (17.0.6) (build 17.0.6+0-b2043.56-9586694)
# Java VM: OpenJDK 64-Bit Server VM (17.0.6+0-b2043.56-9586694, mixed mode, tiered, compressed oops, compressed class ptrs, g1 gc, windows-amd64)
# No core dump will be written. Minidumps are not enabled by default on client versions of Windows
#

---------------  S U M M A R Y ------------

Command Line: --add-opens=java.base/java.util=ALL-UNNAMED --add-opens=java.base/java.lang=ALL-UNNAMED --add-opens=java.base/java.lang.invoke=ALL-UNNAMED --add-opens=java.base/java.util=ALL-UNNAMED --add-opens=java.prefs/java.util.prefs=ALL-UNNAMED --add-opens=java.prefs/java.util.prefs=ALL-UNNAMED --add-opens=java.base/java.nio.charset=ALL-UNNAMED --add-opens=java.base/java.net=ALL-UNNAMED --add-opens=java.base/java.util.concurrent.atomic=ALL-UNNAMED -Xmx4608m -Dfile.encoding=windows-1252 -Duser.country=CO -Duser.language=es -Duser.variant org.gradle.launcher.daemon.bootstrap.GradleDaemon 7.5

Host: Intel(R) Core(TM) i5-8250U CPU @ 1.60GHz, 8 cores, 5G,  Windows 10 , 64 bit Build 19041 (10.0.19041.3636)
Time: Wed May  1 17:35:46 2024 Hora est. Pacífico, Sudamérica elapsed time: 555.073613 seconds (0d 0h 9m 15s)

---------------  T H R E A D  ---------------

Current thread (0x0000018176eb93f0):  VMThread "VM Thread" [stack: 0x0000001e2fb00000,0x0000001e2fc00000] [id=6504]

Stack: [0x0000001e2fb00000,0x0000001e2fc00000]
Native frames: (J=compiled Java code, j=interpreted, Vv=VM code, C=native code)
V  [jvm.dll+0x683b4a]
V  [jvm.dll+0x842654]
V  [jvm.dll+0x843dfe]
V  [jvm.dll+0x844463]
V  [jvm.dll+0x249b75]
V  [jvm.dll+0x680a19]
V  [jvm.dll+0x674f0a]
V  [jvm.dll+0x309acb]
V  [jvm.dll+0x310f86]
V  [jvm.dll+0x3608ee]
V  [jvm.dll+0x360b1f]
V  [jvm.dll+0x2dfbf8]
V  [jvm.dll+0x2ddec4]
V  [jvm.dll+0x2dd4cc]
V  [jvm.dll+0x321f3b]
V  [jvm.dll+0x84893b]
V  [jvm.dll+0x849674]
V  [jvm.dll+0x849b8d]
V  [jvm.dll+0x849f64]
V  [jvm.dll+0x84a030]
V  [jvm.dll+0x7f25fa]
V  [jvm.dll+0x682985]
C  [ucrtbase.dll+0x21bb2]
C  [KERNEL32.DLL+0x17344]
C  [ntdll.dll+0x526b1]

VM_Operation (0x0000001e394fdfa0): G1CollectForAllocation, mode: safepoint, requested by thread 0x000001817a758870


---------------  P R O C E S S  ---------------

Threads class SMR info:
_java_thread_list=0x000001817ff174b0, length=177, elements={
0x000001815505e790, 0x0000018176e8b830, 0x0000018176e8c2f0, 0x0000018176efc420,
0x0000018176ed43c0, 0x0000018176ed6c90, 0x0000018176ed7550, 0x0000018176ed8140,
0x0000018176ed8e40, 0x000001817794c420, 0x0000018177ab4020, 0x0000018177ab5940,
0x00000181790ecc40, 0x00000181787aca90, 0x0000018178b182f0, 0x0000018178aa56c0,
0x0000018178aa3eb0, 0x0000018178aa4d20, 0x0000018178aa6530, 0x0000018178aa3040,
0x000001817a2f2d40, 0x000001817a2f6bd0, 0x000001817a2f7570, 0x000001817a2f1ed0,
0x000001817a2f4080, 0x000001817a2f88b0, 0x000001817a2f4a20, 0x000001817a2f4550,
0x000001817a2f6230, 0x000001817d3a20b0, 0x000001817fa55350, 0x000001817fa56b60,
0x000001817b4c6b70, 0x00000181026b7170, 0x0000018106c12790, 0x0000018106c11450,
0x000001810482c2e0, 0x000001810482be10, 0x000001810482c7b0, 0x00000181047716e0,
0x0000018104771bb0, 0x0000018106c11920, 0x000001817d39c070, 0x0000018106c122c0,
0x0000018106c10f80, 0x0000018100fc64e0, 0x000001817b4c7040, 0x000001817b4c7510,
0x000001817b4c5d00, 0x000001817b4c61d0, 0x000001817bb783a0, 0x000001817bb77060,
0x000001817bb77a00, 0x000001817bb77530, 0x000001817bb78870, 0x000001817bb77ed0,
0x0000018101852420, 0x0000018101852dc0, 0x0000018101851f50, 0x0000018101851a80,
0x00000181018528f0, 0x0000018101853290, 0x0000018101853760, 0x0000018101853c30,
0x0000018101854100, 0x00000181018545d0, 0x0000018101850c10, 0x00000181018510e0,
0x00000181018515b0, 0x00000181026b7b10, 0x00000181026b7640, 0x000001817b388080,
0x000001817b386870, 0x000001817b3863a0, 0x00000181027cd2b0, 0x00000181027cc910,
0x00000181027cd780, 0x00000181027cdc50, 0x00000181027ce120, 0x000001817b23e4e0,
0x000001817b241030, 0x000001817b240b60, 0x000001817b2419d0, 0x000001817b241500,
0x000001817b23fcf0, 0x0000018104772080, 0x0000018104772550, 0x0000018104772a20,
0x0000018106c13ad0, 0x0000018106c12c60, 0x0000018106c105e0, 0x0000018106c13130,
0x0000018106c13600, 0x000001817c175300, 0x000001817c171940, 0x000001817c173620,
0x000001817c173af0, 0x000001817c174960, 0x000001817b241ea0, 0x000001817b23ee80,
0x000001817b23f820, 0x000001817b23e9b0, 0x000001817b23f350, 0x000001817b2401c0,
0x000001817b240690, 0x0000018100b47320, 0x0000018100b477f0, 0x0000018100b47cc0,
0x0000018100b48190, 0x0000018100b46e50, 0x000001817b388550, 0x000001817b387210,
0x0000018104772ef0, 0x000001817d3a2580, 0x000001817d39d3b0, 0x000001817d39fa30,
0x000001817d3a2a50, 0x000001817d39c540, 0x000001817d39ca10, 0x000001817d3a08a0,
0x000001817d39d880, 0x000001817d39dd50, 0x000001817d39e220, 0x000001817d3a1be0,
0x000001817d3a33f0, 0x000001817de092c0, 0x000001817de0b940, 0x000001817de09790,
0x000001817c173fc0, 0x000001817a7583a0, 0x000001817c174490, 0x000001817c174e30,
0x000001817c171e10, 0x000001817c1722e0, 0x000001817c1727b0, 0x000001817c172c80,
0x000001817a757ed0, 0x000001817a757a00, 0x000001810482afa0, 0x000001810482b470,
0x000001817c173150, 0x000001817a758870, 0x000001817a757530, 0x000001817b3876e0,
0x00000181028126a0, 0x000001817b387bb0, 0x0000018102a8db30, 0x000001817d3a0d70,
0x000001817b79fa20, 0x000001817d3a2f20, 0x000001817b385ed0, 0x000001817d39ebc0,
0x000001817d3a1240, 0x000001817b386d40, 0x000001817b388a20, 0x000001817b385060,
0x000001817d3a38c0, 0x000001817d39f090, 0x000001817d39f560, 0x000001817d39ff00,
0x000001817d39cee0, 0x0000018102813eb0, 0x0000018102a91020, 0x0000018102a8e4d0,
0x00000181017c7ad0, 0x00000181017c7130, 0x000001817de0aad0, 0x000001810731f830,
0x0000018102a8e9a0, 0x000001817b385a00, 0x000001810d3109b0, 0x00000181017c7600,
0x000001817b79c060, 0x000001817b79c530, 0x000001817b79e6e0, 0x00000181017c8470,
0x000001810482b940
}

Java Threads: ( => current thread )
  0x000001815505e790 JavaThread "main" [_thread_blocked, id=5252, stack(0x0000001e2f500000,0x0000001e2f600000)]
  0x0000018176e8b830 JavaThread "Reference Handler" daemon [_thread_blocked, id=7448, stack(0x0000001e2fc00000,0x0000001e2fd00000)]
  0x0000018176e8c2f0 JavaThread "Finalizer" daemon [_thread_blocked, id=8736, stack(0x0000001e2fd00000,0x0000001e2fe00000)]
  0x0000018176efc420 JavaThread "Signal Dispatcher" daemon [_thread_blocked, id=12944, stack(0x0000001e2fe00000,0x0000001e2ff00000)]
  0x0000018176ed43c0 JavaThread "Attach Listener" daemon [_thread_blocked, id=5040, stack(0x0000001e2ff00000,0x0000001e30000000)]
  0x0000018176ed6c90 JavaThread "Service Thread" daemon [_thread_blocked, id=15224, stack(0x0000001e30000000,0x0000001e30100000)]
  0x0000018176ed7550 JavaThread "Monitor Deflation Thread" daemon [_thread_blocked, id=7244, stack(0x0000001e30100000,0x0000001e30200000)]
  0x0000018176ed8140 JavaThread "C2 CompilerThread0" daemon [_thread_blocked, id=13700, stack(0x0000001e30200000,0x0000001e30300000)]
  0x0000018176ed8e40 JavaThread "C1 CompilerThread0" daemon [_thread_blocked, id=15216, stack(0x0000001e30300000,0x0000001e30400000)]
  0x000001817794c420 JavaThread "Sweeper thread" daemon [_thread_blocked, id=5152, stack(0x0000001e30400000,0x0000001e30500000)]
  0x0000018177ab4020 JavaThread "Common-Cleaner" daemon [_thread_blocked, id=12284, stack(0x0000001e30500000,0x0000001e30600000)]
  0x0000018177ab5940 JavaThread "Notification Thread" daemon [_thread_blocked, id=13688, stack(0x0000001e30600000,0x0000001e30700000)]
  0x00000181790ecc40 JavaThread "Daemon health stats" [_thread_blocked, id=10112, stack(0x0000001e30d00000,0x0000001e30e00000)]
  0x00000181787aca90 JavaThread "Incoming local TCP Connector on port 64633" [_thread_in_native, id=6788, stack(0x0000001e30c00000,0x0000001e30d00000)]
  0x0000018178b182f0 JavaThread "Daemon periodic checks" [_thread_blocked, id=2172, stack(0x0000001e31200000,0x0000001e31300000)]
  0x0000018178aa56c0 JavaThread "Cache worker for journal cache (C:\Users\aldai\.gradle\caches\journal-1)" [_thread_blocked, id=11052, stack(0x0000001e31a00000,0x0000001e31b00000)]
  0x0000018178aa3eb0 JavaThread "File lock request listener" [_thread_in_native, id=11212, stack(0x0000001e31b00000,0x0000001e31c00000)]
  0x0000018178aa4d20 JavaThread "Cache worker for file hash cache (C:\Users\aldai\.gradle\caches\7.5\fileHashes)" [_thread_blocked, id=10096, stack(0x0000001e31c00000,0x0000001e31d00000)]
  0x0000018178aa6530 JavaThread "File watcher server" daemon [_thread_blocked, id=9536, stack(0x0000001e2f200000,0x0000001e2f300000)]
  0x0000018178aa3040 JavaThread "File watcher consumer" daemon [_thread_blocked, id=14744, stack(0x0000001e2f300000,0x0000001e2f400000)]
  0x000001817a2f2d40 JavaThread "Cache worker for file content cache (C:\Users\aldai\.gradle\caches\7.5\fileContent)" [_thread_blocked, id=12760, stack(0x0000001e31e00000,0x0000001e31f00000)]
  0x000001817a2f6bd0 JavaThread "Cache worker for execution history cache (C:\Users\aldai\.gradle\caches\7.5\executionHistory)" [_thread_blocked, id=3780, stack(0x0000001e32200000,0x0000001e32300000)]
  0x000001817a2f7570 JavaThread "jar transforms" [_thread_blocked, id=5148, stack(0x0000001e32400000,0x0000001e32500000)]
  0x000001817a2f1ed0 JavaThread "jar transforms Thread 2" [_thread_blocked, id=11496, stack(0x0000001e32500000,0x0000001e32600000)]
  0x000001817a2f4080 JavaThread "jar transforms Thread 3" [_thread_blocked, id=4744, stack(0x0000001e32600000,0x0000001e32700000)]
  0x000001817a2f88b0 JavaThread "jar transforms Thread 4" [_thread_blocked, id=10416, stack(0x0000001e32700000,0x0000001e32800000)]
  0x000001817a2f4a20 JavaThread "jar transforms Thread 5" [_thread_blocked, id=2156, stack(0x0000001e32800000,0x0000001e32900000)]
  0x000001817a2f4550 JavaThread "jar transforms Thread 6" [_thread_blocked, id=10584, stack(0x0000001e32900000,0x0000001e32a00000)]
  0x000001817a2f6230 JavaThread "jar transforms Thread 7" [_thread_blocked, id=14592, stack(0x0000001e32b00000,0x0000001e32c00000)]
  0x000001817d3a20b0 JavaThread "jar transforms Thread 8" [_thread_blocked, id=14072, stack(0x0000001e37d00000,0x0000001e37e00000)]
  0x000001817fa55350 JavaThread "Memory manager" [_thread_blocked, id=1992, stack(0x0000001e37e00000,0x0000001e37f00000)]
  0x000001817fa56b60 JavaThread "Cache worker for kotlin-dsl (C:\Users\aldai\.gradle\caches\7.5\kotlin-dsl)" [_thread_blocked, id=10144, stack(0x0000001e37f00000,0x0000001e38000000)]
  0x000001817b4c6b70 JavaThread "ForkJoinPool.commonPool-worker-4" daemon [_thread_blocked, id=14444, stack(0x0000001e39900000,0x0000001e39a00000)]
  0x00000181026b7170 JavaThread "ForkJoinPool.commonPool-worker-6" daemon [_thread_blocked, id=12696, stack(0x0000001e39b00000,0x0000001e39c00000)]
  0x0000018106c12790 JavaThread "ForkJoinPool.commonPool-worker-7" daemon [_thread_blocked, id=13864, stack(0x0000001e39c00000,0x0000001e39d00000)]
  0x0000018106c11450 JavaThread "Daemon Thread 2" [_thread_blocked, id=14468, stack(0x0000001e2f400000,0x0000001e2f500000)]
  0x000001810482c2e0 JavaThread "Handler for socket connection from /127.0.0.1:64633 to /127.0.0.1:49317" [_thread_in_native, id=4052, stack(0x0000001e31100000,0x0000001e31200000)]
  0x000001810482be10 JavaThread "Cancel handler" [_thread_blocked, id=4624, stack(0x0000001e31300000,0x0000001e31400000)]
  0x000001810482c7b0 JavaThread "Daemon worker Thread 2" [_thread_blocked, id=2132, stack(0x0000001e31400000,0x0000001e31500000)]
  0x00000181047716e0 JavaThread "Asynchronous log dispatcher for DefaultDaemonConnection: socket connection from /127.0.0.1:64633 to /127.0.0.1:49317" [_thread_blocked, id=14212, stack(0x0000001e31500000,0x0000001e31600000)]
  0x0000018104771bb0 JavaThread "Stdin handler" [_thread_blocked, id=3496, stack(0x0000001e31600000,0x0000001e31700000)]
  0x0000018106c11920 JavaThread "Daemon client event forwarder" [_thread_blocked, id=12992, stack(0x0000001e31700000,0x0000001e31800000)]
  0x000001817d39c070 JavaThread "Cache worker for checksums cache (D:\ESPACIO DE TRABAJO SISTEMAS CLINIZAD\TESISAPP\App_Arsac_Front\android\.gradle\7.5\checksums)" [_thread_blocked, id=14616, stack(0x0000001e31d00000,0x0000001e31e00000)]
  0x0000018106c122c0 JavaThread "Cache worker for cache directory md-rule (C:\Users\aldai\.gradle\caches\7.5\md-rule)" [_thread_blocked, id=14632, stack(0x0000001e31800000,0x0000001e31900000)]
  0x0000018106c10f80 JavaThread "Cache worker for file hash cache (D:\ESPACIO DE TRABAJO SISTEMAS CLINIZAD\TESISAPP\App_Arsac_Front\android\.gradle\7.5\fileHashes)" [_thread_blocked, id=13176, stack(0x0000001e31f00000,0x0000001e32000000)]
  0x0000018100fc64e0 JavaThread "Cache worker for cache directory md-supplier (C:\Users\aldai\.gradle\caches\7.5\md-supplier)" [_thread_blocked, id=11364, stack(0x0000001e32000000,0x0000001e32100000)]
  0x000001817b4c7040 JavaThread "Cache worker for dependencies-accessors (D:\ESPACIO DE TRABAJO SISTEMAS CLINIZAD\TESISAPP\App_Arsac_Front\android\.gradle\7.5\dependencies-accessors)" [_thread_blocked, id=12604, stack(0x0000001e32100000,0x0000001e32200000)]
  0x000001817b4c7510 JavaThread "Cache worker for Build Output Cleanup Cache (D:\ESPACIO DE TRABAJO SISTEMAS CLINIZAD\TESISAPP\App_Arsac_Front\android\.gradle\buildOutputCleanup)" [_thread_blocked, id=12344, stack(0x0000001e32a00000,0x0000001e32b00000)]
  0x000001817b4c5d00 JavaThread "Unconstrained build operations" [_thread_blocked, id=11104, stack(0x0000001e32d00000,0x0000001e32e00000)]
  0x000001817b4c61d0 JavaThread "Unconstrained build operations Thread 2" [_thread_blocked, id=14448, stack(0x0000001e32e00000,0x0000001e32f00000)]
  0x000001817bb783a0 JavaThread "Unconstrained build operations Thread 3" [_thread_blocked, id=9360, stack(0x0000001e32f00000,0x0000001e33000000)]
  0x000001817bb77060 JavaThread "Unconstrained build operations Thread 4" [_thread_blocked, id=14740, stack(0x0000001e33000000,0x0000001e33100000)]
  0x000001817bb77a00 JavaThread "Unconstrained build operations Thread 5" [_thread_blocked, id=7204, stack(0x0000001e33100000,0x0000001e33200000)]
  0x000001817bb77530 JavaThread "Unconstrained build operations Thread 6" [_thread_blocked, id=11224, stack(0x0000001e33200000,0x0000001e33300000)]
  0x000001817bb78870 JavaThread "Unconstrained build operations Thread 7" [_thread_blocked, id=7800, stack(0x0000001e33300000,0x0000001e33400000)]
  0x000001817bb77ed0 JavaThread "Unconstrained build operations Thread 8" [_thread_blocked, id=14124, stack(0x0000001e33400000,0x0000001e33500000)]
  0x0000018101852420 JavaThread "Unconstrained build operations Thread 9" [_thread_blocked, id=1796, stack(0x0000001e33500000,0x0000001e33600000)]
  0x0000018101852dc0 JavaThread "Unconstrained build operations Thread 10" [_thread_blocked, id=10944, stack(0x0000001e33600000,0x0000001e33700000)]
  0x0000018101851f50 JavaThread "Unconstrained build operations Thread 11" [_thread_blocked, id=8272, stack(0x0000001e33700000,0x0000001e33800000)]
  0x0000018101851a80 JavaThread "Unconstrained build operations Thread 12" [_thread_blocked, id=7544, stack(0x0000001e33800000,0x0000001e33900000)]
  0x00000181018528f0 JavaThread "Unconstrained build operations Thread 13" [_thread_blocked, id=2496, stack(0x0000001e33900000,0x0000001e33a00000)]
  0x0000018101853290 JavaThread "Unconstrained build operations Thread 14" [_thread_blocked, id=9004, stack(0x0000001e33a00000,0x0000001e33b00000)]
  0x0000018101853760 JavaThread "Unconstrained build operations Thread 15" [_thread_blocked, id=10488, stack(0x0000001e33b00000,0x0000001e33c00000)]
  0x0000018101853c30 JavaThread "Unconstrained build operations Thread 16" [_thread_blocked, id=14604, stack(0x0000001e33c00000,0x0000001e33d00000)]
  0x0000018101854100 JavaThread "Unconstrained build operations Thread 17" [_thread_blocked, id=9376, stack(0x0000001e33d00000,0x0000001e33e00000)]
  0x00000181018545d0 JavaThread "Unconstrained build operations Thread 18" [_thread_blocked, id=10436, stack(0x0000001e33e00000,0x0000001e33f00000)]
  0x0000018101850c10 JavaThread "Unconstrained build operations Thread 19" [_thread_blocked, id=3788, stack(0x0000001e33f00000,0x0000001e34000000)]
  0x00000181018510e0 JavaThread "Unconstrained build operations Thread 20" [_thread_blocked, id=2620, stack(0x0000001e34000000,0x0000001e34100000)]
  0x00000181018515b0 JavaThread "Unconstrained build operations Thread 21" [_thread_blocked, id=6792, stack(0x0000001e34100000,0x0000001e34200000)]
  0x00000181026b7b10 JavaThread "Unconstrained build operations Thread 22" [_thread_blocked, id=12368, stack(0x0000001e34200000,0x0000001e34300000)]
  0x00000181026b7640 JavaThread "Unconstrained build operations Thread 23" [_thread_blocked, id=9604, stack(0x0000001e34300000,0x0000001e34400000)]
  0x000001817b388080 JavaThread "Unconstrained build operations Thread 24" [_thread_blocked, id=12752, stack(0x0000001e34400000,0x0000001e34500000)]
  0x000001817b386870 JavaThread "Unconstrained build operations Thread 25" [_thread_blocked, id=1644, stack(0x0000001e34500000,0x0000001e34600000)]
  0x000001817b3863a0 JavaThread "Unconstrained build operations Thread 26" [_thread_blocked, id=10100, stack(0x0000001e34600000,0x0000001e34700000)]
  0x00000181027cd2b0 JavaThread "Unconstrained build operations Thread 27" [_thread_blocked, id=13380, stack(0x0000001e34700000,0x0000001e34800000)]
  0x00000181027cc910 JavaThread "Unconstrained build operations Thread 28" [_thread_blocked, id=8684, stack(0x0000001e34800000,0x0000001e34900000)]
  0x00000181027cd780 JavaThread "Unconstrained build operations Thread 29" [_thread_blocked, id=12644, stack(0x0000001e34900000,0x0000001e34a00000)]
  0x00000181027cdc50 JavaThread "Unconstrained build operations Thread 30" [_thread_blocked, id=3160, stack(0x0000001e34a00000,0x0000001e34b00000)]
  0x00000181027ce120 JavaThread "Unconstrained build operations Thread 31" [_thread_blocked, id=3900, stack(0x0000001e34b00000,0x0000001e34c00000)]
  0x000001817b23e4e0 JavaThread "Unconstrained build operations Thread 32" [_thread_blocked, id=468, stack(0x0000001e34c00000,0x0000001e34d00000)]
  0x000001817b241030 JavaThread "Unconstrained build operations Thread 33" [_thread_blocked, id=13912, stack(0x0000001e34d00000,0x0000001e34e00000)]
  0x000001817b240b60 JavaThread "Unconstrained build operations Thread 34" [_thread_blocked, id=5720, stack(0x0000001e34e00000,0x0000001e34f00000)]
  0x000001817b2419d0 JavaThread "Unconstrained build operations Thread 35" [_thread_blocked, id=2804, stack(0x0000001e34f00000,0x0000001e35000000)]
  0x000001817b241500 JavaThread "Unconstrained build operations Thread 36" [_thread_blocked, id=5824, stack(0x0000001e35000000,0x0000001e35100000)]
  0x000001817b23fcf0 JavaThread "Unconstrained build operations Thread 37" [_thread_blocked, id=8752, stack(0x0000001e35100000,0x0000001e35200000)]
  0x0000018104772080 JavaThread "Unconstrained build operations Thread 38" [_thread_blocked, id=11908, stack(0x0000001e35200000,0x0000001e35300000)]
  0x0000018104772550 JavaThread "Unconstrained build operations Thread 39" [_thread_blocked, id=11152, stack(0x0000001e35300000,0x0000001e35400000)]
  0x0000018104772a20 JavaThread "Unconstrained build operations Thread 40" [_thread_blocked, id=14156, stack(0x0000001e35400000,0x0000001e35500000)]
  0x0000018106c13ad0 JavaThread "Unconstrained build operations Thread 41" [_thread_blocked, id=7704, stack(0x0000001e35500000,0x0000001e35600000)]
  0x0000018106c12c60 JavaThread "Unconstrained build operations Thread 42" [_thread_blocked, id=14848, stack(0x0000001e35600000,0x0000001e35700000)]
  0x0000018106c105e0 JavaThread "Unconstrained build operations Thread 43" [_thread_blocked, id=412, stack(0x0000001e35700000,0x0000001e35800000)]
  0x0000018106c13130 JavaThread "Unconstrained build operations Thread 44" [_thread_blocked, id=9936, stack(0x0000001e35800000,0x0000001e35900000)]
  0x0000018106c13600 JavaThread "Unconstrained build operations Thread 45" [_thread_blocked, id=4572, stack(0x0000001e35900000,0x0000001e35a00000)]
  0x000001817c175300 JavaThread "Unconstrained build operations Thread 46" [_thread_blocked, id=14292, stack(0x0000001e35a00000,0x0000001e35b00000)]
  0x000001817c171940 JavaThread "Unconstrained build operations Thread 47" [_thread_blocked, id=14208, stack(0x0000001e35b00000,0x0000001e35c00000)]
  0x000001817c173620 JavaThread "Unconstrained build operations Thread 48" [_thread_blocked, id=1988, stack(0x0000001e35c00000,0x0000001e35d00000)]
  0x000001817c173af0 JavaThread "Unconstrained build operations Thread 49" [_thread_blocked, id=4720, stack(0x0000001e35d00000,0x0000001e35e00000)]
  0x000001817c174960 JavaThread "Unconstrained build operations Thread 50" [_thread_blocked, id=1072, stack(0x0000001e35e00000,0x0000001e35f00000)]
  0x000001817b241ea0 JavaThread "Unconstrained build operations Thread 51" [_thread_blocked, id=5692, stack(0x0000001e35f00000,0x0000001e36000000)]
  0x000001817b23ee80 JavaThread "Unconstrained build operations Thread 52" [_thread_blocked, id=14172, stack(0x0000001e36000000,0x0000001e36100000)]
  0x000001817b23f820 JavaThread "Unconstrained build operations Thread 53" [_thread_blocked, id=14516, stack(0x0000001e36100000,0x0000001e36200000)]
  0x000001817b23e9b0 JavaThread "Unconstrained build operations Thread 54" [_thread_blocked, id=13264, stack(0x0000001e36200000,0x0000001e36300000)]
  0x000001817b23f350 JavaThread "Unconstrained build operations Thread 55" [_thread_blocked, id=13260, stack(0x0000001e36300000,0x0000001e36400000)]
  0x000001817b2401c0 JavaThread "Unconstrained build operations Thread 56" [_thread_blocked, id=14308, stack(0x0000001e36400000,0x0000001e36500000)]
  0x000001817b240690 JavaThread "Unconstrained build operations Thread 57" [_thread_blocked, id=8516, stack(0x0000001e36500000,0x0000001e36600000)]
  0x0000018100b47320 JavaThread "Unconstrained build operations Thread 58" [_thread_blocked, id=8632, stack(0x0000001e36600000,0x0000001e36700000)]
  0x0000018100b477f0 JavaThread "Unconstrained build operations Thread 59" [_thread_blocked, id=11172, stack(0x0000001e36700000,0x0000001e36800000)]
  0x0000018100b47cc0 JavaThread "Unconstrained build operations Thread 60" [_thread_blocked, id=7028, stack(0x0000001e36800000,0x0000001e36900000)]
  0x0000018100b48190 JavaThread "Unconstrained build operations Thread 61" [_thread_blocked, id=9472, stack(0x0000001e36900000,0x0000001e36a00000)]
  0x0000018100b46e50 JavaThread "Unconstrained build operations Thread 62" [_thread_blocked, id=2464, stack(0x0000001e36a00000,0x0000001e36b00000)]
  0x000001817b388550 JavaThread "Unconstrained build operations Thread 63" [_thread_blocked, id=15328, stack(0x0000001e36b00000,0x0000001e36c00000)]
  0x000001817b387210 JavaThread "Unconstrained build operations Thread 64" [_thread_blocked, id=14408, stack(0x0000001e36c00000,0x0000001e36d00000)]
  0x0000018104772ef0 JavaThread "Unconstrained build operations Thread 65" [_thread_blocked, id=7444, stack(0x0000001e36d00000,0x0000001e36e00000)]
  0x000001817d3a2580 JavaThread "Unconstrained build operations Thread 66" [_thread_blocked, id=6732, stack(0x0000001e36e00000,0x0000001e36f00000)]
  0x000001817d39d3b0 JavaThread "Unconstrained build operations Thread 67" [_thread_blocked, id=3212, stack(0x0000001e36f00000,0x0000001e37000000)]
  0x000001817d39fa30 JavaThread "Unconstrained build operations Thread 68" [_thread_blocked, id=11936, stack(0x0000001e37000000,0x0000001e37100000)]
  0x000001817d3a2a50 JavaThread "Unconstrained build operations Thread 69" [_thread_blocked, id=3736, stack(0x0000001e37100000,0x0000001e37200000)]
  0x000001817d39c540 JavaThread "Unconstrained build operations Thread 70" [_thread_blocked, id=5528, stack(0x0000001e37200000,0x0000001e37300000)]
  0x000001817d39ca10 JavaThread "Unconstrained build operations Thread 71" [_thread_blocked, id=13964, stack(0x0000001e37300000,0x0000001e37400000)]
  0x000001817d3a08a0 JavaThread "Unconstrained build operations Thread 72" [_thread_blocked, id=8276, stack(0x0000001e37400000,0x0000001e37500000)]
  0x000001817d39d880 JavaThread "Unconstrained build operations Thread 73" [_thread_blocked, id=6300, stack(0x0000001e37500000,0x0000001e37600000)]
  0x000001817d39dd50 JavaThread "Unconstrained build operations Thread 74" [_thread_blocked, id=14136, stack(0x0000001e37600000,0x0000001e37700000)]
  0x000001817d39e220 JavaThread "Unconstrained build operations Thread 75" [_thread_blocked, id=13448, stack(0x0000001e37700000,0x0000001e37800000)]
  0x000001817d3a1be0 JavaThread "Unconstrained build operations Thread 76" [_thread_blocked, id=13720, stack(0x0000001e37800000,0x0000001e37900000)]
  0x000001817d3a33f0 JavaThread "Unconstrained build operations Thread 77" [_thread_blocked, id=13208, stack(0x0000001e37900000,0x0000001e37a00000)]
  0x000001817de092c0 JavaThread "Unconstrained build operations Thread 78" [_thread_blocked, id=5788, stack(0x0000001e37a00000,0x0000001e37b00000)]
  0x000001817de0b940 JavaThread "Unconstrained build operations Thread 79" [_thread_blocked, id=14220, stack(0x0000001e37b00000,0x0000001e37c00000)]
  0x000001817de09790 JavaThread "Unconstrained build operations Thread 80" [_thread_blocked, id=364, stack(0x0000001e37c00000,0x0000001e37d00000)]
  0x000001817c173fc0 JavaThread "included builds" [_thread_blocked, id=8788, stack(0x0000001e38600000,0x0000001e38700000)]
  0x000001817a7583a0 JavaThread "Execution worker" [_thread_blocked, id=7124, stack(0x0000001e38700000,0x0000001e38800000)]
  0x000001817c174490 JavaThread "Execution worker Thread 2" [_thread_blocked, id=13140, stack(0x0000001e38800000,0x0000001e38900000)]
  0x000001817c174e30 JavaThread "Execution worker Thread 3" [_thread_blocked, id=15228, stack(0x0000001e38900000,0x0000001e38a00000)]
  0x000001817c171e10 JavaThread "Execution worker Thread 4" [_thread_blocked, id=4428, stack(0x0000001e38a00000,0x0000001e38b00000)]
  0x000001817c1722e0 JavaThread "Execution worker Thread 5" [_thread_blocked, id=13408, stack(0x0000001e38b00000,0x0000001e38c00000)]
  0x000001817c1727b0 JavaThread "Execution worker Thread 6" [_thread_blocked, id=9624, stack(0x0000001e38c00000,0x0000001e38d00000)]
  0x000001817c172c80 JavaThread "Execution worker Thread 7" [_thread_blocked, id=14532, stack(0x0000001e38d00000,0x0000001e38e00000)]
  0x000001817a757ed0 JavaThread "Cache worker for execution history cache (D:\ESPACIO DE TRABAJO SISTEMAS CLINIZAD\TESISAPP\App_Arsac_Front\android\.gradle\7.5\executionHistory)" [_thread_blocked, id=8688, stack(0x0000001e38e00000,0x0000001e38f00000)]
  0x000001817a757a00 JavaThread "Exec process Thread 4" [_thread_blocked, id=3664, stack(0x0000001e38f00000,0x0000001e39000000)]
  0x000001810482afa0 JavaThread "Exec process Thread 5" [_thread_blocked, id=12592, stack(0x0000001e39000000,0x0000001e39100000)]
  0x000001810482b470 JavaThread "Exec process Thread 6" [_thread_blocked, id=13784, stack(0x0000001e39100000,0x0000001e39200000)]
  0x000001817c173150 JavaThread "WorkerExecutor Queue Thread 2" [_thread_blocked, id=256, stack(0x0000001e39300000,0x0000001e39400000)]
  0x000001817a758870 JavaThread "WorkerExecutor Queue Thread 3" [_thread_blocked, id=14424, stack(0x0000001e39400000,0x0000001e39500000)]
  0x000001817a757530 JavaThread "WorkerExecutor Queue Thread 4" [_thread_blocked, id=9104, stack(0x0000001e39500000,0x0000001e39600000)]
  0x000001817b3876e0 JavaThread "WorkerExecutor Queue Thread 6" [_thread_blocked, id=13280, stack(0x0000001e39800000,0x0000001e39900000)]
  0x00000181028126a0 JavaThread "WorkerExecutor Queue Thread 7" [_thread_in_native, id=10552, stack(0x0000001e39a00000,0x0000001e39b00000)]
  0x000001817b387bb0 JavaThread "WorkerExecutor Queue Thread 8" [_thread_blocked, id=12976, stack(0x0000001e39d00000,0x0000001e39e00000)]
  0x0000018102a8db30 JavaThread "WorkerExecutor Queue Thread 10" [_thread_blocked, id=13836, stack(0x0000001e3a000000,0x0000001e3a100000)]
  0x000001817d3a0d70 JavaThread "Java2D Disposer" daemon [_thread_blocked, id=10296, stack(0x0000001e3a300000,0x0000001e3a400000)]
  0x000001817b79fa20 JavaThread "AWT-Windows" daemon [_thread_in_native, id=11532, stack(0x0000001e39e00000,0x0000001e39f00000)]
  0x000001817d3a2f20 JavaThread "pool-6-thread-1" [_thread_blocked, id=11160, stack(0x0000001e39200000,0x0000001e39300000)]
  0x000001817b385ed0 JavaThread "Cache worker for Java compile cache (C:\Users\aldai\.gradle\caches\7.5\javaCompile)" [_thread_blocked, id=10380, stack(0x0000001e3a500000,0x0000001e3a600000)]
  0x000001817d39ebc0 JavaThread "stderr" [_thread_in_native, id=15052, stack(0x0000001e3a600000,0x0000001e3a700000)]
  0x000001817d3a1240 JavaThread "stdout" [_thread_in_native, id=11072, stack(0x0000001e3a700000,0x0000001e3a800000)]
  0x000001817b386d40 JavaThread "Build operations" [_thread_blocked, id=13648, stack(0x0000001e3a400000,0x0000001e3a500000)]
  0x000001817b388a20 JavaThread "Build operations Thread 2" [_thread_blocked, id=2948, stack(0x0000001e3a800000,0x0000001e3a900000)]
  0x000001817b385060 JavaThread "Build operations Thread 3" [_thread_blocked, id=2996, stack(0x0000001e3a900000,0x0000001e3aa00000)]
  0x000001817d3a38c0 JavaThread "Build operations Thread 4" [_thread_blocked, id=5620, stack(0x0000001e3aa00000,0x0000001e3ab00000)]
  0x000001817d39f090 JavaThread "Build operations Thread 5" [_thread_blocked, id=14132, stack(0x0000001e3ab00000,0x0000001e3ac00000)]
  0x000001817d39f560 JavaThread "Build operations Thread 6" [_thread_blocked, id=1900, stack(0x0000001e3ac00000,0x0000001e3ad00000)]
  0x000001817d39ff00 JavaThread "Build operations Thread 7" [_thread_blocked, id=9324, stack(0x0000001e3ad00000,0x0000001e3ae00000)]
  0x000001817d39cee0 JavaThread "Build operations Thread 8" [_thread_blocked, id=14140, stack(0x0000001e3ae00000,0x0000001e3af00000)]
  0x0000018102813eb0 JavaThread "RMI Scheduler(0)" daemon [_thread_blocked, id=5812, stack(0x0000001e39600000,0x0000001e39700000)]
  0x0000018102a91020 JavaThread "RMI RenewClean-[127.0.0.1:17173,org.jetbrains.kotlin.daemon.common.LoopbackNetworkInterface$ClientLoopbackSocketFactory@6b5c190a]" daemon [_thread_blocked, id=13052, stack(0x0000001e3af00000,0x0000001e3b000000)]
  0x0000018102a8e4d0 JavaThread "RMI GC Daemon" daemon [_thread_blocked, id=7140, stack(0x0000001e3b000000,0x0000001e3b100000)]
  0x00000181017c7ad0 JavaThread "RMI TCP Accept-0" daemon [_thread_in_native, id=8296, stack(0x0000001e3b100000,0x0000001e3b200000)]
  0x00000181017c7130 JavaThread "RMI Reaper" [_thread_blocked, id=2716, stack(0x0000001e3b200000,0x0000001e3b300000)]
  0x000001817de0aad0 JavaThread "RMI TCP Connection(idle)" daemon [_thread_blocked, id=2680, stack(0x0000001e3b300000,0x0000001e3b400000)]
  0x000001810731f830 JavaThread "C2 CompilerThread1" daemon [_thread_in_native, id=12872, stack(0x0000001e32c00000,0x0000001e32d00000)]
  0x0000018102a8e9a0 JavaThread "WorkerExecutor Queue Thread 12" [_thread_blocked, id=14704, stack(0x0000001e3b400000,0x0000001e3b500000)]
  0x000001817b385a00 JavaThread "ForkJoinPool-1-worker-1" daemon [_thread_blocked, id=9800, stack(0x0000001e39700000,0x0000001e39800000)]
  0x000001810d3109b0 JavaThread "ForkJoinPool-1-worker-2" daemon [_thread_blocked, id=1460, stack(0x0000001e3b500000,0x0000001e3b600000)]
  0x00000181017c7600 JavaThread "ForkJoinPool-1-worker-3" daemon [_thread_blocked, id=15000, stack(0x0000001e3b600000,0x0000001e3b700000)]
  0x000001817b79c060 JavaThread "ForkJoinPool-1-worker-4" daemon [_thread_blocked, id=5484, stack(0x0000001e3b700000,0x0000001e3b800000)]
  0x000001817b79c530 JavaThread "ForkJoinPool-1-worker-5" daemon [_thread_blocked, id=13316, stack(0x0000001e3b800000,0x0000001e3b900000)]
  0x000001817b79e6e0 JavaThread "ForkJoinPool-1-worker-6" daemon [_thread_blocked, id=5884, stack(0x0000001e3b900000,0x0000001e3ba00000)]
  0x00000181017c8470 JavaThread "ForkJoinPool-1-worker-7" daemon [_thread_blocked, id=14084, stack(0x0000001e3ba00000,0x0000001e3bb00000)]
  0x000001810482b940 JavaThread "ForkJoinPool-1-worker-8" daemon [_thread_blocked, id=6008, stack(0x0000001e3bb00000,0x0000001e3bc00000)]

Other Threads:
=>0x0000018176eb93f0 VMThread "VM Thread" [stack: 0x0000001e2fb00000,0x0000001e2fc00000] [id=6504]
  0x000001815720b390 WatcherThread [stack: 0x0000001e30700000,0x0000001e30800000] [id=12244]
  0x00000181571f6730 GCTaskThread "GC Thread#0" [stack: 0x0000001e2f600000,0x0000001e2f700000] [id=12004]
  0x00000181788f5140 GCTaskThread "GC Thread#1" [stack: 0x0000001e30900000,0x0000001e30a00000] [id=12800]
  0x00000181786e84e0 GCTaskThread "GC Thread#2" [stack: 0x0000001e30a00000,0x0000001e30b00000] [id=2956]
  0x00000181786eb0b0 GCTaskThread "GC Thread#3" [stack: 0x0000001e30b00000,0x0000001e30c00000] [id=13832]
  0x00000181782713e0 GCTaskThread "GC Thread#4" [stack: 0x0000001e30800000,0x0000001e30900000] [id=5452]
  0x000001817a4b39f0 GCTaskThread "GC Thread#5" [stack: 0x0000001e30e00000,0x0000001e30f00000] [id=10504]
  0x000001817aa12b70 GCTaskThread "GC Thread#6" [stack: 0x0000001e30f00000,0x0000001e31000000] [id=10496]
  0x000001817ad84ab0 GCTaskThread "GC Thread#7" [stack: 0x0000001e31000000,0x0000001e31100000] [id=12104]
  0x0000018157200420 ConcurrentGCThread "G1 Main Marker" [stack: 0x0000001e2f700000,0x0000001e2f800000] [id=14976]
  0x0000018157203390 ConcurrentGCThread "G1 Conc#0" [stack: 0x0000001e2f800000,0x0000001e2f900000] [id=12056]
  0x0000018178f93a00 ConcurrentGCThread "G1 Conc#1" [stack: 0x0000001e31900000,0x0000001e31a00000] [id=6840]
  0x000001815724b8b0 ConcurrentGCThread "G1 Refine#0" [stack: 0x0000001e2f900000,0x0000001e2fa00000] [id=10300]
  0x0000018101001440 ConcurrentGCThread "G1 Refine#1" [stack: 0x0000001e38000000,0x0000001e38100000] [id=15204]
  0x0000018101000ba0 ConcurrentGCThread "G1 Refine#2" [stack: 0x0000001e38100000,0x0000001e38200000] [id=644]
  0x0000018104d116d0 ConcurrentGCThread "G1 Refine#3" [stack: 0x0000001e32300000,0x0000001e32400000] [id=3644]
  0x0000018104d11110 ConcurrentGCThread "G1 Refine#4" [stack: 0x0000001e38200000,0x0000001e38300000] [id=14192]
  0x0000018104d12810 ConcurrentGCThread "G1 Refine#5" [stack: 0x0000001e38300000,0x0000001e38400000] [id=15088]
  0x0000018104d12dd0 ConcurrentGCThread "G1 Refine#6" [stack: 0x0000001e38400000,0x0000001e38500000] [id=884]
  0x0000018104d13670 ConcurrentGCThread "G1 Refine#7" [stack: 0x0000001e38500000,0x0000001e38600000] [id=12352]
  0x000001815724c080 ConcurrentGCThread "G1 Service" [stack: 0x0000001e2fa00000,0x0000001e2fb00000] [id=12264]

Threads with active compile tasks:
C2 CompilerThread0   555185 33982       4       com.android.tools.r8.internal.sK::put (261 bytes)
C1 CompilerThread0   555185 34247       2       com.android.tools.r8.internal.o7::a (170 bytes)
C2 CompilerThread1   555185 33752       4       com.android.tools.r8.ir.regalloc.b::a (269 bytes)

VM state: at safepoint (normal execution)

VM Mutex/Monitor currently owned by a thread:  ([mutex/lock_event])
[0x000001815505a940] Threads_lock - owner thread: 0x0000018176eb93f0
[0x000001815505b480] Heap_lock - owner thread: 0x000001817a758870

Heap address: 0x00000006e0000000, size: 4608 MB, Compressed Oops mode: Zero based, Oop shift amount: 3

CDS archive(s) not mapped
Compressed class space mapped at: 0x0000000800000000-0x0000000840000000, reserved size: 1073741824
Narrow klass base: 0x0000000800000000, Narrow klass shift: 0, Narrow klass range: 0x40000000

GC Precious Log:
 CPUs: 8 total, 8 available
 Memory: 6019M
 Large Page Support: Disabled
 NUMA Support: Disabled
 Compressed Oops: Enabled (Zero based)
 Heap Region Size: 4M
 Heap Min Capacity: 8M
 Heap Initial Capacity: 96M
 Heap Max Capacity: 4608M
 Pre-touch: Disabled
 Parallel Workers: 8
 Concurrent Workers: 2
 Concurrent Refinement Workers: 8
 Periodic GC: Disabled

Heap:
 garbage-first heap   total 860160K, used 638702K [0x00000006e0000000, 0x0000000800000000)
  region size 4096K, 4 young (16384K), 4 survivors (16384K)
 Metaspace       used 156428K, committed 158336K, reserved 1187840K
  class space    used 20738K, committed 21568K, reserved 1048576K

Heap Regions: E=young(eden), S=young(survivor), O=old, HS=humongous(starts), HC=humongous(continues), CS=collection set, F=free, OA=open archive, CA=closed archive, TAMS=top-at-mark-start (previous, next)
|   0|0x00000006e0000000, 0x00000006e0400000, 0x00000006e0400000|100%| O|  |TAMS 0x00000006e0400000, 0x00000006e0000000| Untracked 
|   1|0x00000006e0400000, 0x00000006e0800000, 0x00000006e0800000|100%|HS|  |TAMS 0x00000006e0800000, 0x00000006e0400000| Complete 
|   2|0x00000006e0800000, 0x00000006e0c00000, 0x00000006e0c00000|100%| O|  |TAMS 0x00000006e0c00000, 0x00000006e0800000| Untracked 
|   3|0x00000006e0c00000, 0x00000006e0fbba00, 0x00000006e1000000| 93%| O|  |TAMS 0x00000006e0fbba00, 0x00000006e0c00000| Untracked 
|   4|0x00000006e1000000, 0x00000006e1400000, 0x00000006e1400000|100%| O|  |TAMS 0x00000006e1400000, 0x00000006e1000000| Untracked 
|   5|0x00000006e1400000, 0x00000006e1800000, 0x00000006e1800000|100%| O|  |TAMS 0x00000006e1800000, 0x00000006e1400000| Untracked 
|   6|0x00000006e1800000, 0x00000006e1c00000, 0x00000006e1c00000|100%| O|  |TAMS 0x00000006e1c00000, 0x00000006e1800000| Untracked 
|   7|0x00000006e1c00000, 0x00000006e2000000, 0x00000006e2000000|100%| O|  |TAMS 0x00000006e2000000, 0x00000006e1c00000| Untracked 
|   8|0x00000006e2000000, 0x00000006e2400000, 0x00000006e2400000|100%| O|  |TAMS 0x00000006e2400000, 0x00000006e2000000| Untracked 
|   9|0x00000006e2400000, 0x00000006e2800000, 0x00000006e2800000|100%| O|  |TAMS 0x00000006e2800000, 0x00000006e2400000| Untracked 
|  10|0x00000006e2800000, 0x00000006e2c00000, 0x00000006e2c00000|100%|HS|  |TAMS 0x00000006e2c00000, 0x00000006e2800000| Complete 
|  11|0x00000006e2c00000, 0x00000006e3000000, 0x00000006e3000000|100%| O|  |TAMS 0x00000006e3000000, 0x00000006e2c00000| Untracked 
|  12|0x00000006e3000000, 0x00000006e3400000, 0x00000006e3400000|100%| O|  |TAMS 0x00000006e3400000, 0x00000006e3000000| Untracked 
|  13|0x00000006e3400000, 0x00000006e3800000, 0x00000006e3800000|100%| O|  |TAMS 0x00000006e3800000, 0x00000006e3400000| Untracked 
|  14|0x00000006e3800000, 0x00000006e3c00000, 0x00000006e3c00000|100%| O|  |TAMS 0x00000006e3c00000, 0x00000006e3800000| Untracked 
|  15|0x00000006e3c00000, 0x00000006e4000000, 0x00000006e4000000|100%| O|  |TAMS 0x00000006e4000000, 0x00000006e3c00000| Untracked 
|  16|0x00000006e4000000, 0x00000006e4400000, 0x00000006e4400000|100%| O|  |TAMS 0x00000006e4400000, 0x00000006e4000000| Untracked 
|  17|0x00000006e4400000, 0x00000006e4800000, 0x00000006e4800000|100%| O|  |TAMS 0x00000006e4400000, 0x00000006e4400000| Untracked 
|  18|0x00000006e4800000, 0x00000006e4c00000, 0x00000006e4c00000|100%| O|  |TAMS 0x00000006e4c00000, 0x00000006e4800000| Untracked 
|  19|0x00000006e4c00000, 0x00000006e5000000, 0x00000006e5000000|100%| O|  |TAMS 0x00000006e5000000, 0x00000006e4c00000| Untracked 
|  20|0x00000006e5000000, 0x00000006e5400000, 0x00000006e5400000|100%| O|  |TAMS 0x00000006e5400000, 0x00000006e5000000| Untracked 
|  21|0x00000006e5400000, 0x00000006e5800000, 0x00000006e5800000|100%| O|  |TAMS 0x00000006e5800000, 0x00000006e5400000| Untracked 
|  22|0x00000006e5800000, 0x00000006e5c00000, 0x00000006e5c00000|100%| O|  |TAMS 0x00000006e5800000, 0x00000006e5800000| Untracked 
|  23|0x00000006e5c00000, 0x00000006e6000000, 0x00000006e6000000|100%| O|  |TAMS 0x00000006e5c00000, 0x00000006e5c00000| Untracked 
|  24|0x00000006e6000000, 0x00000006e6400000, 0x00000006e6400000|100%| O|  |TAMS 0x00000006e6400000, 0x00000006e6000000| Untracked 
|  25|0x00000006e6400000, 0x00000006e6800000, 0x00000006e6800000|100%| O|  |TAMS 0x00000006e6800000, 0x00000006e6400000| Untracked 
|  26|0x00000006e6800000, 0x00000006e6c00000, 0x00000006e6c00000|100%| O|  |TAMS 0x00000006e6800000, 0x00000006e6800000| Untracked 
|  27|0x00000006e6c00000, 0x00000006e7000000, 0x00000006e7000000|100%| O|  |TAMS 0x00000006e6c00000, 0x00000006e6c00000| Untracked 
|  28|0x00000006e7000000, 0x00000006e7400000, 0x00000006e7400000|100%| O|  |TAMS 0x00000006e7000000, 0x00000006e7000000| Untracked 
|  29|0x00000006e7400000, 0x00000006e7800000, 0x00000006e7800000|100%| O|  |TAMS 0x00000006e7400000, 0x00000006e7400000| Untracked 
|  30|0x00000006e7800000, 0x00000006e7c00000, 0x00000006e7c00000|100%| O|  |TAMS 0x00000006e7800000, 0x00000006e7800000| Untracked 
|  31|0x00000006e7c00000, 0x00000006e8000000, 0x00000006e8000000|100%| O|  |TAMS 0x00000006e7c00000, 0x00000006e7c00000| Untracked 
|  32|0x00000006e8000000, 0x00000006e8400000, 0x00000006e8400000|100%| O|  |TAMS 0x00000006e8000000, 0x00000006e8000000| Untracked 
|  33|0x00000006e8400000, 0x00000006e8800000, 0x00000006e8800000|100%| O|  |TAMS 0x00000006e8400000, 0x00000006e8400000| Untracked 
|  34|0x00000006e8800000, 0x00000006e8c00000, 0x00000006e8c00000|100%| O|  |TAMS 0x00000006e8800000, 0x00000006e8800000| Untracked 
|  35|0x00000006e8c00000, 0x00000006e9000000, 0x00000006e9000000|100%| O|  |TAMS 0x00000006e9000000, 0x00000006e8c00000| Untracked 
|  36|0x00000006e9000000, 0x00000006e9400000, 0x00000006e9400000|100%| O|  |TAMS 0x00000006e9000000, 0x00000006e9000000| Untracked 
|  37|0x00000006e9400000, 0x00000006e9800000, 0x00000006e9800000|100%| O|  |TAMS 0x00000006e9400000, 0x00000006e9400000| Untracked 
|  38|0x00000006e9800000, 0x00000006e9c00000, 0x00000006e9c00000|100%| O|  |TAMS 0x00000006e9800000, 0x00000006e9800000| Untracked 
|  39|0x00000006e9c00000, 0x00000006ea000000, 0x00000006ea000000|100%| O|  |TAMS 0x00000006e9c00000, 0x00000006e9c00000| Untracked 
|  40|0x00000006ea000000, 0x00000006ea400000, 0x00000006ea400000|100%| O|  |TAMS 0x00000006ea400000, 0x00000006ea000000| Untracked 
|  41|0x00000006ea400000, 0x00000006ea800000, 0x00000006ea800000|100%| O|  |TAMS 0x00000006ea800000, 0x00000006ea400000| Untracked 
|  42|0x00000006ea800000, 0x00000006eac00000, 0x00000006eac00000|100%| O|  |TAMS 0x00000006eac00000, 0x00000006ea800000| Untracked 
|  43|0x00000006eac00000, 0x00000006eb000000, 0x00000006eb000000|100%| O|  |TAMS 0x00000006eb000000, 0x00000006eac00000| Untracked 
|  44|0x00000006eb000000, 0x00000006eb400000, 0x00000006eb400000|100%| O|  |TAMS 0x00000006eb400000, 0x00000006eb000000| Untracked 
|  45|0x00000006eb400000, 0x00000006eb800000, 0x00000006eb800000|100%| O|  |TAMS 0x00000006eb800000, 0x00000006eb400000| Untracked 
|  46|0x00000006eb800000, 0x00000006ebc00000, 0x00000006ebc00000|100%| O|  |TAMS 0x00000006ebc00000, 0x00000006eb800000| Untracked 
|  47|0x00000006ebc00000, 0x00000006ec000000, 0x00000006ec000000|100%| O|  |TAMS 0x00000006ebc00000, 0x00000006ebc00000| Untracked 
|  48|0x00000006ec000000, 0x00000006ec400000, 0x00000006ec400000|100%| O|  |TAMS 0x00000006ec400000, 0x00000006ec000000| Untracked 
|  49|0x00000006ec400000, 0x00000006ec800000, 0x00000006ec800000|100%|HS|  |TAMS 0x00000006ec400000, 0x00000006ec400000| Complete 
|  50|0x00000006ec800000, 0x00000006ecc00000, 0x00000006ecc00000|100%|HS|  |TAMS 0x00000006ec800000, 0x00000006ec800000| Complete 
|  51|0x00000006ecc00000, 0x00000006ed000000, 0x00000006ed000000|100%| O|  |TAMS 0x00000006ecc00000, 0x00000006ecc00000| Untracked 
|  52|0x00000006ed000000, 0x00000006ed400000, 0x00000006ed400000|100%| O|  |TAMS 0x00000006ed000000, 0x00000006ed000000| Untracked 
|  53|0x00000006ed400000, 0x00000006ed800000, 0x00000006ed800000|100%| O|  |TAMS 0x00000006ed400000, 0x00000006ed400000| Untracked 
|  54|0x00000006ed800000, 0x00000006edc00000, 0x00000006edc00000|100%| O|  |TAMS 0x00000006ed800000, 0x00000006ed800000| Untracked 
|  55|0x00000006edc00000, 0x00000006ee000000, 0x00000006ee000000|100%| O|  |TAMS 0x00000006edc00000, 0x00000006edc00000| Untracked 
|  56|0x00000006ee000000, 0x00000006ee400000, 0x00000006ee400000|100%| O|  |TAMS 0x00000006ee000000, 0x00000006ee000000| Untracked 
|  57|0x00000006ee400000, 0x00000006ee800000, 0x00000006ee800000|100%|HS|  |TAMS 0x00000006ee400000, 0x00000006ee400000| Complete 
|  58|0x00000006ee800000, 0x00000006eec00000, 0x00000006eec00000|100%| O|  |TAMS 0x00000006ee800000, 0x00000006ee800000| Untracked 
|  59|0x00000006eec00000, 0x00000006ef000000, 0x00000006ef000000|100%|HS|  |TAMS 0x00000006eec00000, 0x00000006eec00000| Complete 
|  60|0x00000006ef000000, 0x00000006ef400000, 0x00000006ef400000|100%| O|  |TAMS 0x00000006ef000000, 0x00000006ef000000| Untracked 
|  61|0x00000006ef400000, 0x00000006ef800000, 0x00000006ef800000|100%| O|  |TAMS 0x00000006ef400000, 0x00000006ef400000| Untracked 
|  62|0x00000006ef800000, 0x00000006efc00000, 0x00000006efc00000|100%| O|  |TAMS 0x00000006ef800000, 0x00000006ef800000| Untracked 
|  63|0x00000006efc00000, 0x00000006f0000000, 0x00000006f0000000|100%| O|  |TAMS 0x00000006efc00000, 0x00000006efc00000| Untracked 
|  64|0x00000006f0000000, 0x00000006f0400000, 0x00000006f0400000|100%| O|  |TAMS 0x00000006f0000000, 0x00000006f0000000| Untracked 
|  65|0x00000006f0400000, 0x00000006f0800000, 0x00000006f0800000|100%| O|  |TAMS 0x00000006f0400000, 0x00000006f0400000| Untracked 
|  66|0x00000006f0800000, 0x00000006f0c00000, 0x00000006f0c00000|100%| O|  |TAMS 0x00000006f0800000, 0x00000006f0800000| Untracked 
|  67|0x00000006f0c00000, 0x00000006f1000000, 0x00000006f1000000|100%| O|  |TAMS 0x00000006f0c00000, 0x00000006f0c00000| Untracked 
|  68|0x00000006f1000000, 0x00000006f1400000, 0x00000006f1400000|100%| O|  |TAMS 0x00000006f1000000, 0x00000006f1000000| Untracked 
|  69|0x00000006f1400000, 0x00000006f1800000, 0x00000006f1800000|100%| O|  |TAMS 0x00000006f1800000, 0x00000006f1400000| Untracked 
|  70|0x00000006f1800000, 0x00000006f1c00000, 0x00000006f1c00000|100%| O|  |TAMS 0x00000006f1800000, 0x00000006f1800000| Untracked 
|  71|0x00000006f1c00000, 0x00000006f2000000, 0x00000006f2000000|100%| O|  |TAMS 0x00000006f2000000, 0x00000006f1c00000| Untracked 
|  72|0x00000006f2000000, 0x00000006f2400000, 0x00000006f2400000|100%| O|  |TAMS 0x00000006f2000000, 0x00000006f2000000| Untracked 
|  73|0x00000006f2400000, 0x00000006f2800000, 0x00000006f2800000|100%| O|  |TAMS 0x00000006f2800000, 0x00000006f2400000| Untracked 
|  74|0x00000006f2800000, 0x00000006f2c00000, 0x00000006f2c00000|100%| O|  |TAMS 0x00000006f2c00000, 0x00000006f2800000| Untracked 
|  75|0x00000006f2c00000, 0x00000006f3000000, 0x00000006f3000000|100%| O|  |TAMS 0x00000006f3000000, 0x00000006f2c00000| Untracked 
|  76|0x00000006f3000000, 0x00000006f3400000, 0x00000006f3400000|100%| O|  |TAMS 0x00000006f3400000, 0x00000006f3000000| Untracked 
|  77|0x00000006f3400000, 0x00000006f3800000, 0x00000006f3800000|100%| O|  |TAMS 0x00000006f3800000, 0x00000006f3400000| Untracked 
|  78|0x00000006f3800000, 0x00000006f3c00000, 0x00000006f3c00000|100%| O|  |TAMS 0x00000006f3c00000, 0x00000006f3800000| Untracked 
|  79|0x00000006f3c00000, 0x00000006f4000000, 0x00000006f4000000|100%| O|  |TAMS 0x00000006f4000000, 0x00000006f3c00000| Untracked 
|  80|0x00000006f4000000, 0x00000006f4400000, 0x00000006f4400000|100%| O|  |TAMS 0x00000006f4400000, 0x00000006f4000000| Untracked 
|  81|0x00000006f4400000, 0x00000006f4800000, 0x00000006f4800000|100%| O|  |TAMS 0x00000006f4800000, 0x00000006f4400000| Untracked 
|  82|0x00000006f4800000, 0x00000006f4c00000, 0x00000006f4c00000|100%| O|  |TAMS 0x00000006f4c00000, 0x00000006f4800000| Untracked 
|  83|0x00000006f4c00000, 0x00000006f5000000, 0x00000006f5000000|100%| O|  |TAMS 0x00000006f5000000, 0x00000006f4c00000| Untracked 
|  84|0x00000006f5000000, 0x00000006f5400000, 0x00000006f5400000|100%| O|  |TAMS 0x00000006f5000000, 0x00000006f5000000| Untracked 
|  85|0x00000006f5400000, 0x00000006f5800000, 0x00000006f5800000|100%| O|  |TAMS 0x00000006f5800000, 0x00000006f5400000| Untracked 
|  86|0x00000006f5800000, 0x00000006f5c00000, 0x00000006f5c00000|100%| O|  |TAMS 0x00000006f5c00000, 0x00000006f5800000| Untracked 
|  87|0x00000006f5c00000, 0x00000006f6000000, 0x00000006f6000000|100%| O|  |TAMS 0x00000006f6000000, 0x00000006f5c00000| Untracked 
|  88|0x00000006f6000000, 0x00000006f6400000, 0x00000006f6400000|100%| O|  |TAMS 0x00000006f6400000, 0x00000006f6000000| Untracked 
|  89|0x00000006f6400000, 0x00000006f6800000, 0x00000006f6800000|100%| O|  |TAMS 0x00000006f6800000, 0x00000006f6400000| Untracked 
|  90|0x00000006f6800000, 0x00000006f6c00000, 0x00000006f6c00000|100%|HS|  |TAMS 0x00000006f6800000, 0x00000006f6800000| Complete 
|  91|0x00000006f6c00000, 0x00000006f7000000, 0x00000006f7000000|100%|HC|  |TAMS 0x00000006f6c00000, 0x00000006f6c00000| Complete 
|  92|0x00000006f7000000, 0x00000006f7400000, 0x00000006f7400000|100%|HC|  |TAMS 0x00000006f7000000, 0x00000006f7000000| Complete 
|  93|0x00000006f7400000, 0x00000006f7800000, 0x00000006f7800000|100%|HC|  |TAMS 0x00000006f7400000, 0x00000006f7400000| Complete 
|  94|0x00000006f7800000, 0x00000006f7c00000, 0x00000006f7c00000|100%|HC|  |TAMS 0x00000006f7800000, 0x00000006f7800000| Complete 
|  95|0x00000006f7c00000, 0x00000006f8000000, 0x00000006f8000000|100%|HC|  |TAMS 0x00000006f7c00000, 0x00000006f7c00000| Complete 
|  96|0x00000006f8000000, 0x00000006f8400000, 0x00000006f8400000|100%|HC|  |TAMS 0x00000006f8000000, 0x00000006f8000000| Complete 
|  97|0x00000006f8400000, 0x00000006f8800000, 0x00000006f8800000|100%|HC|  |TAMS 0x00000006f8400000, 0x00000006f8400000| Complete 
|  98|0x00000006f8800000, 0x00000006f8c00000, 0x00000006f8c00000|100%|HC|  |TAMS 0x00000006f8800000, 0x00000006f8800000| Complete 
|  99|0x00000006f8c00000, 0x00000006f9000000, 0x00000006f9000000|100%|HC|  |TAMS 0x00000006f8c00000, 0x00000006f8c00000| Complete 
| 100|0x00000006f9000000, 0x00000006f9400000, 0x00000006f9400000|100%|HC|  |TAMS 0x00000006f9000000, 0x00000006f9000000| Complete 
| 101|0x00000006f9400000, 0x00000006f9800000, 0x00000006f9800000|100%|HC|  |TAMS 0x00000006f9400000, 0x00000006f9400000| Complete 
| 102|0x00000006f9800000, 0x00000006f9c00000, 0x00000006f9c00000|100%|HC|  |TAMS 0x00000006f9800000, 0x00000006f9800000| Complete 
| 103|0x00000006f9c00000, 0x00000006fa000000, 0x00000006fa000000|100%|HC|  |TAMS 0x00000006f9c00000, 0x00000006f9c00000| Complete 
| 104|0x00000006fa000000, 0x00000006fa400000, 0x00000006fa400000|100%|HC|  |TAMS 0x00000006fa000000, 0x00000006fa000000| Complete 
| 105|0x00000006fa400000, 0x00000006fa800000, 0x00000006fa800000|100%|HC|  |TAMS 0x00000006fa400000, 0x00000006fa400000| Complete 
| 106|0x00000006fa800000, 0x00000006fac00000, 0x00000006fac00000|100%|HC|  |TAMS 0x00000006fa800000, 0x00000006fa800000| Complete 
| 107|0x00000006fac00000, 0x00000006fb000000, 0x00000006fb000000|100%|HC|  |TAMS 0x00000006fac00000, 0x00000006fac00000| Complete 
| 108|0x00000006fb000000, 0x00000006fb400000, 0x00000006fb400000|100%|HC|  |TAMS 0x00000006fb000000, 0x00000006fb000000| Complete 
| 109|0x00000006fb400000, 0x00000006fb800000, 0x00000006fb800000|100%|HC|  |TAMS 0x00000006fb400000, 0x00000006fb400000| Complete 
| 110|0x00000006fb800000, 0x00000006fbc00000, 0x00000006fbc00000|100%| O|  |TAMS 0x00000006fbc00000, 0x00000006fb800000| Untracked 
| 111|0x00000006fbc00000, 0x00000006fc000000, 0x00000006fc000000|100%| O|  |TAMS 0x00000006fc000000, 0x00000006fbc00000| Untracked 
| 112|0x00000006fc000000, 0x00000006fc400000, 0x00000006fc400000|100%| O|  |TAMS 0x00000006fc400000, 0x00000006fc000000| Untracked 
| 113|0x00000006fc400000, 0x00000006fc800000, 0x00000006fc800000|100%| O|  |TAMS 0x00000006fc800000, 0x00000006fc400000| Untracked 
| 114|0x00000006fc800000, 0x00000006fcc00000, 0x00000006fcc00000|100%| O|  |TAMS 0x00000006fcc00000, 0x00000006fc800000| Untracked 
| 115|0x00000006fcc00000, 0x00000006fd000000, 0x00000006fd000000|100%| O|  |TAMS 0x00000006fd000000, 0x00000006fcc00000| Untracked 
| 116|0x00000006fd000000, 0x00000006fd400000, 0x00000006fd400000|100%| O|  |TAMS 0x00000006fd2b0800, 0x00000006fd000000| Untracked 
| 117|0x00000006fd400000, 0x00000006fd800000, 0x00000006fd800000|100%| O|  |TAMS 0x00000006fd400000, 0x00000006fd400000| Untracked 
| 118|0x00000006fd800000, 0x00000006fdc00000, 0x00000006fdc00000|100%| O|  |TAMS 0x00000006fd800000, 0x00000006fd800000| Untracked 
| 119|0x00000006fdc00000, 0x00000006fe000000, 0x00000006fe000000|100%| O|  |TAMS 0x00000006fdc00000, 0x00000006fdc00000| Untracked 
| 120|0x00000006fe000000, 0x00000006fe400000, 0x00000006fe400000|100%| O|  |TAMS 0x00000006fe000000, 0x00000006fe000000| Untracked 
| 121|0x00000006fe400000, 0x00000006fe800000, 0x00000006fe800000|100%| O|  |TAMS 0x00000006fe400000, 0x00000006fe400000| Untracked 
| 122|0x00000006fe800000, 0x00000006fec00000, 0x00000006fec00000|100%| O|  |TAMS 0x00000006fe800000, 0x00000006fe800000| Untracked 
| 123|0x00000006fec00000, 0x00000006ff000000, 0x00000006ff000000|100%|HS|  |TAMS 0x00000006fec00000, 0x00000006fec00000| Complete 
| 124|0x00000006ff000000, 0x00000006ff400000, 0x00000006ff400000|100%|HC|  |TAMS 0x00000006ff000000, 0x00000006ff000000| Complete 
| 125|0x00000006ff400000, 0x00000006ff800000, 0x00000006ff800000|100%|HC|  |TAMS 0x00000006ff400000, 0x00000006ff400000| Complete 
| 126|0x00000006ff800000, 0x00000006ffc00000, 0x00000006ffc00000|100%|HC|  |TAMS 0x00000006ff800000, 0x00000006ff800000| Complete 
| 127|0x00000006ffc00000, 0x0000000700000000, 0x0000000700000000|100%|HC|  |TAMS 0x00000006ffc00000, 0x00000006ffc00000| Complete 
| 128|0x0000000700000000, 0x0000000700400000, 0x0000000700400000|100%|HC|  |TAMS 0x0000000700000000, 0x0000000700000000| Complete 
| 129|0x0000000700400000, 0x0000000700800000, 0x0000000700800000|100%|HC|  |TAMS 0x0000000700400000, 0x0000000700400000| Complete 
| 130|0x0000000700800000, 0x0000000700c00000, 0x0000000700c00000|100%|HC|  |TAMS 0x0000000700800000, 0x0000000700800000| Complete 
| 131|0x0000000700c00000, 0x0000000701000000, 0x0000000701000000|100%|HC|  |TAMS 0x0000000700c00000, 0x0000000700c00000| Complete 
| 132|0x0000000701000000, 0x0000000701400000, 0x0000000701400000|100%|HC|  |TAMS 0x0000000701000000, 0x0000000701000000| Complete 
| 133|0x0000000701400000, 0x0000000701800000, 0x0000000701800000|100%|HC|  |TAMS 0x0000000701400000, 0x0000000701400000| Complete 
| 134|0x0000000701800000, 0x0000000701c00000, 0x0000000701c00000|100%|HC|  |TAMS 0x0000000701800000, 0x0000000701800000| Complete 
| 135|0x0000000701c00000, 0x0000000702000000, 0x0000000702000000|100%|HC|  |TAMS 0x0000000701c00000, 0x0000000701c00000| Complete 
| 136|0x0000000702000000, 0x0000000702400000, 0x0000000702400000|100%|HC|  |TAMS 0x0000000702000000, 0x0000000702000000| Complete 
| 137|0x0000000702400000, 0x0000000702800000, 0x0000000702800000|100%|HC|  |TAMS 0x0000000702400000, 0x0000000702400000| Complete 
| 138|0x0000000702800000, 0x0000000702c00000, 0x0000000702c00000|100%|HC|  |TAMS 0x0000000702800000, 0x0000000702800000| Complete 
| 139|0x0000000702c00000, 0x0000000703000000, 0x0000000703000000|100%|HC|  |TAMS 0x0000000702c00000, 0x0000000702c00000| Complete 
| 140|0x0000000703000000, 0x0000000703400000, 0x0000000703400000|100%|HC|  |TAMS 0x0000000703000000, 0x0000000703000000| Complete 
| 141|0x0000000703400000, 0x0000000703800000, 0x0000000703800000|100%|HC|  |TAMS 0x0000000703400000, 0x0000000703400000| Complete 
| 142|0x0000000703800000, 0x0000000703c00000, 0x0000000703c00000|100%|HC|  |TAMS 0x0000000703800000, 0x0000000703800000| Complete 
| 143|0x0000000703c00000, 0x0000000704000000, 0x0000000704000000|100%| O|  |TAMS 0x0000000703c00000, 0x0000000703c00000| Untracked 
| 144|0x0000000704000000, 0x0000000704400000, 0x0000000704400000|100%| O|  |TAMS 0x0000000704000000, 0x0000000704000000| Untracked 
| 145|0x0000000704400000, 0x0000000704800000, 0x0000000704800000|100%| O|  |TAMS 0x0000000704400000, 0x0000000704400000| Untracked 
| 146|0x0000000704800000, 0x0000000704c00000, 0x0000000704c00000|100%| O|  |TAMS 0x0000000704800000, 0x0000000704800000| Untracked 
| 147|0x0000000704c00000, 0x0000000705000000, 0x0000000705000000|100%| O|  |TAMS 0x0000000704c00000, 0x0000000704c00000| Untracked 
| 148|0x0000000705000000, 0x0000000705400000, 0x0000000705400000|100%| O|  |TAMS 0x0000000705000000, 0x0000000705000000| Untracked 
| 149|0x0000000705400000, 0x0000000705800000, 0x0000000705800000|100%| O|  |TAMS 0x0000000705400000, 0x0000000705400000| Untracked 
| 150|0x0000000705800000, 0x0000000705c00000, 0x0000000705c00000|100%| O|  |TAMS 0x0000000705800000, 0x0000000705800000| Untracked 
| 151|0x0000000705c00000, 0x0000000706000000, 0x0000000706000000|100%| O|  |TAMS 0x0000000705c00000, 0x0000000705c00000| Untracked 
| 152|0x0000000706000000, 0x0000000706000000, 0x0000000706400000|  0%| F|  |TAMS 0x0000000706000000, 0x0000000706000000| Untracked 
| 153|0x0000000706400000, 0x0000000706400000, 0x0000000706800000|  0%| F|  |TAMS 0x0000000706400000, 0x0000000706400000| Untracked 
| 154|0x0000000706800000, 0x0000000706800000, 0x0000000706c00000|  0%| F|  |TAMS 0x0000000706800000, 0x0000000706800000| Untracked 
| 155|0x0000000706c00000, 0x0000000706c00000, 0x0000000707000000|  0%| F|  |TAMS 0x0000000706c00000, 0x0000000706c00000| Untracked 
| 156|0x0000000707000000, 0x0000000707000000, 0x0000000707400000|  0%| F|  |TAMS 0x0000000707000000, 0x0000000707000000| Untracked 
| 157|0x0000000707400000, 0x0000000707400000, 0x0000000707800000|  0%| F|  |TAMS 0x0000000707400000, 0x0000000707400000| Untracked 
| 158|0x0000000707800000, 0x0000000707800000, 0x0000000707c00000|  0%| F|  |TAMS 0x0000000707800000, 0x0000000707800000| Untracked 
| 159|0x0000000707c00000, 0x0000000707c00000, 0x0000000708000000|  0%| F|  |TAMS 0x0000000707c00000, 0x0000000707c00000| Untracked 
| 160|0x0000000708000000, 0x0000000708000000, 0x0000000708400000|  0%| F|  |TAMS 0x0000000708000000, 0x0000000708000000| Untracked 
| 161|0x0000000708400000, 0x0000000708400000, 0x0000000708800000|  0%| F|  |TAMS 0x0000000708400000, 0x0000000708400000| Untracked 
| 162|0x0000000708800000, 0x0000000708800000, 0x0000000708c00000|  0%| F|  |TAMS 0x0000000708800000, 0x0000000708800000| Untracked 
| 163|0x0000000708c00000, 0x0000000708c00000, 0x0000000709000000|  0%| F|  |TAMS 0x0000000708c00000, 0x0000000708c00000| Untracked 
| 164|0x0000000709000000, 0x0000000709000000, 0x0000000709400000|  0%| F|  |TAMS 0x0000000709000000, 0x0000000709000000| Untracked 
| 165|0x0000000709400000, 0x0000000709400000, 0x0000000709800000|  0%| F|  |TAMS 0x0000000709400000, 0x0000000709400000| Untracked 
| 166|0x0000000709800000, 0x0000000709800000, 0x0000000709c00000|  0%| F|  |TAMS 0x0000000709800000, 0x0000000709800000| Untracked 
| 167|0x0000000709c00000, 0x0000000709c00000, 0x000000070a000000|  0%| F|  |TAMS 0x0000000709c00000, 0x0000000709c00000| Untracked 
| 168|0x000000070a000000, 0x000000070a000000, 0x000000070a400000|  0%| F|  |TAMS 0x000000070a000000, 0x000000070a000000| Untracked 
| 169|0x000000070a400000, 0x000000070a400000, 0x000000070a800000|  0%| F|  |TAMS 0x000000070a400000, 0x000000070a400000| Untracked 
| 170|0x000000070a800000, 0x000000070a800000, 0x000000070ac00000|  0%| F|  |TAMS 0x000000070a800000, 0x000000070a800000| Untracked 
| 171|0x000000070ac00000, 0x000000070ac00000, 0x000000070b000000|  0%| F|  |TAMS 0x000000070ac00000, 0x000000070ac00000| Untracked 
| 172|0x000000070b000000, 0x000000070b000000, 0x000000070b400000|  0%| F|  |TAMS 0x000000070b000000, 0x000000070b000000| Untracked 
| 173|0x000000070b400000, 0x000000070b400000, 0x000000070b800000|  0%| F|  |TAMS 0x000000070b400000, 0x000000070b400000| Untracked 
| 174|0x000000070b800000, 0x000000070b800000, 0x000000070bc00000|  0%| F|  |TAMS 0x000000070b800000, 0x000000070b800000| Untracked 
| 175|0x000000070bc00000, 0x000000070bc00000, 0x000000070c000000|  0%| F|  |TAMS 0x000000070bc00000, 0x000000070bc00000| Untracked 
| 176|0x000000070c000000, 0x000000070c000000, 0x000000070c400000|  0%| F|  |TAMS 0x000000070c000000, 0x000000070c000000| Untracked 
| 177|0x000000070c400000, 0x000000070c400000, 0x000000070c800000|  0%| F|  |TAMS 0x000000070c400000, 0x000000070c400000| Untracked 
| 178|0x000000070c800000, 0x000000070c800000, 0x000000070cc00000|  0%| F|  |TAMS 0x000000070c800000, 0x000000070c800000| Untracked 
| 179|0x000000070cc00000, 0x000000070cc00000, 0x000000070d000000|  0%| F|  |TAMS 0x000000070cc00000, 0x000000070cc00000| Untracked 
| 180|0x000000070d000000, 0x000000070d000000, 0x000000070d400000|  0%| F|  |TAMS 0x000000070d000000, 0x000000070d000000| Untracked 
| 181|0x000000070d400000, 0x000000070d800000, 0x000000070d800000|100%| S|CS|TAMS 0x000000070d400000, 0x000000070d400000| Complete 
| 182|0x000000070d800000, 0x000000070dc00000, 0x000000070dc00000|100%| S|CS|TAMS 0x000000070d800000, 0x000000070d800000| Complete 
| 183|0x000000070dc00000, 0x000000070e000000, 0x000000070e000000|100%| S|CS|TAMS 0x000000070dc00000, 0x000000070dc00000| Complete 
| 184|0x000000070e000000, 0x000000070e400000, 0x000000070e400000|100%| S|CS|TAMS 0x000000070e000000, 0x000000070e000000| Complete 
| 185|0x000000070e400000, 0x000000070e400000, 0x000000070e800000|  0%| F|  |TAMS 0x000000070e400000, 0x000000070e400000| Untracked 
| 186|0x000000070e800000, 0x000000070e800000, 0x000000070ec00000|  0%| F|  |TAMS 0x000000070e800000, 0x000000070e800000| Untracked 
| 187|0x000000070ec00000, 0x000000070ec00000, 0x000000070f000000|  0%| F|  |TAMS 0x000000070ec00000, 0x000000070ec00000| Untracked 
| 188|0x000000070f000000, 0x000000070f000000, 0x000000070f400000|  0%| F|  |TAMS 0x000000070f000000, 0x000000070f000000| Untracked 
| 189|0x000000070f400000, 0x000000070f400000, 0x000000070f800000|  0%| F|  |TAMS 0x000000070f400000, 0x000000070f400000| Untracked 
| 190|0x000000070f800000, 0x000000070f800000, 0x000000070fc00000|  0%| F|  |TAMS 0x000000070f800000, 0x000000070f800000| Untracked 
| 191|0x000000070fc00000, 0x000000070fc00000, 0x0000000710000000|  0%| F|  |TAMS 0x000000070fc00000, 0x000000070fc00000| Untracked 
| 192|0x0000000710000000, 0x0000000710000000, 0x0000000710400000|  0%| F|  |TAMS 0x0000000710000000, 0x0000000710000000| Untracked 
| 193|0x0000000710400000, 0x0000000710400000, 0x0000000710800000|  0%| F|  |TAMS 0x0000000710400000, 0x0000000710400000| Untracked 
| 194|0x0000000710800000, 0x0000000710800000, 0x0000000710c00000|  0%| F|  |TAMS 0x0000000710800000, 0x0000000710800000| Untracked 
| 195|0x0000000710c00000, 0x0000000710c00000, 0x0000000711000000|  0%| F|  |TAMS 0x0000000710c00000, 0x0000000710c00000| Untracked 
| 196|0x0000000711000000, 0x0000000711000000, 0x0000000711400000|  0%| F|  |TAMS 0x0000000711000000, 0x0000000711000000| Untracked 
| 197|0x0000000711400000, 0x0000000711400000, 0x0000000711800000|  0%| F|  |TAMS 0x0000000711400000, 0x0000000711400000| Untracked 
| 198|0x0000000711800000, 0x0000000711800000, 0x0000000711c00000|  0%| F|  |TAMS 0x0000000711800000, 0x0000000711800000| Untracked 
| 199|0x0000000711c00000, 0x0000000711c00000, 0x0000000712000000|  0%| F|  |TAMS 0x0000000711c00000, 0x0000000711c00000| Untracked 
| 200|0x0000000712000000, 0x0000000712000000, 0x0000000712400000|  0%| F|  |TAMS 0x0000000712000000, 0x0000000712000000| Untracked 
| 201|0x0000000712400000, 0x0000000712400000, 0x0000000712800000|  0%| F|  |TAMS 0x0000000712400000, 0x0000000712400000| Untracked 
| 202|0x0000000712800000, 0x0000000712800000, 0x0000000712c00000|  0%| F|  |TAMS 0x0000000712800000, 0x0000000712800000| Untracked 
| 203|0x0000000712c00000, 0x0000000712c00000, 0x0000000713000000|  0%| F|  |TAMS 0x0000000712c00000, 0x0000000712c00000| Untracked 
| 204|0x0000000713000000, 0x0000000713000000, 0x0000000713400000|  0%| F|  |TAMS 0x0000000713000000, 0x0000000713000000| Untracked 
| 205|0x0000000713400000, 0x0000000713400000, 0x0000000713800000|  0%| F|  |TAMS 0x0000000713400000, 0x0000000713400000| Untracked 
| 206|0x0000000713800000, 0x0000000713800000, 0x0000000713c00000|  0%| F|  |TAMS 0x0000000713800000, 0x0000000713800000| Untracked 
| 207|0x0000000713c00000, 0x0000000713c00000, 0x0000000714000000|  0%| F|  |TAMS 0x0000000713c00000, 0x0000000713c00000| Untracked 
| 208|0x0000000714000000, 0x0000000714000000, 0x0000000714400000|  0%| F|  |TAMS 0x0000000714000000, 0x0000000714000000| Untracked 
| 209|0x0000000714400000, 0x0000000714400000, 0x0000000714800000|  0%| F|  |TAMS 0x0000000714400000, 0x0000000714400000| Untracked 

Card table byte_map: [0x000001816a280000,0x000001816ab80000] _byte_map_base: 0x0000018166b80000

Marking Bits (Prev, Next): (CMBitMap*) 0x00000181571f6b30, (CMBitMap*) 0x00000181571f6af0
 Prev Bits: [0x000001816fc80000, 0x0000018174480000)
 Next Bits: [0x000001816b480000, 0x000001816fc80000)

Polling page: 0x0000018155180000

Metaspace:

Usage:
  Non-class:    132.51 MB used.
      Class:     20.25 MB used.
       Both:    152.76 MB used.

Virtual space:
  Non-class space:      136.00 MB reserved,     133.56 MB ( 98%) committed,  17 nodes.
      Class space:        1.00 GB reserved,      21.06 MB (  2%) committed,  1 nodes.
             Both:        1.13 GB reserved,     154.62 MB ( 13%) committed. 

Chunk freelists:
   Non-Class:  2.36 MB
       Class:  2.83 MB
        Both:  5.19 MB

MaxMetaspaceSize: unlimited
CompressedClassSpaceSize: 1.00 GB
Initial GC threshold: 21.00 MB
Current GC threshold: 231.81 MB
CDS: off
MetaspaceReclaimPolicy: balanced
 - commit_granule_bytes: 65536.
 - commit_granule_words: 8192.
 - virtual_space_node_default_size: 1048576.
 - enlarge_chunks_in_place: 1.
 - new_chunks_are_fully_committed: 0.
 - uncommit_free_chunks: 1.
 - use_allocation_guard: 0.
 - handle_deallocations: 1.


Internal statistics:

num_allocs_failed_limit: 6.
num_arena_births: 2906.
num_arena_deaths: 14.
num_vsnodes_births: 18.
num_vsnodes_deaths: 0.
num_space_committed: 2473.
num_space_uncommitted: 0.
num_chunks_returned_to_freelist: 23.
num_chunks_taken_from_freelist: 9509.
num_chunk_merges: 10.
num_chunk_splits: 5891.
num_chunks_enlarged: 3433.
num_purges: 2.
num_inconsistent_stats: 0.

CodeHeap 'non-profiled nmethods': size=120000Kb used=18166Kb max_used=18166Kb free=101834Kb
 bounds [0x0000018162120000, 0x00000181632e0000, 0x0000018169650000]
CodeHeap 'profiled nmethods': size=120000Kb used=55951Kb max_used=55951Kb free=64048Kb
 bounds [0x000001815a650000, 0x000001815dd00000, 0x0000018161b80000]
CodeHeap 'non-nmethods': size=5760Kb used=2584Kb max_used=2669Kb free=3175Kb
 bounds [0x0000018161b80000, 0x0000018161e40000, 0x0000018162120000]
 total_blobs=28606 nmethods=27450 adapters=1066
 compilation: enabled
              stopped_count=0, restarted_count=0
 full_count=0

Compilation events (20 events):
Event: 554.985 Thread 0x0000018176ed8e40 nmethod 34241 0x000001815dcf1990 code [0x000001815dcf1b20, 0x000001815dcf1c58]
Event: 554.985 Thread 0x0000018176ed8e40 34242       2       com.android.tools.r8.internal.nb$$Lambda$3119/0x00000008014ce960::apply (13 bytes)
Event: 554.985 Thread 0x0000018176ed8e40 nmethod 34242 0x000001815dcf1d90 code [0x000001815dcf1f40, 0x000001815dcf2128]
Event: 554.985 Thread 0x0000018176ed8e40 34238       2       com.android.tools.r8.graph.f0::r0 (10 bytes)
Event: 554.997 Thread 0x0000018176ed8e40 nmethod 34238 0x000001815dcf2210 code [0x000001815dcf23a0, 0x000001815dcf24d8]
Event: 554.997 Thread 0x0000018176ed8e40 34243       2       com.android.tools.r8.internal.Pk$$Lambda$3192/0x00000008014e6498::accept (12 bytes)
Event: 554.997 Thread 0x0000018176ed8e40 nmethod 34243 0x000001815dcf2610 code [0x000001815dcf27c0, 0x000001815dcf2928]
Event: 554.997 Thread 0x0000018176ed8e40 34237       2       com.android.tools.r8.code.p2::a (1 bytes)
Event: 554.998 Thread 0x0000018176ed8e40 nmethod 34237 0x000001815dcf2a10 code [0x000001815dcf2ba0, 0x000001815dcf2c98]
Event: 554.998 Thread 0x0000018176ed8e40 34187       2       com.google.common.util.concurrent.InterruptibleTask::<init> (5 bytes)
Event: 554.998 Thread 0x0000018176ed8e40 nmethod 34187 0x000001815dcf2d10 code [0x000001815dcf2ea0, 0x000001815dcf2f98]
Event: 554.998 Thread 0x0000018176ed8e40 34192       2       com.google.common.util.concurrent.TrustedListenableFutureTask$TrustedFutureInterruptibleTask::<init> (21 bytes)
Event: 554.998 Thread 0x0000018176ed8e40 nmethod 34192 0x000001815dcf3010 code [0x000001815dcf31c0, 0x000001815dcf34a8]
Event: 554.998 Thread 0x0000018176ed8e40 34213       1       com.android.tools.r8.code.g3::v (3 bytes)
Event: 554.998 Thread 0x0000018176ed8e40 nmethod 34213 0x00000181632dc190 code [0x00000181632dc320, 0x00000181632dc3f8]
Event: 554.998 Thread 0x0000018176ed8e40 34097       2       java.util.IdentityHashMap::<init> (44 bytes)
Event: 554.999 Thread 0x0000018176ed8140 nmethod 34153 0x00000181632dc490 code [0x00000181632dc660, 0x00000181632dd098]
Event: 554.999 Thread 0x0000018176ed8140 33982       4       com.android.tools.r8.internal.sK::put (261 bytes)
Event: 554.999 Thread 0x0000018176ed8e40 nmethod 34097 0x000001815dcf3590 code [0x000001815dcf3780, 0x000001815dcf3c48]
Event: 554.999 Thread 0x0000018176ed8e40 34247       2       com.android.tools.r8.internal.o7::a (170 bytes)

GC Heap History (20 events):
Event: 523.765 GC heap after
{Heap after GC invocations=58 (full 0):
 garbage-first heap   total 860160K, used 469150K [0x00000006e0000000, 0x0000000800000000)
  region size 4096K, 4 young (16384K), 4 survivors (16384K)
 Metaspace       used 124487K, committed 126208K, reserved 1163264K
  class space    used 16329K, committed 17088K, reserved 1048576K
}
Event: 529.790 GC heap before
{Heap before GC invocations=58 (full 0):
 garbage-first heap   total 860160K, used 690334K [0x00000006e0000000, 0x0000000800000000)
  region size 4096K, 59 young (241664K), 4 survivors (16384K)
 Metaspace       used 136480K, committed 138304K, reserved 1171456K
  class space    used 17823K, committed 18624K, reserved 1048576K
}
Event: 529.830 GC heap after
{Heap after GC invocations=59 (full 0):
 garbage-first heap   total 860160K, used 488090K [0x00000006e0000000, 0x0000000800000000)
  region size 4096K, 8 young (32768K), 8 survivors (32768K)
 Metaspace       used 136480K, committed 138304K, reserved 1171456K
  class space    used 17823K, committed 18624K, reserved 1048576K
}
Event: 534.369 GC heap before
{Heap before GC invocations=59 (full 0):
 garbage-first heap   total 860160K, used 696986K [0x00000006e0000000, 0x0000000800000000)
  region size 4096K, 60 young (245760K), 8 survivors (32768K)
 Metaspace       used 138746K, committed 140608K, reserved 1171456K
  class space    used 18040K, committed 18880K, reserved 1048576K
}
Event: 534.415 GC heap after
{Heap after GC invocations=60 (full 0):
 garbage-first heap   total 860160K, used 491103K [0x00000006e0000000, 0x0000000800000000)
  region size 4096K, 4 young (16384K), 4 survivors (16384K)
 Metaspace       used 138746K, committed 140608K, reserved 1171456K
  class space    used 18040K, committed 18880K, reserved 1048576K
}
Event: 539.740 GC heap before
{Heap before GC invocations=60 (full 0):
 garbage-first heap   total 860160K, used 699999K [0x00000006e0000000, 0x0000000800000000)
  region size 4096K, 56 young (229376K), 4 survivors (16384K)
 Metaspace       used 139261K, committed 141120K, reserved 1171456K
  class space    used 18049K, committed 18880K, reserved 1048576K
}
Event: 539.759 GC heap after
{Heap after GC invocations=61 (full 0):
 garbage-first heap   total 860160K, used 505065K [0x00000006e0000000, 0x0000000800000000)
  region size 4096K, 7 young (28672K), 7 survivors (28672K)
 Metaspace       used 139261K, committed 141120K, reserved 1171456K
  class space    used 18049K, committed 18880K, reserved 1048576K
}
Event: 544.762 GC heap before
{Heap before GC invocations=61 (full 0):
 garbage-first heap   total 860160K, used 677097K [0x00000006e0000000, 0x0000000800000000)
  region size 4096K, 48 young (196608K), 7 survivors (28672K)
 Metaspace       used 139715K, committed 141568K, reserved 1171456K
  class space    used 18089K, committed 18944K, reserved 1048576K
}
Event: 544.780 GC heap after
{Heap after GC invocations=62 (full 0):
 garbage-first heap   total 860160K, used 518947K [0x00000006e0000000, 0x0000000800000000)
  region size 4096K, 5 young (20480K), 5 survivors (20480K)
 Metaspace       used 139715K, committed 141568K, reserved 1171456K
  class space    used 18089K, committed 18944K, reserved 1048576K
}
Event: 550.079 GC heap before
{Heap before GC invocations=63 (full 0):
 garbage-first heap   total 860160K, used 727843K [0x00000006e0000000, 0x0000000800000000)
  region size 4096K, 52 young (212992K), 5 survivors (20480K)
 Metaspace       used 147854K, committed 149696K, reserved 1179648K
  class space    used 19453K, committed 20288K, reserved 1048576K
}
Event: 550.157 GC heap after
{Heap after GC invocations=64 (full 0):
 garbage-first heap   total 860160K, used 548245K [0x00000006e0000000, 0x0000000800000000)
  region size 4096K, 7 young (28672K), 7 survivors (28672K)
 Metaspace       used 147854K, committed 149696K, reserved 1179648K
  class space    used 19453K, committed 20288K, reserved 1048576K
}
Event: 550.330 GC heap before
{Heap before GC invocations=64 (full 0):
 garbage-first heap   total 860160K, used 572821K [0x00000006e0000000, 0x0000000800000000)
  region size 4096K, 11 young (45056K), 7 survivors (28672K)
 Metaspace       used 148819K, committed 150656K, reserved 1179648K
  class space    used 19645K, committed 20480K, reserved 1048576K
}
Event: 550.465 GC heap after
{Heap after GC invocations=65 (full 0):
 garbage-first heap   total 860160K, used 499967K [0x00000006e0000000, 0x0000000800000000)
  region size 4096K, 1 young (4096K), 1 survivors (4096K)
 Metaspace       used 148819K, committed 150656K, reserved 1179648K
  class space    used 19645K, committed 20480K, reserved 1048576K
}
Event: 552.681 GC heap before
{Heap before GC invocations=65 (full 0):
 garbage-first heap   total 860160K, used 692479K [0x00000006e0000000, 0x0000000800000000)
  region size 4096K, 48 young (196608K), 1 survivors (4096K)
 Metaspace       used 154646K, committed 156480K, reserved 1187840K
  class space    used 20543K, committed 21376K, reserved 1048576K
}
Event: 552.733 GC heap after
{Heap after GC invocations=66 (full 0):
 garbage-first heap   total 860160K, used 539947K [0x00000006e0000000, 0x0000000800000000)
  region size 4096K, 6 young (24576K), 6 survivors (24576K)
 Metaspace       used 154646K, committed 156480K, reserved 1187840K
  class space    used 20543K, committed 21376K, reserved 1048576K
}
Event: 553.657 GC heap before
{Heap before GC invocations=66 (full 0):
 garbage-first heap   total 860160K, used 691499K [0x00000006e0000000, 0x0000000800000000)
  region size 4096K, 44 young (180224K), 6 survivors (24576K)
 Metaspace       used 155513K, committed 157440K, reserved 1187840K
  class space    used 20656K, committed 21504K, reserved 1048576K
}
Event: 553.725 GC heap after
{Heap after GC invocations=67 (full 0):
 garbage-first heap   total 860160K, used 566329K [0x00000006e0000000, 0x0000000800000000)
  region size 4096K, 6 young (24576K), 6 survivors (24576K)
 Metaspace       used 155513K, committed 157440K, reserved 1187840K
  class space    used 20656K, committed 21504K, reserved 1048576K
}
Event: 554.453 GC heap before
{Heap before GC invocations=67 (full 0):
 garbage-first heap   total 860160K, used 697401K [0x00000006e0000000, 0x0000000800000000)
  region size 4096K, 39 young (159744K), 6 survivors (24576K)
 Metaspace       used 156143K, committed 158016K, reserved 1187840K
  class space    used 20716K, committed 21568K, reserved 1048576K
}
Event: 554.539 GC heap after
{Heap after GC invocations=68 (full 0):
 garbage-first heap   total 860160K, used 605934K [0x00000006e0000000, 0x0000000800000000)
  region size 4096K, 5 young (20480K), 5 survivors (20480K)
 Metaspace       used 156143K, committed 158016K, reserved 1187840K
  class space    used 20716K, committed 21568K, reserved 1048576K
}
Event: 555.000 GC heap before
{Heap before GC invocations=68 (full 0):
 garbage-first heap   total 860160K, used 708334K [0x00000006e0000000, 0x0000000800000000)
  region size 4096K, 30 young (122880K), 5 survivors (20480K)
 Metaspace       used 156428K, committed 158336K, reserved 1187840K
  class space    used 20738K, committed 21568K, reserved 1048576K
}

Dll operation events (2 events):
Event: 0.017 Loaded shared library C:\Program Files\Android\Android Studio\jbr\bin\java.dll
Event: 1.298 Loaded shared library C:\Program Files\Android\Android Studio\jbr\bin\verify.dll

Deoptimization events (20 events):
Event: 554.334 Thread 0x000001817c171e10 DEOPT PACKING pc=0x0000018163061544 sp=0x0000001e38afac60
Event: 554.334 Thread 0x000001817c171e10 DEOPT UNPACKING pc=0x0000018161bd69a3 sp=0x0000001e38afac18 mode 2
Event: 554.334 Thread 0x000001817c171e10 Uncommon trap: trap_request=0xffffffc6 fr.pc=0x0000018163061544 relative=0x0000000000000304
Event: 554.334 Thread 0x000001817c171e10 Uncommon trap: reason=bimorphic_or_optimized_type_check action=maybe_recompile pc=0x0000018163061544 method=com.android.tools.r8.internal.sc.a(Ljava/util/function/Predicate;Ljava/util/function/Function;Lcom/android/tools/r8/internal/sY;Lcom/android/tools/
Event: 554.334 Thread 0x000001817c171e10 DEOPT PACKING pc=0x0000018163061544 sp=0x0000001e38afac60
Event: 554.334 Thread 0x000001817c171e10 DEOPT UNPACKING pc=0x0000018161bd69a3 sp=0x0000001e38afac18 mode 2
Event: 554.334 Thread 0x000001817c171e10 Uncommon trap: trap_request=0xffffffc6 fr.pc=0x0000018163061544 relative=0x0000000000000304
Event: 554.334 Thread 0x000001817c171e10 Uncommon trap: reason=bimorphic_or_optimized_type_check action=maybe_recompile pc=0x0000018163061544 method=com.android.tools.r8.internal.sc.a(Ljava/util/function/Predicate;Ljava/util/function/Function;Lcom/android/tools/r8/internal/sY;Lcom/android/tools/
Event: 554.334 Thread 0x000001817c171e10 DEOPT PACKING pc=0x0000018163061544 sp=0x0000001e38afac60
Event: 554.334 Thread 0x000001817c171e10 DEOPT UNPACKING pc=0x0000018161bd69a3 sp=0x0000001e38afac18 mode 2
Event: 554.740 Thread 0x000001817c174e30 DEOPT PACKING pc=0x000001815d8cc631 sp=0x0000001e389f9950
Event: 554.740 Thread 0x000001817c174e30 DEOPT UNPACKING pc=0x0000018161bd7143 sp=0x0000001e389f8f90 mode 0
Event: 554.846 Thread 0x000001817a7583a0 Uncommon trap: trap_request=0xffffffe4 fr.pc=0x00000181632790d4 relative=0x00000000000002b4
Event: 554.846 Thread 0x000001817a7583a0 Uncommon trap: reason=range_check action=make_not_entrant pc=0x00000181632790d4 method=com.android.tools.r8.graph.a1.a(Lcom/android/tools/r8/graph/a1;)I @ 9 c2
Event: 554.846 Thread 0x000001817a7583a0 DEOPT PACKING pc=0x00000181632790d4 sp=0x0000001e387fab30
Event: 554.846 Thread 0x000001817a7583a0 DEOPT UNPACKING pc=0x0000018161bd69a3 sp=0x0000001e387faab8 mode 2
Event: 554.914 Thread 0x000001817c1722e0 Uncommon trap: trap_request=0xffffff45 fr.pc=0x000001816236925c relative=0x00000000000001bc
Event: 554.914 Thread 0x000001817c1722e0 Uncommon trap: reason=unstable_if action=reinterpret pc=0x000001816236925c method=java.util.IdentityHashMap.maskNull(Ljava/lang/Object;)Ljava/lang/Object; @ 1 c2
Event: 554.914 Thread 0x000001817c1722e0 DEOPT PACKING pc=0x000001816236925c sp=0x0000001e38bfb610
Event: 554.914 Thread 0x000001817c1722e0 DEOPT UNPACKING pc=0x0000018161bd69a3 sp=0x0000001e38bfb538 mode 2

Classes unloaded (7 events):
Event: 279.490 Thread 0x0000018176eb93f0 Unloading class 0x0000000800dbdc00 'java/lang/invoke/LambdaForm$DMH+0x0000000800dbdc00'
Event: 279.490 Thread 0x0000018176eb93f0 Unloading class 0x0000000800dbd800 'java/lang/invoke/LambdaForm$DMH+0x0000000800dbd800'
Event: 279.490 Thread 0x0000018176eb93f0 Unloading class 0x0000000800dbcc00 'java/lang/invoke/LambdaForm$DMH+0x0000000800dbcc00'
Event: 279.490 Thread 0x0000018176eb93f0 Unloading class 0x0000000800dbd000 'java/lang/invoke/LambdaForm$DMH+0x0000000800dbd000'
Event: 279.490 Thread 0x0000018176eb93f0 Unloading class 0x0000000800dbd400 'java/lang/invoke/LambdaForm$DMH+0x0000000800dbd400'
Event: 279.490 Thread 0x0000018176eb93f0 Unloading class 0x0000000800dbc400 'java/lang/invoke/LambdaForm$DMH+0x0000000800dbc400'
Event: 279.490 Thread 0x0000018176eb93f0 Unloading class 0x0000000800dbc800 'java/lang/invoke/LambdaForm$DMH+0x0000000800dbc800'

Classes redefined (0 events):
No events

Internal exceptions (20 events):
Event: 552.421 Thread 0x000001817b3876e0 Exception <a 'sun/nio/fs/WindowsException'{0x000000070b3b2518}> (0x000000070b3b2518) 
thrown [s\src\hotspot\share\prims\jni.cpp, line 517]
Event: 552.553 Thread 0x000001817c171e10 Exception <a 'sun/nio/fs/WindowsException'{0x000000070981ff08}> (0x000000070981ff08) 
thrown [s\src\hotspot\share\prims\jni.cpp, line 517]
Event: 553.252 Thread 0x000001817b385a00 Exception <a 'java/lang/NoSuchMethodError'{0x000000070e6d3658}: 'long java.lang.invoke.DirectMethodHandle$Holder.invokeStatic(java.lang.Object, java.lang.Object, java.lang.Object)'> (0x000000070e6d3658) 
thrown [s\src\hotspot\share\interpreter\linkResolver.cpp, line 771]
Event: 553.377 Thread 0x000001817c174490 Implicit null exception at 0x00000181632339c2 to 0x0000018163233ab0
Event: 553.392 Thread 0x000001817c174e30 Exception <a 'sun/nio/fs/WindowsException'{0x000000070dbc7bd0}> (0x000000070dbc7bd0) 
thrown [s\src\hotspot\share\prims\jni.cpp, line 517]
Event: 553.437 Thread 0x000001817c174e30 Exception <a 'sun/nio/fs/WindowsException'{0x000000070dbedef0}> (0x000000070dbedef0) 
thrown [s\src\hotspot\share\prims\jni.cpp, line 517]
Event: 553.440 Thread 0x000001817c174e30 Exception <a 'sun/nio/fs/WindowsException'{0x000000070dbeedd8}> (0x000000070dbeedd8) 
thrown [s\src\hotspot\share\prims\jni.cpp, line 517]
Event: 553.441 Thread 0x000001817b387bb0 Exception <a 'sun/nio/fs/WindowsException'{0x000000070c51d928}> (0x000000070c51d928) 
thrown [s\src\hotspot\share\prims\jni.cpp, line 517]
Event: 553.441 Thread 0x000001817b387bb0 Exception <a 'sun/nio/fs/WindowsException'{0x000000070c51db88}> (0x000000070c51db88) 
thrown [s\src\hotspot\share\prims\jni.cpp, line 517]
Event: 553.441 Thread 0x000001817b387bb0 Exception <a 'sun/nio/fs/WindowsException'{0x000000070c51dc28}> (0x000000070c51dc28) 
thrown [s\src\hotspot\share\prims\jni.cpp, line 517]
Event: 553.441 Thread 0x000001817b387bb0 Exception <a 'sun/nio/fs/WindowsException'{0x000000070c54d2b8}> (0x000000070c54d2b8) 
thrown [s\src\hotspot\share\prims\jni.cpp, line 517]
Event: 553.769 Thread 0x000001817c174e30 Exception <a 'sun/nio/fs/WindowsException'{0x00000007134141e8}> (0x00000007134141e8) 
thrown [s\src\hotspot\share\prims\jni.cpp, line 517]
Event: 554.836 Thread 0x000001817c171e10 Exception <a 'sun/nio/fs/WindowsException'{0x000000070fed57f0}> (0x000000070fed57f0) 
thrown [s\src\hotspot\share\prims\jni.cpp, line 517]
Event: 554.865 Thread 0x000001817c171e10 Exception <a 'sun/nio/fs/WindowsException'{0x000000070faba668}> (0x000000070faba668) 
thrown [s\src\hotspot\share\prims\jni.cpp, line 517]
Event: 554.865 Thread 0x000001817c171e10 Exception <a 'sun/nio/fs/WindowsException'{0x000000070fabb538}> (0x000000070fabb538) 
thrown [s\src\hotspot\share\prims\jni.cpp, line 517]
Event: 554.867 Thread 0x0000018102a8db30 Exception <a 'sun/nio/fs/WindowsException'{0x000000070f5af670}> (0x000000070f5af670) 
thrown [s\src\hotspot\share\prims\jni.cpp, line 517]
Event: 554.868 Thread 0x0000018102a8db30 Exception <a 'sun/nio/fs/WindowsException'{0x000000070f5af8a8}> (0x000000070f5af8a8) 
thrown [s\src\hotspot\share\prims\jni.cpp, line 517]
Event: 554.868 Thread 0x0000018102a8db30 Exception <a 'sun/nio/fs/WindowsException'{0x000000070f5af948}> (0x000000070f5af948) 
thrown [s\src\hotspot\share\prims\jni.cpp, line 517]
Event: 554.868 Thread 0x0000018102a8db30 Exception <a 'sun/nio/fs/WindowsException'{0x000000070f5afdc0}> (0x000000070f5afdc0) 
thrown [s\src\hotspot\share\prims\jni.cpp, line 517]
Event: 554.914 Thread 0x000001817c1722e0 Implicit null exception at 0x00000181623690cf to 0x0000018162369248

VM Operations (20 events):
Event: 553.631 Executing VM operation: G1CollectForAllocation done
Event: 553.655 Executing VM operation: G1CollectForAllocation
Event: 553.726 Executing VM operation: G1CollectForAllocation done
Event: 553.832 Executing VM operation: HandshakeAllThreads
Event: 554.216 Executing VM operation: HandshakeAllThreads done
Event: 554.246 Executing VM operation: ICBufferFull
Event: 554.276 Executing VM operation: ICBufferFull done
Event: 554.355 Executing VM operation: ICBufferFull
Event: 554.430 Executing VM operation: ICBufferFull done
Event: 554.430 Executing VM operation: G1CollectForAllocation
Event: 554.452 Executing VM operation: G1CollectForAllocation done
Event: 554.452 Executing VM operation: HandshakeAllThreads
Event: 554.453 Executing VM operation: HandshakeAllThreads done
Event: 554.453 Executing VM operation: G1CollectForAllocation
Event: 554.539 Executing VM operation: G1CollectForAllocation done
Event: 554.921 Executing VM operation: ICBufferFull
Event: 554.942 Executing VM operation: ICBufferFull done
Event: 554.985 Executing VM operation: G1CollectForAllocation
Event: 554.999 Executing VM operation: G1CollectForAllocation done
Event: 555.000 Executing VM operation: G1CollectForAllocation

Events (20 events):
Event: 554.223 Thread 0x000001817794c420 flushing nmethod 0x00000181627c7810
Event: 554.225 Thread 0x000001817794c420 flushing nmethod 0x0000018162ac3490
Event: 554.240 Thread 0x000001817794c420 flushing nmethod 0x000001816320ef90
Event: 554.241 Thread 0x000001817794c420 flushing nmethod 0x000001815a65eb10
Event: 554.241 Thread 0x000001817794c420 flushing nmethod 0x000001815a67bd10
Event: 554.262 Thread 0x000001817794c420 flushing nmethod 0x000001815a9aed90
Event: 554.262 Thread 0x000001817794c420 flushing nmethod 0x000001815a9c3210
Event: 554.293 Thread 0x000001817794c420 flushing nmethod 0x000001815b083a10
Event: 554.301 Thread 0x000001817794c420 flushing nmethod 0x000001815b4faf90
Event: 554.302 Thread 0x000001817794c420 flushing nmethod 0x000001815b563a10
Event: 554.303 Thread 0x000001817794c420 flushing nmethod 0x000001815b603e90
Event: 554.312 Thread 0x000001817794c420 flushing nmethod 0x000001815bbdb510
Event: 554.318 Thread 0x000001817794c420 flushing nmethod 0x000001815c036b90
Event: 554.322 Thread 0x000001817794c420 flushing nmethod 0x000001815c2f7d10
Event: 554.322 Thread 0x000001817794c420 flushing nmethod 0x000001815c2f8210
Event: 554.338 Thread 0x000001817794c420 flushing nmethod 0x000001815cc89990
Event: 554.339 Thread 0x000001817794c420 flushing nmethod 0x000001815cd11210
Event: 554.340 Thread 0x000001817794c420 flushing nmethod 0x000001815cdfb790
Event: 554.353 Thread 0x000001817794c420 flushing nmethod 0x000001815d54f590
Event: 554.353 Thread 0x000001817794c420 flushing nmethod 0x000001815d54f990


Dynamic libraries:
0x00007ff69eaa0000 - 0x00007ff69eaaa000 	C:\Program Files\Android\Android Studio\jbr\bin\java.exe
0x00007ffb69b90000 - 0x00007ffb69d88000 	C:\Windows\SYSTEM32\ntdll.dll
0x00007ffb69a90000 - 0x00007ffb69b4d000 	C:\Windows\System32\KERNEL32.DLL
0x00007ffb67370000 - 0x00007ffb67666000 	C:\Windows\System32\KERNELBASE.dll
0x00007ffb67240000 - 0x00007ffb67340000 	C:\Windows\System32\ucrtbase.dll
0x00007ffb53d10000 - 0x00007ffb53d27000 	C:\Program Files\Android\Android Studio\jbr\bin\jli.dll
0x00007ffb67fa0000 - 0x00007ffb6813f000 	C:\Windows\System32\USER32.dll
0x00007ffb41820000 - 0x00007ffb4183b000 	C:\Program Files\Android\Android Studio\jbr\bin\VCRUNTIME140.dll
0x00007ffb67670000 - 0x00007ffb67692000 	C:\Windows\System32\win32u.dll
0x00007ffb68370000 - 0x00007ffb6839b000 	C:\Windows\System32\GDI32.dll
0x00007ffb4d8a0000 - 0x00007ffb4db3a000 	C:\Windows\WinSxS\amd64_microsoft.windows.common-controls_6595b64144ccf1df_6.0.19041.3636_none_60b6a03d71f818d5\COMCTL32.dll
0x00007ffb67aa0000 - 0x00007ffb67bb7000 	C:\Windows\System32\gdi32full.dll
0x00007ffb67f00000 - 0x00007ffb67f9e000 	C:\Windows\System32\msvcrt.dll
0x00007ffb67750000 - 0x00007ffb677ed000 	C:\Windows\System32\msvcp_win.dll
0x00007ffb68840000 - 0x00007ffb68872000 	C:\Windows\System32\IMM32.DLL
0x00007ffb62b70000 - 0x00007ffb62b7c000 	C:\Program Files\Android\Android Studio\jbr\bin\vcruntime140_1.dll
0x00007ffb34980000 - 0x00007ffb34a0d000 	C:\Program Files\Android\Android Studio\jbr\bin\msvcp140.dll
0x00007ffaeecd0000 - 0x00007ffaef93d000 	C:\Program Files\Android\Android Studio\jbr\bin\server\jvm.dll
0x00007ffb698c0000 - 0x00007ffb69970000 	C:\Windows\System32\ADVAPI32.dll
0x00007ffb68140000 - 0x00007ffb681e0000 	C:\Windows\System32\sechost.dll
0x00007ffb68710000 - 0x00007ffb68833000 	C:\Windows\System32\RPCRT4.dll
0x00007ffb67340000 - 0x00007ffb67367000 	C:\Windows\System32\bcrypt.dll
0x00007ffb4afb0000 - 0x00007ffb4afb9000 	C:\Windows\SYSTEM32\WSOCK32.dll
0x00007ffb3fb40000 - 0x00007ffb3fb67000 	C:\Windows\SYSTEM32\WINMM.dll
0x00007ffb5d710000 - 0x00007ffb5d71a000 	C:\Windows\SYSTEM32\VERSION.dll
0x00007ffb68fe0000 - 0x00007ffb6904b000 	C:\Windows\System32\WS2_32.dll
0x00007ffb65090000 - 0x00007ffb650a2000 	C:\Windows\SYSTEM32\kernel.appcore.dll
0x00007ffb5eac0000 - 0x00007ffb5eaca000 	C:\Program Files\Android\Android Studio\jbr\bin\jimage.dll
0x00007ffb44030000 - 0x00007ffb44214000 	C:\Windows\SYSTEM32\DBGHELP.DLL
0x00007ffb43ff0000 - 0x00007ffb44024000 	C:\Windows\SYSTEM32\dbgcore.DLL
0x00007ffb67a10000 - 0x00007ffb67a92000 	C:\Windows\System32\bcryptPrimitives.dll
0x00007ffb40ab0000 - 0x00007ffb40ad5000 	C:\Program Files\Android\Android Studio\jbr\bin\java.dll
0x00007ffb40a90000 - 0x00007ffb40aa8000 	C:\Program Files\Android\Android Studio\jbr\bin\zip.dll
0x00007ffb690b0000 - 0x00007ffb6981b000 	C:\Windows\System32\SHELL32.dll
0x00007ffb65290000 - 0x00007ffb65a2e000 	C:\Windows\SYSTEM32\windows.storage.dll
0x00007ffb683b0000 - 0x00007ffb68703000 	C:\Windows\System32\combase.dll
0x00007ffb66b20000 - 0x00007ffb66b4e000 	C:\Windows\SYSTEM32\Wldp.dll
0x00007ffb681f0000 - 0x00007ffb682bd000 	C:\Windows\System32\OLEAUT32.dll
0x00007ffb682c0000 - 0x00007ffb6836d000 	C:\Windows\System32\SHCORE.dll
0x00007ffb69970000 - 0x00007ffb699c5000 	C:\Windows\System32\shlwapi.dll
0x00007ffb67170000 - 0x00007ffb67193000 	C:\Windows\SYSTEM32\profapi.dll
0x00007ffb3ad70000 - 0x00007ffb3ad89000 	C:\Program Files\Android\Android Studio\jbr\bin\net.dll
0x00007ffb58110000 - 0x00007ffb5821a000 	C:\Windows\SYSTEM32\WINHTTP.dll
0x00007ffb668a0000 - 0x00007ffb6690a000 	C:\Windows\system32\mswsock.dll
0x00007ffb3ad50000 - 0x00007ffb3ad66000 	C:\Program Files\Android\Android Studio\jbr\bin\nio.dll
0x00007ffb5e910000 - 0x00007ffb5e920000 	C:\Program Files\Android\Android Studio\jbr\bin\verify.dll
0x00007ffb493e0000 - 0x00007ffb49407000 	C:\Users\aldai\.gradle\native\e1d6ef7f7dcc3fd88c89a11ec53ec762bb8ba0a96d01ffa2cd45eb1d1d8dd5c5\windows-amd64\native-platform.dll
0x00007ffb33af0000 - 0x00007ffb33c34000 	C:\Users\aldai\.gradle\native\0d407fdbe67a94daf76414ababcb853783967236a71b16ec16e742cd7a986fd3\windows-amd64\native-platform-file-events.dll
0x00007ffb58d90000 - 0x00007ffb58d99000 	C:\Program Files\Android\Android Studio\jbr\bin\management.dll
0x00007ffb43d60000 - 0x00007ffb43d6b000 	C:\Program Files\Android\Android Studio\jbr\bin\management_ext.dll
0x00007ffb699d0000 - 0x00007ffb699d8000 	C:\Windows\System32\PSAPI.DLL
0x00007ffb66e70000 - 0x00007ffb66e88000 	C:\Windows\SYSTEM32\CRYPTSP.dll
0x00007ffb661e0000 - 0x00007ffb66214000 	C:\Windows\system32\rsaenh.dll
0x00007ffb670f0000 - 0x00007ffb6711e000 	C:\Windows\SYSTEM32\USERENV.dll
0x00007ffb66a30000 - 0x00007ffb66a3c000 	C:\Windows\SYSTEM32\CRYPTBASE.dll
0x00007ffb665a0000 - 0x00007ffb665db000 	C:\Windows\SYSTEM32\IPHLPAPI.DLL
0x00007ffb681e0000 - 0x00007ffb681e8000 	C:\Windows\System32\NSI.dll
0x00007ffb5d6f0000 - 0x00007ffb5d707000 	C:\Windows\SYSTEM32\dhcpcsvc6.DLL
0x00007ffb5d2a0000 - 0x00007ffb5d2bd000 	C:\Windows\SYSTEM32\dhcpcsvc.DLL
0x00007ffb665e0000 - 0x00007ffb666ab000 	C:\Windows\SYSTEM32\DNSAPI.dll
0x00007ffb58d30000 - 0x00007ffb58d37000 	C:\Windows\system32\wshunix.dll
0x00007ffb66320000 - 0x00007ffb66353000 	C:\Windows\SYSTEM32\ntmarta.dll
0x00007ffb26ba0000 - 0x00007ffb26d38000 	C:\Program Files\Android\Android Studio\jbr\bin\awt.dll
0x00007ffb64da0000 - 0x00007ffb64dcf000 	C:\Windows\SYSTEM32\dwmapi.dll
0x00007ffb649e0000 - 0x00007ffb64a70000 	C:\Windows\SYSTEM32\apphelp.dll
0x00007ffb64ba0000 - 0x00007ffb64c3e000 	C:\Windows\system32\uxtheme.dll
0x00007ffb67de0000 - 0x00007ffb67ef5000 	C:\Windows\System32\MSCTF.dll
0x00007ffb67cb0000 - 0x00007ffb67ddb000 	C:\Windows\System32\ole32.dll
0x00007ffb348c0000 - 0x00007ffb348de000 	C:\Users\aldai\AppData\Local\Temp\native-platform1011908679466775863dir\native-platform.dll
0x00007ffb647e0000 - 0x00007ffb647e7000 	C:\Program Files\Android\Android Studio\jbr\bin\rmi.dll

dbghelp: loaded successfully - version: 4.0.5 - missing functions: none
symbol engine: initialized successfully - sym options: 0x614 - pdb path: .;C:\Program Files\Android\Android Studio\jbr\bin;C:\Windows\SYSTEM32;C:\Windows\WinSxS\amd64_microsoft.windows.common-controls_6595b64144ccf1df_6.0.19041.3636_none_60b6a03d71f818d5;C:\Program Files\Android\Android Studio\jbr\bin\server;C:\Users\aldai\.gradle\native\e1d6ef7f7dcc3fd88c89a11ec53ec762bb8ba0a96d01ffa2cd45eb1d1d8dd5c5\windows-amd64;C:\Users\aldai\.gradle\native\0d407fdbe67a94daf76414ababcb853783967236a71b16ec16e742cd7a986fd3\windows-amd64;C:\Users\aldai\AppData\Local\Temp\native-platform1011908679466775863dir

VM Arguments:
jvm_args: --add-opens=java.base/java.util=ALL-UNNAMED --add-opens=java.base/java.lang=ALL-UNNAMED --add-opens=java.base/java.lang.invoke=ALL-UNNAMED --add-opens=java.base/java.util=ALL-UNNAMED --add-opens=java.prefs/java.util.prefs=ALL-UNNAMED --add-opens=java.prefs/java.util.prefs=ALL-UNNAMED --add-opens=java.base/java.nio.charset=ALL-UNNAMED --add-opens=java.base/java.net=ALL-UNNAMED --add-opens=java.base/java.util.concurrent.atomic=ALL-UNNAMED -Xmx4608m -Dfile.encoding=windows-1252 -Duser.country=CO -Duser.language=es -Duser.variant 
java_command: org.gradle.launcher.daemon.bootstrap.GradleDaemon 7.5
java_class_path (initial): C:\Users\aldai\.gradle\wrapper\dists\gradle-7.5-all\6qsw290k5lz422uaf8jf6m7co\gradle-7.5\lib\gradle-launcher-7.5.jar
Launcher Type: SUN_STANDARD

[Global flags]
     intx CICompilerCount                          = 4                                         {product} {ergonomic}
     uint ConcGCThreads                            = 2                                         {product} {ergonomic}
     uint G1ConcRefinementThreads                  = 8                                         {product} {ergonomic}
   size_t G1HeapRegionSize                         = 4194304                                   {product} {ergonomic}
    uintx GCDrainStackTargetSize                   = 64                                        {product} {ergonomic}
   size_t InitialHeapSize                          = 100663296                                 {product} {ergonomic}
   size_t MarkStackSize                            = 4194304                                   {product} {ergonomic}
   size_t MaxHeapSize                              = 4831838208                                {product} {command line}
   size_t MaxNewSize                               = 2898264064                                {product} {ergonomic}
   size_t MinHeapDeltaBytes                        = 4194304                                   {product} {ergonomic}
   size_t MinHeapSize                              = 8388608                                   {product} {ergonomic}
    uintx NonNMethodCodeHeapSize                   = 5839372                                {pd product} {ergonomic}
    uintx NonProfiledCodeHeapSize                  = 122909434                              {pd product} {ergonomic}
    uintx ProfiledCodeHeapSize                     = 122909434                              {pd product} {ergonomic}
    uintx ReservedCodeCacheSize                    = 251658240                              {pd product} {ergonomic}
     bool SegmentedCodeCache                       = true                                      {product} {ergonomic}
   size_t SoftMaxHeapSize                          = 4831838208                             {manageable} {ergonomic}
     bool UseCompressedClassPointers               = true                           {product lp64_product} {ergonomic}
     bool UseCompressedOops                        = true                           {product lp64_product} {ergonomic}
     bool UseG1GC                                  = true                                      {product} {ergonomic}
     bool UseLargePagesIndividualAllocation        = false                                  {pd product} {ergonomic}

Logging:
Log output configuration:
 #0: stdout all=warning uptime,level,tags
 #1: stderr all=off uptime,level,tags

Environment Variables:
JAVA_HOME=C:\Program Files\Android\Android Studio\jbr
CLASSPATH=D:\ESPACIO DE TRABAJO SISTEMAS CLINIZAD\TESISAPP\App_Arsac_Front\android\\gradle\wrapper\gradle-wrapper.jar
PATH=C:\Program Files\Android\Android Studio\jbr\bin;C:\Program Files\Common Files\Oracle\Java\javapath;C:\Program Files (x86)\Common Files\Oracle\Java\javapath;C:\Windows\system32;C:\Windows;C:\Windows\System32\Wbem;C:\Windows\System32\WindowsPowerShell\v1.0\;C:\Windows\System32\OpenSSH\;C:\Program Files\Docker\Docker\resources\bin;C:\Program Files\nodejs\;C:\Program Files\Git\cmd;C:\Program Files (x86)\Microsoft SQL Server\160\Tools\Binn\;C:\Program Files\Microsoft SQL Server\160\Tools\Binn\;C:\Program Files\Microsoft SQL Server\Client SDK\ODBC\170\Tools\Binn\;C:\Program Files\Microsoft SQL Server\160\DTS\Binn\;C:\Program Files\Azure Data Studio\bin;C:\Program Files (x86)\Print Conductor;C:\Program Files (x86)\Microsoft SQL Server\160\DTS\Binn\;C:\Users\aldai\AppData\Local\Microsoft\WindowsApps;C:\Users\aldai\AppData\Local\Programs\Microsoft VS Code\bin;C:\Users\aldai\AppData\Roaming\npm;C:\Program Files\Azure Data Studio\bin;C:\flutter\bin;C:\Program Files (x86)\Print Conductor;C:\Users\aldai\AppData\Local\Programs\Python\Python311\Scripts;C:\Program Files\nodejs;;C:\flutter\bin\mingit\cmd;C:\flutter\bin\mingit\cmd
USERNAME=aldai
OS=Windows_NT
PROCESSOR_IDENTIFIER=Intel64 Family 6 Model 142 Stepping 10, GenuineIntel
TMP=C:\Users\aldai\AppData\Local\Temp
TEMP=C:\Users\aldai\AppData\Local\Temp



---------------  S Y S T E M  ---------------

OS:
 Windows 10 , 64 bit Build 19041 (10.0.19041.3636)
OS uptime: 0 days 8:25 hours
Hyper-V role detected

CPU: total 8 (initial active 8) (4 cores per cpu, 2 threads per core) family 6 model 142 stepping 10 microcode 0xb4, cx8, cmov, fxsr, ht, mmx, 3dnowpref, sse, sse2, sse3, ssse3, sse4.1, sse4.2, popcnt, lzcnt, tsc, tscinvbit, avx, avx2, aes, erms, clmul, bmi1, bmi2, adx, fma, vzeroupper, clflush, clflushopt, hv

Memory: 4k page, system-wide physical 6019M (341M free)
TotalPageFile size 18019M (AvailPageFile size 523M)
current process WorkingSet (physical memory assigned to process): 1164M, peak: 1164M
current process commit charge ("private bytes"): 1425M, peak: 2270M

vm_info: OpenJDK 64-Bit Server VM (17.0.6+0-b2043.56-9586694) for windows-amd64 JRE (17.0.6+0-b2043.56-9586694), built on Feb  9 2023 20:06:20 by "androidbuild" with MS VC++ 16.10 / 16.11 (VS2019)

END.
