#
# There is insufficient memory for the Java Runtime Environment to continue.
# Native memory allocation (malloc) failed to allocate 521152 bytes for Chunk::new
# Possible reasons:
#   The system is out of physical RAM or swap space
#   The process is running with CompressedOops enabled, and the Java Heap may be blocking the growth of the native heap
# Possible solutions:
#   Reduce memory load on the system
#   Increase physical memory or swap space
#   Check if swap backing store is full
#   Decrease Java heap size (-Xmx/-Xms)
#   Decrease number of Java threads
#   Decrease Java thread stack sizes (-Xss)
#   Set larger code cache with -XX:ReservedCodeCacheSize=
#   JVM is running with Zero Based Compressed Oops mode in which the Java heap is
#     placed in the first 32GB address space. The Java Heap base address is the
#     maximum limit for the native heap growth. Please use -XX:HeapBaseMinAddress
#     to set the Java Heap base and to place the Java Heap above 32GB virtual address.
# This output file may be truncated or incomplete.
#
#  Out of Memory Error (arena.cpp:189), pid=15584, tid=10504
#
# JRE version: OpenJDK Runtime Environment (17.0.6) (build 17.0.6+0-b2043.56-9586694)
# Java VM: OpenJDK 64-Bit Server VM (17.0.6+0-b2043.56-9586694, mixed mode, tiered, compressed oops, compressed class ptrs, g1 gc, windows-amd64)
# No core dump will be written. Minidumps are not enabled by default on client versions of Windows
#

---------------  S U M M A R Y ------------

Command Line: --add-opens=java.base/java.util=ALL-UNNAMED --add-opens=java.base/java.lang=ALL-UNNAMED --add-opens=java.base/java.lang.invoke=ALL-UNNAMED --add-opens=java.base/java.util=ALL-UNNAMED --add-opens=java.prefs/java.util.prefs=ALL-UNNAMED --add-opens=java.prefs/java.util.prefs=ALL-UNNAMED --add-opens=java.base/java.nio.charset=ALL-UNNAMED --add-opens=java.base/java.net=ALL-UNNAMED --add-opens=java.base/java.util.concurrent.atomic=ALL-UNNAMED -Xmx4608m -Dfile.encoding=windows-1252 -Duser.country=CO -Duser.language=es -Duser.variant org.gradle.launcher.daemon.bootstrap.GradleDaemon 7.5

Host: Intel(R) Core(TM) i5-8250U CPU @ 1.60GHz, 8 cores, 5G,  Windows 10 , 64 bit Build 19041 (10.0.19041.3636)
Time: Thu May  2 01:54:24 2024 Hora est. Pacífico, Sudamérica elapsed time: 5.356499 seconds (0d 0h 0m 5s)

---------------  T H R E A D  ---------------

Current thread (0x000002261ac30ca0):  JavaThread "C2 CompilerThread0" daemon [_thread_in_native, id=10504, stack(0x00000075c6400000,0x00000075c6500000)]


Current CompileTask:
C2:   5356 2295       4       java.net.URLClassLoader$1::run (5 bytes)

Stack: [0x00000075c6400000,0x00000075c6500000]
Native frames: (J=compiled Java code, j=interpreted, Vv=VM code, C=native code)
V  [jvm.dll+0x683b4a]
V  [jvm.dll+0x842654]
V  [jvm.dll+0x843dfe]
V  [jvm.dll+0x844463]
V  [jvm.dll+0x249b75]
V  [jvm.dll+0xabcac]
V  [jvm.dll+0xac27c]
V  [jvm.dll+0x368857]
V  [jvm.dll+0x1bcb65]
V  [jvm.dll+0x21c359]
V  [jvm.dll+0x21b621]
V  [jvm.dll+0x1a4fdd]
V  [jvm.dll+0x22b098]
V  [jvm.dll+0x229159]
V  [jvm.dll+0x7f809c]
V  [jvm.dll+0x7f25fa]
V  [jvm.dll+0x682985]
C  [ucrtbase.dll+0x21bb2]
C  [KERNEL32.DLL+0x17344]
C  [ntdll.dll+0x526b1]


---------------  P R O C E S S  ---------------

Threads class SMR info:
_java_thread_list=0x000002261d79ec00, length=25, elements={
0x000002267a4f6280, 0x000002267fd15250, 0x000002267fce04a0, 0x000002261ac380b0,
0x000002261ac38970, 0x000002261ac39c50, 0x000002261ac2fbf0, 0x000002261ac30ca0,
0x000002261ac33660, 0x000002267fd1dfc0, 0x000002261ada8700, 0x000002261ada8bd0,
0x000002261c7cd050, 0x000002261c7ffaa0, 0x000002261d5938a0, 0x000002261c1bbdf0,
0x000002261c69b010, 0x000002261c503e70, 0x000002261c5034d0, 0x000002261c5039a0,
0x000002261c501cc0, 0x000002261c504340, 0x000002261c504810, 0x000002261c504ce0,
0x000002261c5017f0
}

Java Threads: ( => current thread )
  0x000002267a4f6280 JavaThread "main" [_thread_blocked, id=2016, stack(0x00000075c5700000,0x00000075c5800000)]
  0x000002267fd15250 JavaThread "Reference Handler" daemon [_thread_blocked, id=9416, stack(0x00000075c5e00000,0x00000075c5f00000)]
  0x000002267fce04a0 JavaThread "Finalizer" daemon [_thread_blocked, id=18652, stack(0x00000075c5f00000,0x00000075c6000000)]
  0x000002261ac380b0 JavaThread "Signal Dispatcher" daemon [_thread_blocked, id=7128, stack(0x00000075c6000000,0x00000075c6100000)]
  0x000002261ac38970 JavaThread "Attach Listener" daemon [_thread_blocked, id=9652, stack(0x00000075c6100000,0x00000075c6200000)]
  0x000002261ac39c50 JavaThread "Service Thread" daemon [_thread_blocked, id=16884, stack(0x00000075c6200000,0x00000075c6300000)]
  0x000002261ac2fbf0 JavaThread "Monitor Deflation Thread" daemon [_thread_blocked, id=8356, stack(0x00000075c6300000,0x00000075c6400000)]
=>0x000002261ac30ca0 JavaThread "C2 CompilerThread0" daemon [_thread_in_native, id=10504, stack(0x00000075c6400000,0x00000075c6500000)]
  0x000002261ac33660 JavaThread "C1 CompilerThread0" daemon [_thread_blocked, id=17520, stack(0x00000075c6500000,0x00000075c6600000)]
  0x000002267fd1dfc0 JavaThread "Sweeper thread" daemon [_thread_blocked, id=13760, stack(0x00000075c6600000,0x00000075c6700000)]
  0x000002261ada8700 JavaThread "Common-Cleaner" daemon [_thread_blocked, id=4632, stack(0x00000075c6700000,0x00000075c6800000)]
  0x000002261ada8bd0 JavaThread "Notification Thread" daemon [_thread_blocked, id=18376, stack(0x00000075c6800000,0x00000075c6900000)]
  0x000002261c7cd050 JavaThread "Daemon health stats" [_thread_blocked, id=17964, stack(0x00000075c6d00000,0x00000075c6e00000)]
  0x000002261c7ffaa0 JavaThread "Incoming local TCP Connector on port 59001" [_thread_in_native, id=16908, stack(0x00000075c7200000,0x00000075c7300000)]
  0x000002261d5938a0 JavaThread "Daemon periodic checks" [_thread_blocked, id=12212, stack(0x00000075c7300000,0x00000075c7400000)]
  0x000002261c1bbdf0 JavaThread "Daemon" [_thread_blocked, id=8992, stack(0x00000075c7400000,0x00000075c7500000)]
  0x000002261c69b010 JavaThread "Handler for socket connection from /127.0.0.1:59001 to /127.0.0.1:59002" [_thread_in_native, id=9372, stack(0x00000075c7500000,0x00000075c7600000)]
  0x000002261c503e70 JavaThread "Cancel handler" [_thread_blocked, id=10492, stack(0x00000075c7600000,0x00000075c7700000)]
  0x000002261c5034d0 JavaThread "Daemon worker" [_thread_in_native, id=9608, stack(0x00000075c7700000,0x00000075c7800000)]
  0x000002261c5039a0 JavaThread "Asynchronous log dispatcher for DefaultDaemonConnection: socket connection from /127.0.0.1:59001 to /127.0.0.1:59002" [_thread_blocked, id=12624, stack(0x00000075c7800000,0x00000075c7900000)]
  0x000002261c501cc0 JavaThread "Stdin handler" [_thread_blocked, id=17552, stack(0x00000075c7900000,0x00000075c7a00000)]
  0x000002261c504340 JavaThread "Daemon client event forwarder" [_thread_blocked, id=18228, stack(0x00000075c7a00000,0x00000075c7b00000)]
  0x000002261c504810 JavaThread "Cache worker for journal cache (C:\Users\aldai\.gradle\caches\journal-1)" [_thread_blocked, id=16764, stack(0x00000075c7b00000,0x00000075c7c00000)]
  0x000002261c504ce0 JavaThread "File lock request listener" [_thread_in_native, id=13456, stack(0x00000075c7c00000,0x00000075c7d00000)]
  0x000002261c5017f0 JavaThread "Cache worker for file hash cache (C:\Users\aldai\.gradle\caches\7.5\fileHashes)" [_thread_blocked, id=19012, stack(0x00000075c7e00000,0x00000075c7f00000)]

Other Threads:
  0x000002267fcdc530 VMThread "VM Thread" [stack: 0x00000075c5d00000,0x00000075c5e00000] [id=5324]
  0x000002267fb25310 WatcherThread [stack: 0x00000075c6900000,0x00000075c6a00000] [id=1056]
  0x000002267a565530 GCTaskThread "GC Thread#0" [stack: 0x00000075c5800000,0x00000075c5900000] [id=9624]
  0x000002261b91ec50 GCTaskThread "GC Thread#1" [stack: 0x00000075c6a00000,0x00000075c6b00000] [id=16136]
  0x000002261b78ed60 GCTaskThread "GC Thread#2" [stack: 0x00000075c6b00000,0x00000075c6c00000] [id=5480]
  0x000002261b78f010 GCTaskThread "GC Thread#3" [stack: 0x00000075c6c00000,0x00000075c6d00000] [id=7480]
  0x000002261c6e8700 GCTaskThread "GC Thread#4" [stack: 0x00000075c6e00000,0x00000075c6f00000] [id=6004]
  0x000002261c1be700 GCTaskThread "GC Thread#5" [stack: 0x00000075c6f00000,0x00000075c7000000] [id=17712]
  0x000002261c803370 GCTaskThread "GC Thread#6" [stack: 0x00000075c7000000,0x00000075c7100000] [id=15620]
  0x000002261bde0c10 GCTaskThread "GC Thread#7" [stack: 0x00000075c7100000,0x00000075c7200000] [id=15052]
  0x000002267a56f380 ConcurrentGCThread "G1 Main Marker" [stack: 0x00000075c5900000,0x00000075c5a00000] [id=8172]
  0x000002267a570440 ConcurrentGCThread "G1 Conc#0" [stack: 0x00000075c5a00000,0x00000075c5b00000] [id=11316]
  0x000002261d487f10 ConcurrentGCThread "G1 Conc#1" [stack: 0x00000075c7d00000,0x00000075c7e00000] [id=8932]
  0x000002267a5be480 ConcurrentGCThread "G1 Refine#0" [stack: 0x00000075c5b00000,0x00000075c5c00000] [id=16260]
  0x000002267fb47c50 ConcurrentGCThread "G1 Service" [stack: 0x00000075c5c00000,0x00000075c5d00000] [id=3752]

Threads with active compile tasks:
C2 CompilerThread0     5417 2295       4       java.net.URLClassLoader$1::run (5 bytes)

VM state: not at safepoint (normal execution)

VM Mutex/Monitor currently owned by a thread: None

Heap address: 0x00000006e0000000, size: 4608 MB, Compressed Oops mode: Zero based, Oop shift amount: 3

CDS archive(s) not mapped
Compressed class space mapped at: 0x0000000800000000-0x0000000840000000, reserved size: 1073741824
Narrow klass base: 0x0000000800000000, Narrow klass shift: 0, Narrow klass range: 0x40000000

GC Precious Log:
 CPUs: 8 total, 8 available
 Memory: 6019M
 Large Page Support: Disabled
 NUMA Support: Disabled
 Compressed Oops: Enabled (Zero based)
 Heap Region Size: 4M
 Heap Min Capacity: 8M
 Heap Initial Capacity: 96M
 Heap Max Capacity: 4608M
 Pre-touch: Disabled
 Parallel Workers: 8
 Concurrent Workers: 2
 Concurrent Refinement Workers: 8
 Periodic GC: Disabled

Heap:
 garbage-first heap   total 81920K, used 50905K [0x00000006e0000000, 0x0000000800000000)
  region size 4096K, 10 young (40960K), 1 survivors (4096K)
 Metaspace       used 27162K, committed 27456K, reserved 1073152K
  class space    used 3600K, committed 3712K, reserved 1048576K

Heap Regions: E=young(eden), S=young(survivor), O=old, HS=humongous(starts), HC=humongous(continues), CS=collection set, F=free, OA=open archive, CA=closed archive, TAMS=top-at-mark-start (previous, next)
|   0|0x00000006e0000000, 0x00000006e0400000, 0x00000006e0400000|100%| O|  |TAMS 0x00000006e0186000, 0x00000006e0000000| Untracked 
|   1|0x00000006e0400000, 0x00000006e0800000, 0x00000006e0800000|100%|HS|  |TAMS 0x00000006e0800000, 0x00000006e0400000| Complete 
|   2|0x00000006e0800000, 0x00000006e0c00000, 0x00000006e0c00000|100%| O|  |TAMS 0x00000006e0c00000, 0x00000006e0800000| Untracked 
|   3|0x00000006e0c00000, 0x00000006e0fb2a00, 0x00000006e1000000| 92%| O|  |TAMS 0x00000006e0c00000, 0x00000006e0c00000| Untracked 
|   4|0x00000006e1000000, 0x00000006e1000000, 0x00000006e1400000|  0%| F|  |TAMS 0x00000006e1000000, 0x00000006e1000000| Untracked 
|   5|0x00000006e1400000, 0x00000006e1400000, 0x00000006e1800000|  0%| F|  |TAMS 0x00000006e1400000, 0x00000006e1400000| Untracked 
|   6|0x00000006e1800000, 0x00000006e1800000, 0x00000006e1c00000|  0%| F|  |TAMS 0x00000006e1800000, 0x00000006e1800000| Untracked 
|   7|0x00000006e1c00000, 0x00000006e1c00000, 0x00000006e2000000|  0%| F|  |TAMS 0x00000006e1c00000, 0x00000006e1c00000| Untracked 
|   8|0x00000006e2000000, 0x00000006e2000000, 0x00000006e2400000|  0%| F|  |TAMS 0x00000006e2000000, 0x00000006e2000000| Untracked 
|   9|0x00000006e2400000, 0x00000006e2400000, 0x00000006e2800000|  0%| F|  |TAMS 0x00000006e2400000, 0x00000006e2400000| Untracked 
|  10|0x00000006e2800000, 0x00000006e29808d8, 0x00000006e2c00000| 37%| E|  |TAMS 0x00000006e2800000, 0x00000006e2800000| Complete 
|  11|0x00000006e2c00000, 0x00000006e3000000, 0x00000006e3000000|100%| E|CS|TAMS 0x00000006e2c00000, 0x00000006e2c00000| Complete 
|  12|0x00000006e3000000, 0x00000006e3400000, 0x00000006e3400000|100%| E|CS|TAMS 0x00000006e3000000, 0x00000006e3000000| Complete 
|  13|0x00000006e3400000, 0x00000006e3800000, 0x00000006e3800000|100%| E|CS|TAMS 0x00000006e3400000, 0x00000006e3400000| Complete 
|  14|0x00000006e3800000, 0x00000006e3c00000, 0x00000006e3c00000|100%| E|CS|TAMS 0x00000006e3800000, 0x00000006e3800000| Complete 
|  15|0x00000006e3c00000, 0x00000006e4000000, 0x00000006e4000000|100%| E|CS|TAMS 0x00000006e3c00000, 0x00000006e3c00000| Complete 
|  16|0x00000006e4000000, 0x00000006e4400000, 0x00000006e4400000|100%| E|CS|TAMS 0x00000006e4000000, 0x00000006e4000000| Complete 
|  17|0x00000006e4400000, 0x00000006e4603ca8, 0x00000006e4800000| 50%| S|CS|TAMS 0x00000006e4400000, 0x00000006e4400000| Complete 
|  18|0x00000006e4800000, 0x00000006e4c00000, 0x00000006e4c00000|100%| E|CS|TAMS 0x00000006e4800000, 0x00000006e4800000| Complete 
|  23|0x00000006e5c00000, 0x00000006e6000000, 0x00000006e6000000|100%| E|CS|TAMS 0x00000006e5c00000, 0x00000006e5c00000| Complete 

Card table byte_map: [0x000002267e5f0000,0x000002267eef0000] _byte_map_base: 0x000002267aef0000

Marking Bits (Prev, Next): (CMBitMap*) 0x000002267a565a90, (CMBitMap*) 0x000002267a565a50
 Prev Bits: [0x0000022613800000, 0x0000022618000000)
 Next Bits: [0x000002260f000000, 0x0000022613800000)

Polling page: 0x00000226784f0000

Metaspace:

Usage:
  Non-class:     23.01 MB used.
      Class:      3.52 MB used.
       Both:     26.53 MB used.

Virtual space:
  Non-class space:       24.00 MB reserved,      23.19 MB ( 97%) committed,  3 nodes.
      Class space:        1.00 GB reserved,       3.62 MB ( <1%) committed,  1 nodes.
             Both:        1.02 GB reserved,      26.81 MB (  3%) committed. 

Chunk freelists:
   Non-Class:  464.00 KB
       Class:  208.00 KB
        Both:  672.00 KB

MaxMetaspaceSize: unlimited
CompressedClassSpaceSize: 1.00 GB
Initial GC threshold: 21.00 MB
Current GC threshold: 35.12 MB
CDS: off
MetaspaceReclaimPolicy: balanced
 - commit_granule_bytes: 65536.
 - commit_granule_words: 8192.
 - virtual_space_node_default_size: 1048576.
 - enlarge_chunks_in_place: 1.
 - new_chunks_are_fully_committed: 0.
 - uncommit_free_chunks: 1.
 - use_allocation_guard: 0.
 - handle_deallocations: 1.


Internal statistics:

num_allocs_failed_limit: 3.
num_arena_births: 202.
num_arena_deaths: 0.
num_vsnodes_births: 4.
num_vsnodes_deaths: 0.
num_space_committed: 429.
num_space_uncommitted: 0.
num_chunks_returned_to_freelist: 3.
num_chunks_taken_from_freelist: 845.
num_chunk_merges: 3.
num_chunk_splits: 562.
num_chunks_enlarged: 417.
num_purges: 0.
num_inconsistent_stats: 0.

CodeHeap 'non-profiled nmethods': size=120000Kb used=1078Kb max_used=1078Kb free=118922Kb
 bounds [0x0000022607ad0000, 0x0000022607d40000, 0x000002260f000000]
CodeHeap 'profiled nmethods': size=120000Kb used=4836Kb max_used=4836Kb free=115163Kb
 bounds [0x0000022600000000, 0x00000226004c0000, 0x0000022607530000]
CodeHeap 'non-nmethods': size=5760Kb used=1226Kb max_used=1296Kb free=4533Kb
 bounds [0x0000022607530000, 0x00000226077a0000, 0x0000022607ad0000]
 total_blobs=2911 nmethods=2378 adapters=445
 compilation: enabled
              stopped_count=0, restarted_count=0
 full_count=0

Compilation events (20 events):
Event: 5.210 Thread 0x000002261ac33660 2386       3       jdk.internal.org.objectweb.asm.MethodWriter::addSuccessorToCurrentBasicBlock (24 bytes)
Event: 5.211 Thread 0x000002261ac33660 nmethod 2386 0x00000226004b2a10 code [0x00000226004b2bc0, 0x00000226004b2f38]
Event: 5.213 Thread 0x000002261ac33660 2387       3       java.lang.Module::isExported (18 bytes)
Event: 5.214 Thread 0x000002261ac33660 nmethod 2387 0x00000226004b3090 code [0x00000226004b3260, 0x00000226004b3668]
Event: 5.214 Thread 0x000002261ac33660 2388       3       jdk.internal.org.objectweb.asm.Frame::addInitializedType (77 bytes)
Event: 5.214 Thread 0x000002261ac33660 nmethod 2388 0x00000226004b3810 code [0x00000226004b39e0, 0x00000226004b3f28]
Event: 5.237 Thread 0x000002261ac33660 2392       3       java.util.concurrent.locks.ReentrantLock$NonfairSync::initialTryLock (58 bytes)
Event: 5.238 Thread 0x000002261ac33660 nmethod 2392 0x00000226004b4110 code [0x00000226004b42e0, 0x00000226004b46f8]
Event: 5.249 Thread 0x000002261ac33660 2393       3       java.lang.reflect.Constructor::getRoot (5 bytes)
Event: 5.249 Thread 0x000002261ac33660 nmethod 2393 0x00000226004b4810 code [0x00000226004b49a0, 0x00000226004b4ab8]
Event: 5.287 Thread 0x000002261ac33660 2394       3       com.google.common.base.CharMatcher$IsEither::matches (22 bytes)
Event: 5.287 Thread 0x000002261ac33660 nmethod 2394 0x00000226004b4b90 code [0x00000226004b4d20, 0x00000226004b4ed8]
Event: 5.292 Thread 0x000002261ac33660 2395       3       java.util.Collections$UnmodifiableCollection::size (10 bytes)
Event: 5.293 Thread 0x000002261ac33660 nmethod 2395 0x00000226004b4f90 code [0x00000226004b5140, 0x00000226004b5328]
Event: 5.293 Thread 0x000002261ac33660 2396       3       java.util.Collections$UnmodifiableList::get (11 bytes)
Event: 5.293 Thread 0x000002261ac33660 nmethod 2396 0x00000226004b5410 code [0x00000226004b55c0, 0x00000226004b57a8]
Event: 5.293 Thread 0x000002261ac33660 2398       3       org.gradle.api.internal.file.pattern.PatternMatcherFactory::compile (117 bytes)
Event: 5.294 Thread 0x000002261ac33660 nmethod 2398 0x00000226004b5890 code [0x00000226004b5b20, 0x00000226004b6878]
Event: 5.294 Thread 0x000002261ac33660 2397       1       org.gradle.api.internal.file.pattern.EndOfPathMatcher::getMaxSegments (2 bytes)
Event: 5.294 Thread 0x000002261ac33660 nmethod 2397 0x0000022607bdd010 code [0x0000022607bdd1a0, 0x0000022607bdd278]

GC Heap History (8 events):
Event: 1.135 GC heap before
{Heap before GC invocations=0 (full 0):
 garbage-first heap   total 98304K, used 28672K [0x00000006e0000000, 0x0000000800000000)
  region size 4096K, 5 young (20480K), 0 survivors (0K)
 Metaspace       used 9877K, committed 10048K, reserved 1064960K
  class space    used 1000K, committed 1088K, reserved 1048576K
}
Event: 1.145 GC heap after
{Heap after GC invocations=1 (full 0):
 garbage-first heap   total 98304K, used 10170K [0x00000006e0000000, 0x0000000800000000)
  region size 4096K, 1 young (4096K), 1 survivors (4096K)
 Metaspace       used 9877K, committed 10048K, reserved 1064960K
  class space    used 1000K, committed 1088K, reserved 1048576K
}
Event: 1.677 GC heap before
{Heap before GC invocations=1 (full 0):
 garbage-first heap   total 98304K, used 26554K [0x00000006e0000000, 0x0000000800000000)
  region size 4096K, 5 young (20480K), 1 survivors (4096K)
 Metaspace       used 11124K, committed 11328K, reserved 1064960K
  class space    used 1163K, committed 1280K, reserved 1048576K
}
Event: 1.684 GC heap after
{Heap after GC invocations=2 (full 0):
 garbage-first heap   total 98304K, used 10576K [0x00000006e0000000, 0x0000000800000000)
  region size 4096K, 1 young (4096K), 1 survivors (4096K)
 Metaspace       used 11124K, committed 11328K, reserved 1064960K
  class space    used 1163K, committed 1280K, reserved 1048576K
}
Event: 2.600 GC heap before
{Heap before GC invocations=2 (full 0):
 garbage-first heap   total 98304K, used 43344K [0x00000006e0000000, 0x0000000800000000)
  region size 4096K, 9 young (36864K), 1 survivors (4096K)
 Metaspace       used 15966K, committed 16128K, reserved 1064960K
  class space    used 1834K, committed 1920K, reserved 1048576K
}
Event: 2.607 GC heap after
{Heap after GC invocations=3 (full 0):
 garbage-first heap   total 98304K, used 16162K [0x00000006e0000000, 0x0000000800000000)
  region size 4096K, 2 young (8192K), 2 survivors (8192K)
 Metaspace       used 15966K, committed 16128K, reserved 1064960K
  class space    used 1834K, committed 1920K, reserved 1048576K
}
Event: 4.053 GC heap before
{Heap before GC invocations=3 (full 0):
 garbage-first heap   total 98304K, used 36642K [0x00000006e0000000, 0x0000000800000000)
  region size 4096K, 8 young (32768K), 2 survivors (8192K)
 Metaspace       used 21349K, committed 21504K, reserved 1073152K
  class space    used 2612K, committed 2688K, reserved 1048576K
}
Event: 4.059 GC heap after
{Heap after GC invocations=4 (full 0):
 garbage-first heap   total 98304K, used 18137K [0x00000006e0000000, 0x0000000800000000)
  region size 4096K, 1 young (4096K), 1 survivors (4096K)
 Metaspace       used 21349K, committed 21504K, reserved 1073152K
  class space    used 2612K, committed 2688K, reserved 1048576K
}

Dll operation events (2 events):
Event: 0.008 Loaded shared library C:\Program Files\Android\Android Studio\jbr\bin\java.dll
Event: 0.715 Loaded shared library C:\Program Files\Android\Android Studio\jbr\bin\verify.dll

Deoptimization events (20 events):
Event: 3.803 Thread 0x000002261c5034d0 DEOPT PACKING pc=0x0000022607bacec8 sp=0x00000075c77f5090
Event: 3.803 Thread 0x000002261c5034d0 DEOPT UNPACKING pc=0x00000226075869a3 sp=0x00000075c77f5018 mode 2
Event: 3.878 Thread 0x000002261c5034d0 Uncommon trap: trap_request=0xffffff45 fr.pc=0x0000022607ae9554 relative=0x0000000000000b54
Event: 3.878 Thread 0x000002261c5034d0 Uncommon trap: reason=unstable_if action=reinterpret pc=0x0000022607ae9554 method=java.io.WinNTFileSystem.resolve(Ljava/lang/String;Ljava/lang/String;)Ljava/lang/String; @ 19 c2
Event: 3.878 Thread 0x000002261c5034d0 DEOPT PACKING pc=0x0000022607ae9554 sp=0x00000075c77fcec0
Event: 3.878 Thread 0x000002261c5034d0 DEOPT UNPACKING pc=0x00000226075869a3 sp=0x00000075c77fce68 mode 2
Event: 3.880 Thread 0x000002261c5034d0 Uncommon trap: trap_request=0xffffff45 fr.pc=0x0000022607b3e8f0 relative=0x00000000000005d0
Event: 3.880 Thread 0x000002261c5034d0 Uncommon trap: reason=unstable_if action=reinterpret pc=0x0000022607b3e8f0 method=java.io.File.getName()Ljava/lang/String; @ 16 c2
Event: 3.880 Thread 0x000002261c5034d0 DEOPT PACKING pc=0x0000022607b3e8f0 sp=0x00000075c77fce60
Event: 3.880 Thread 0x000002261c5034d0 DEOPT UNPACKING pc=0x00000226075869a3 sp=0x00000075c77fce30 mode 2
Event: 4.562 Thread 0x000002261c5034d0 Uncommon trap: trap_request=0xffffff45 fr.pc=0x0000022607b28c9c relative=0x000000000000025c
Event: 4.562 Thread 0x000002261c5034d0 Uncommon trap: reason=unstable_if action=reinterpret pc=0x0000022607b28c9c method=java.util.HashMap.getNode(Ljava/lang/Object;)Ljava/util/HashMap$Node; @ 66 c2
Event: 4.562 Thread 0x000002261c5034d0 DEOPT PACKING pc=0x0000022607b28c9c sp=0x00000075c77faee0
Event: 4.562 Thread 0x000002261c5034d0 DEOPT UNPACKING pc=0x00000226075869a3 sp=0x00000075c77fae60 mode 2
Event: 4.590 Thread 0x000002261c5034d0 Uncommon trap: trap_request=0xffffff45 fr.pc=0x0000022607b75528 relative=0x0000000000000288
Event: 4.590 Thread 0x000002261c5034d0 Uncommon trap: reason=unstable_if action=reinterpret pc=0x0000022607b75528 method=java.util.concurrent.ConcurrentHashMap.get(Ljava/lang/Object;)Ljava/lang/Object; @ 76 c2
Event: 4.590 Thread 0x000002261c5034d0 DEOPT PACKING pc=0x0000022607b75528 sp=0x00000075c77fa3a0
Event: 4.590 Thread 0x000002261c5034d0 DEOPT UNPACKING pc=0x00000226075869a3 sp=0x00000075c77fa308 mode 2
Event: 5.166 Thread 0x000002261c5034d0 DEOPT PACKING pc=0x00000226000a8c74 sp=0x00000075c77f47a0
Event: 5.166 Thread 0x000002261c5034d0 DEOPT UNPACKING pc=0x0000022607587143 sp=0x00000075c77f3cf8 mode 0

Classes unloaded (0 events):
No events

Classes redefined (0 events):
No events

Internal exceptions (20 events):
Event: 3.710 Thread 0x000002261c5034d0 Exception <a 'java/lang/NoSuchMethodError'{0x00000006e51c6ed8}: 'java.lang.Object java.lang.invoke.Invokers$Holder.linkToTargetMethod(java.lang.Object, java.lang.Object, int, java.lang.Object)'> (0x00000006e51c6ed8) 
thrown [s\src\hotspot\share\interpreter\linkResolver.cpp, line 771]
Event: 3.917 Thread 0x000002261c5034d0 Exception <a 'java/lang/NoSuchMethodError'{0x00000006e493b7d0}: 'java.lang.Object java.lang.invoke.DirectMethodHandle$Holder.newInvokeSpecial(java.lang.Object, java.lang.Object, java.lang.Object, java.lang.Object, java.lang.Object, java.lang.Object)'> (0x00000006e493b7d0) 
thrown [s\src\hotspot\share\interpreter\linkResolver.cpp, line 771]
Event: 4.179 Thread 0x000002261c5034d0 Exception <a 'java/lang/NoSuchMethodError'{0x00000006e5fa1b78}: 'int java.lang.invoke.DirectMethodHandle$Holder.invokeSpecialIFC(java.lang.Object, java.lang.Object, java.lang.Object, java.lang.Object)'> (0x00000006e5fa1b78) 
thrown [s\src\hotspot\share\interpreter\linkResolver.cpp, line 771]
Event: 4.181 Thread 0x000002261c5034d0 Exception <a 'java/lang/NoSuchMethodError'{0x00000006e5fb0bd0}: 'java.lang.Object java.lang.invoke.DirectMethodHandle$Holder.invokeInterface(java.lang.Object, java.lang.Object, java.lang.Object)'> (0x00000006e5fb0bd0) 
thrown [s\src\hotspot\share\interpreter\linkResolver.cpp, line 771]
Event: 4.182 Thread 0x000002261c5034d0 Exception <a 'java/lang/IncompatibleClassChangeError'{0x00000006e5fb4aa8}: Found class java.lang.Object, but interface was expected> (0x00000006e5fb4aa8) 
thrown [s\src\hotspot\share\interpreter\linkResolver.cpp, line 838]
Event: 4.283 Thread 0x000002261c5034d0 Exception <a 'java/lang/NoSuchMethodError'{0x00000006e4a56740}: 'int java.lang.invoke.DirectMethodHandle$Holder.invokeStatic(java.lang.Object, java.lang.Object, java.lang.Object, java.lang.Object)'> (0x00000006e4a56740) 
thrown [s\src\hotspot\share\interpreter\linkResolver.cpp, line 771]
Event: 4.283 Thread 0x000002261c5034d0 Exception <a 'java/lang/NoSuchMethodError'{0x00000006e4a5a610}: 'java.lang.Object java.lang.invoke.Invokers$Holder.invokeExact_MT(java.lang.Object, java.lang.Object, java.lang.Object, java.lang.Object, java.lang.Object, java.lang.Object)'> (0x00000006e4a5a610) 
thrown [s\src\hotspot\share\interpreter\linkResolver.cpp, line 771]
Event: 4.307 Thread 0x000002261c5034d0 Exception <a 'java/lang/NoSuchMethodError'{0x00000006e4b00e88}: 'java.lang.Object java.lang.invoke.DirectMethodHandle$Holder.invokeInterface(java.lang.Object, java.lang.Object)'> (0x00000006e4b00e88) 
thrown [s\src\hotspot\share\interpreter\linkResolver.cpp, line 771]
Event: 4.346 Thread 0x000002261c5034d0 Exception <a 'java/lang/NoSuchMethodError'{0x00000006e40aee48}: 'void java.lang.invoke.DirectMethodHandle$Holder.invokeSpecial(java.lang.Object, java.lang.Object, java.lang.Object, java.lang.Object, java.lang.Object)'> (0x00000006e40aee48) 
thrown [s\src\hotspot\share\interpreter\linkResolver.cpp, line 771]
Event: 4.384 Thread 0x000002261c5034d0 Exception <a 'java/lang/NoSuchMethodError'{0x00000006e4238978}: 'java.lang.Object java.lang.invoke.DirectMethodHandle$Holder.invokeSpecial(java.lang.Object, java.lang.Object, java.lang.Object, java.lang.Object, java.lang.Object, java.lang.Object, java.lang.Object, java.lang.Object, java.lang.Object)'> (0x00000006e4238978) 
thrown [s\src\hotspot\share\interpreter\linkResolver.cpp, line 771]
Event: 4.497 Thread 0x000002261c5034d0 Exception <a 'java/lang/NoSuchMethodError'{0x00000006e3e6aae0}: 'void java.lang.invoke.DirectMethodHandle$Holder.invokeStatic(java.lang.Object, java.lang.Object)'> (0x00000006e3e6aae0) 
thrown [s\src\hotspot\share\interpreter\linkResolver.cpp, line 771]
Event: 4.504 Thread 0x000002261c5034d0 Exception <a 'java/lang/NoSuchMethodError'{0x00000006e3ead5f0}: 'java.lang.Object java.lang.invoke.DirectMethodHandle$Holder.invokeVirtual(java.lang.Object, java.lang.Object, java.lang.Object, java.lang.Object)'> (0x00000006e3ead5f0) 
thrown [s\src\hotspot\share\interpreter\linkResolver.cpp, line 771]
Event: 4.581 Thread 0x000002261c5034d0 Exception <a 'java/lang/NoSuchMethodError'{0x00000006e38f23e0}: 'java.lang.Object java.lang.invoke.DirectMethodHandle$Holder.newInvokeSpecial(java.lang.Object, java.lang.Object, java.lang.Object, java.lang.Object, java.lang.Object)'> (0x00000006e38f23e0) 
thrown [s\src\hotspot\share\interpreter\linkResolver.cpp, line 771]
Event: 4.655 Thread 0x000002261c5034d0 Exception <a 'java/lang/NoSuchMethodError'{0x00000006e3af24b0}: 'void java.lang.invoke.DirectMethodHandle$Holder.invokeSpecial(java.lang.Object, java.lang.Object, java.lang.Object, java.lang.Object, java.lang.Object, java.lang.Object)'> (0x00000006e3af24b0) 
thrown [s\src\hotspot\share\interpreter\linkResolver.cpp, line 771]
Event: 4.665 Thread 0x000002261c5034d0 Exception <a 'java/lang/NoSuchMethodError'{0x00000006e3b2d360}: 'java.lang.Object java.lang.invoke.DirectMethodHandle$Holder.newInvokeSpecial(java.lang.Object, java.lang.Object, java.lang.Object, java.lang.Object, java.lang.Object, java.lang.Object, java.lang.Object)'> (0x00000006e3b2d360) 
thrown [s\src\hotspot\share\interpreter\linkResolver.cpp, line 771]
Event: 4.666 Thread 0x000002261c5034d0 Exception <a 'java/lang/NoSuchMethodError'{0x00000006e3b32030}: 'java.lang.Object java.lang.invoke.Invokers$Holder.linkToTargetMethod(java.lang.Object, java.lang.Object, java.lang.Object, java.lang.Object, java.lang.Object, java.lang.Object, java.lang.Object)'> (0x00000006e3b32030) 
thrown [s\src\hotspot\share\interpreter\linkResolver.cpp, line 771]
Event: 4.705 Thread 0x000002261c5034d0 Exception <a 'java/lang/NoSuchMethodError'{0x00000006e3bea4f8}: 'void java.lang.invoke.DirectMethodHandle$Holder.invokeSpecial(java.lang.Object, java.lang.Object, java.lang.Object, java.lang.Object, java.lang.Object, java.lang.Object, java.lang.Object)'> (0x00000006e3bea4f8) 
thrown [s\src\hotspot\share\interpreter\linkResolver.cpp, line 771]
Event: 4.765 Thread 0x000002261c5034d0 Exception <a 'java/lang/NoSuchMethodError'{0x00000006e357cd38}: 'java.lang.Object java.lang.invoke.DirectMethodHandle$Holder.invokeVirtual(java.lang.Object, java.lang.Object, java.lang.Object, java.lang.Object, java.lang.Object, java.lang.Object, java.lang.Object, java.lang.Object, java.lang.Object, java.lang.Object, java.lang.Object, java.lang.Object, java.lang.Object, java.lang.Object, java.lang.Object, java.lang.Object, java.lang.Object, java.lang.Object, java.lang.Object, java.lang.Object, java.lang.Ob
Event: 4.917 Thread 0x000002261c5034d0 Exception <a 'java/lang/NoSuchMethodError'{0x00000006e3178408}: 'int java.lang.invoke.DirectMethodHandle$Holder.invokeStaticInit(java.lang.Object, java.lang.Object, java.lang.Object)'> (0x00000006e3178408) 
thrown [s\src\hotspot\share\interpreter\linkResolver.cpp, line 771]
Event: 5.129 Thread 0x000002261c5034d0 Exception <a 'java/lang/NoSuchMethodError'{0x00000006e2d593d8}: 'void java.lang.invoke.DirectMethodHandle$Holder.invokeStaticInit(java.lang.Object, java.lang.Object)'> (0x00000006e2d593d8) 
thrown [s\src\hotspot\share\interpreter\linkResolver.cpp, line 771]

VM Operations (20 events):
Event: 3.177 Executing VM operation: HandshakeAllThreads
Event: 3.177 Executing VM operation: HandshakeAllThreads done
Event: 3.286 Executing VM operation: HandshakeAllThreads
Event: 3.286 Executing VM operation: HandshakeAllThreads done
Event: 3.888 Executing VM operation: HandshakeAllThreads
Event: 3.888 Executing VM operation: HandshakeAllThreads done
Event: 3.888 Executing VM operation: Cleanup
Event: 3.888 Executing VM operation: Cleanup done
Event: 3.936 Executing VM operation: HandshakeAllThreads
Event: 3.936 Executing VM operation: HandshakeAllThreads done
Event: 3.937 Executing VM operation: HandshakeAllThreads
Event: 3.937 Executing VM operation: HandshakeAllThreads done
Event: 4.053 Executing VM operation: CollectForMetadataAllocation
Event: 4.060 Executing VM operation: CollectForMetadataAllocation done
Event: 4.068 Executing VM operation: G1Concurrent
Event: 4.071 Executing VM operation: G1Concurrent done
Event: 4.071 Executing VM operation: G1Concurrent
Event: 4.071 Executing VM operation: G1Concurrent done
Event: 5.081 Executing VM operation: Cleanup
Event: 5.081 Executing VM operation: Cleanup done

Events (20 events):
Event: 4.693 loading class java/util/ConcurrentModificationException
Event: 4.694 loading class java/util/ConcurrentModificationException done
Event: 4.902 loading class java/util/concurrent/atomic/AtomicReferenceFieldUpdater
Event: 4.903 loading class java/util/concurrent/atomic/AtomicReferenceFieldUpdater done
Event: 4.903 loading class java/util/concurrent/atomic/AtomicReferenceFieldUpdater$AtomicReferenceFieldUpdaterImpl
Event: 4.904 loading class java/util/concurrent/atomic/AtomicReferenceFieldUpdater$AtomicReferenceFieldUpdaterImpl done
Event: 4.904 loading class java/util/concurrent/atomic/AtomicReferenceFieldUpdater$AtomicReferenceFieldUpdaterImpl$1
Event: 4.904 loading class java/util/concurrent/atomic/AtomicReferenceFieldUpdater$AtomicReferenceFieldUpdaterImpl$1 done
Event: 4.904 loading class sun/reflect/misc/ReflectUtil
Event: 4.905 loading class sun/reflect/misc/ReflectUtil done
Event: 5.085 loading class java/util/DualPivotQuicksort
Event: 5.087 loading class java/util/DualPivotQuicksort done
Event: 5.244 loading class java/util/function/UnaryOperator
Event: 5.245 loading class java/util/function/UnaryOperator done
Event: 5.260 loading class java/util/concurrent/CancellationException
Event: 5.260 loading class java/util/concurrent/CancellationException done
Event: 5.263 loading class java/util/concurrent/TimeoutException
Event: 5.264 loading class java/util/concurrent/TimeoutException done
Event: 5.272 loading class java/util/ServiceConfigurationError
Event: 5.272 loading class java/util/ServiceConfigurationError done


Dynamic libraries:
0x00007ff6cc240000 - 0x00007ff6cc24a000 	C:\Program Files\Android\Android Studio\jbr\bin\java.exe
0x00007ffb69b90000 - 0x00007ffb69d88000 	C:\Windows\SYSTEM32\ntdll.dll
0x00007ffb69a90000 - 0x00007ffb69b4d000 	C:\Windows\System32\KERNEL32.DLL
0x00007ffb67370000 - 0x00007ffb67666000 	C:\Windows\System32\KERNELBASE.dll
0x00007ffb67240000 - 0x00007ffb67340000 	C:\Windows\System32\ucrtbase.dll
0x00007ffb42580000 - 0x00007ffb42597000 	C:\Program Files\Android\Android Studio\jbr\bin\jli.dll
0x00007ffb41b10000 - 0x00007ffb41b2b000 	C:\Program Files\Android\Android Studio\jbr\bin\VCRUNTIME140.dll
0x00007ffb67fa0000 - 0x00007ffb6813f000 	C:\Windows\System32\USER32.dll
0x00007ffb67670000 - 0x00007ffb67692000 	C:\Windows\System32\win32u.dll
0x00007ffb4d8a0000 - 0x00007ffb4db3a000 	C:\Windows\WinSxS\amd64_microsoft.windows.common-controls_6595b64144ccf1df_6.0.19041.3636_none_60b6a03d71f818d5\COMCTL32.dll
0x00007ffb68370000 - 0x00007ffb6839b000 	C:\Windows\System32\GDI32.dll
0x00007ffb67f00000 - 0x00007ffb67f9e000 	C:\Windows\System32\msvcrt.dll
0x00007ffb67aa0000 - 0x00007ffb67bb7000 	C:\Windows\System32\gdi32full.dll
0x00007ffb67750000 - 0x00007ffb677ed000 	C:\Windows\System32\msvcp_win.dll
0x00007ffb68840000 - 0x00007ffb68872000 	C:\Windows\System32\IMM32.DLL
0x00007ffb5eb90000 - 0x00007ffb5eb9c000 	C:\Program Files\Android\Android Studio\jbr\bin\vcruntime140_1.dll
0x00007ffb34920000 - 0x00007ffb349ad000 	C:\Program Files\Android\Android Studio\jbr\bin\msvcp140.dll
0x00007ffaf7910000 - 0x00007ffaf857d000 	C:\Program Files\Android\Android Studio\jbr\bin\server\jvm.dll
0x00007ffb698c0000 - 0x00007ffb69970000 	C:\Windows\System32\ADVAPI32.dll
0x00007ffb68140000 - 0x00007ffb681e0000 	C:\Windows\System32\sechost.dll
0x00007ffb68710000 - 0x00007ffb68833000 	C:\Windows\System32\RPCRT4.dll
0x00007ffb67340000 - 0x00007ffb67367000 	C:\Windows\System32\bcrypt.dll
0x00007ffb3fb40000 - 0x00007ffb3fb67000 	C:\Windows\SYSTEM32\WINMM.dll
0x00007ffb4afb0000 - 0x00007ffb4afb9000 	C:\Windows\SYSTEM32\WSOCK32.dll
0x00007ffb5d710000 - 0x00007ffb5d71a000 	C:\Windows\SYSTEM32\VERSION.dll
0x00007ffb68fe0000 - 0x00007ffb6904b000 	C:\Windows\System32\WS2_32.dll
0x00007ffb65090000 - 0x00007ffb650a2000 	C:\Windows\SYSTEM32\kernel.appcore.dll
0x00007ffb5eb10000 - 0x00007ffb5eb1a000 	C:\Program Files\Android\Android Studio\jbr\bin\jimage.dll
0x00007ffb44030000 - 0x00007ffb44214000 	C:\Windows\SYSTEM32\DBGHELP.DLL
0x00007ffb43ff0000 - 0x00007ffb44024000 	C:\Windows\SYSTEM32\dbgcore.DLL
0x00007ffb67a10000 - 0x00007ffb67a92000 	C:\Windows\System32\bcryptPrimitives.dll
0x00007ffb33b30000 - 0x00007ffb33b55000 	C:\Program Files\Android\Android Studio\jbr\bin\java.dll
0x00007ffb3b370000 - 0x00007ffb3b388000 	C:\Program Files\Android\Android Studio\jbr\bin\zip.dll
0x00007ffb690b0000 - 0x00007ffb6981b000 	C:\Windows\System32\SHELL32.dll
0x00007ffb65290000 - 0x00007ffb65a2e000 	C:\Windows\SYSTEM32\windows.storage.dll
0x00007ffb683b0000 - 0x00007ffb68703000 	C:\Windows\System32\combase.dll
0x00007ffb66b20000 - 0x00007ffb66b4e000 	C:\Windows\SYSTEM32\Wldp.dll
0x00007ffb681f0000 - 0x00007ffb682bd000 	C:\Windows\System32\OLEAUT32.dll
0x00007ffb682c0000 - 0x00007ffb6836d000 	C:\Windows\System32\SHCORE.dll
0x00007ffb69970000 - 0x00007ffb699c5000 	C:\Windows\System32\shlwapi.dll
0x00007ffb67170000 - 0x00007ffb67193000 	C:\Windows\SYSTEM32\profapi.dll
0x00007ffb35a30000 - 0x00007ffb35a49000 	C:\Program Files\Android\Android Studio\jbr\bin\net.dll
0x00007ffb58110000 - 0x00007ffb5821a000 	C:\Windows\SYSTEM32\WINHTTP.dll
0x00007ffb668a0000 - 0x00007ffb6690a000 	C:\Windows\system32\mswsock.dll
0x00007ffb35950000 - 0x00007ffb35966000 	C:\Program Files\Android\Android Studio\jbr\bin\nio.dll
0x00007ffb5eac0000 - 0x00007ffb5ead0000 	C:\Program Files\Android\Android Studio\jbr\bin\verify.dll
0x00007ffb493e0000 - 0x00007ffb49407000 	C:\Users\aldai\.gradle\native\e1d6ef7f7dcc3fd88c89a11ec53ec762bb8ba0a96d01ffa2cd45eb1d1d8dd5c5\windows-amd64\native-platform.dll
0x00007ffb25560000 - 0x00007ffb256a4000 	C:\Users\aldai\.gradle\native\0d407fdbe67a94daf76414ababcb853783967236a71b16ec16e742cd7a986fd3\windows-amd64\native-platform-file-events.dll
0x00007ffb5e9f0000 - 0x00007ffb5e9f9000 	C:\Program Files\Android\Android Studio\jbr\bin\management.dll
0x00007ffb552e0000 - 0x00007ffb552eb000 	C:\Program Files\Android\Android Studio\jbr\bin\management_ext.dll
0x00007ffb699d0000 - 0x00007ffb699d8000 	C:\Windows\System32\PSAPI.DLL
0x00007ffb66e70000 - 0x00007ffb66e88000 	C:\Windows\SYSTEM32\CRYPTSP.dll
0x00007ffb661e0000 - 0x00007ffb66214000 	C:\Windows\system32\rsaenh.dll
0x00007ffb670f0000 - 0x00007ffb6711e000 	C:\Windows\SYSTEM32\USERENV.dll
0x00007ffb66a30000 - 0x00007ffb66a3c000 	C:\Windows\SYSTEM32\CRYPTBASE.dll
0x00007ffb665a0000 - 0x00007ffb665db000 	C:\Windows\SYSTEM32\IPHLPAPI.DLL
0x00007ffb681e0000 - 0x00007ffb681e8000 	C:\Windows\System32\NSI.dll
0x00007ffb5d6f0000 - 0x00007ffb5d707000 	C:\Windows\SYSTEM32\dhcpcsvc6.DLL
0x00007ffb5d2a0000 - 0x00007ffb5d2bd000 	C:\Windows\SYSTEM32\dhcpcsvc.DLL
0x00007ffb665e0000 - 0x00007ffb666ab000 	C:\Windows\SYSTEM32\DNSAPI.dll
0x00007ffb58d30000 - 0x00007ffb58d37000 	C:\Windows\system32\wshunix.dll

dbghelp: loaded successfully - version: 4.0.5 - missing functions: none
symbol engine: initialized successfully - sym options: 0x614 - pdb path: .;C:\Program Files\Android\Android Studio\jbr\bin;C:\Windows\SYSTEM32;C:\Windows\WinSxS\amd64_microsoft.windows.common-controls_6595b64144ccf1df_6.0.19041.3636_none_60b6a03d71f818d5;C:\Program Files\Android\Android Studio\jbr\bin\server;C:\Users\aldai\.gradle\native\e1d6ef7f7dcc3fd88c89a11ec53ec762bb8ba0a96d01ffa2cd45eb1d1d8dd5c5\windows-amd64;C:\Users\aldai\.gradle\native\0d407fdbe67a94daf76414ababcb853783967236a71b16ec16e742cd7a986fd3\windows-amd64

VM Arguments:
jvm_args: --add-opens=java.base/java.util=ALL-UNNAMED --add-opens=java.base/java.lang=ALL-UNNAMED --add-opens=java.base/java.lang.invoke=ALL-UNNAMED --add-opens=java.base/java.util=ALL-UNNAMED --add-opens=java.prefs/java.util.prefs=ALL-UNNAMED --add-opens=java.prefs/java.util.prefs=ALL-UNNAMED --add-opens=java.base/java.nio.charset=ALL-UNNAMED --add-opens=java.base/java.net=ALL-UNNAMED --add-opens=java.base/java.util.concurrent.atomic=ALL-UNNAMED -Xmx4608m -Dfile.encoding=windows-1252 -Duser.country=CO -Duser.language=es -Duser.variant 
java_command: org.gradle.launcher.daemon.bootstrap.GradleDaemon 7.5
java_class_path (initial): C:\Users\aldai\.gradle\wrapper\dists\gradle-7.5-all\6qsw290k5lz422uaf8jf6m7co\gradle-7.5\lib\gradle-launcher-7.5.jar
Launcher Type: SUN_STANDARD

[Global flags]
     intx CICompilerCount                          = 4                                         {product} {ergonomic}
     uint ConcGCThreads                            = 2                                         {product} {ergonomic}
     uint G1ConcRefinementThreads                  = 8                                         {product} {ergonomic}
   size_t G1HeapRegionSize                         = 4194304                                   {product} {ergonomic}
    uintx GCDrainStackTargetSize                   = 64                                        {product} {ergonomic}
   size_t InitialHeapSize                          = 100663296                                 {product} {ergonomic}
   size_t MarkStackSize                            = 4194304                                   {product} {ergonomic}
   size_t MaxHeapSize                              = 4831838208                                {product} {command line}
   size_t MaxNewSize                               = 2898264064                                {product} {ergonomic}
   size_t MinHeapDeltaBytes                        = 4194304                                   {product} {ergonomic}
   size_t MinHeapSize                              = 8388608                                   {product} {ergonomic}
    uintx NonNMethodCodeHeapSize                   = 5839372                                {pd product} {ergonomic}
    uintx NonProfiledCodeHeapSize                  = 122909434                              {pd product} {ergonomic}
    uintx ProfiledCodeHeapSize                     = 122909434                              {pd product} {ergonomic}
    uintx ReservedCodeCacheSize                    = 251658240                              {pd product} {ergonomic}
     bool SegmentedCodeCache                       = true                                      {product} {ergonomic}
   size_t SoftMaxHeapSize                          = 4831838208                             {manageable} {ergonomic}
     bool UseCompressedClassPointers               = true                           {product lp64_product} {ergonomic}
     bool UseCompressedOops                        = true                           {product lp64_product} {ergonomic}
     bool UseG1GC                                  = true                                      {product} {ergonomic}
     bool UseLargePagesIndividualAllocation        = false                                  {pd product} {ergonomic}

Logging:
Log output configuration:
 #0: stdout all=warning uptime,level,tags
 #1: stderr all=off uptime,level,tags

Environment Variables:
JAVA_HOME=C:\Program Files\Android\Android Studio\jbr
CLASSPATH=D:\ESPACIO DE TRABAJO SISTEMAS CLINIZAD\TESISAPP\App_Arsac_Front\android\\gradle\wrapper\gradle-wrapper.jar
PATH=C:\Program Files\Android\Android Studio\jbr\bin;C:\Program Files\Common Files\Oracle\Java\javapath;C:\Program Files (x86)\Common Files\Oracle\Java\javapath;C:\Windows\system32;C:\Windows;C:\Windows\System32\Wbem;C:\Windows\System32\WindowsPowerShell\v1.0\;C:\Windows\System32\OpenSSH\;C:\Program Files\Docker\Docker\resources\bin;C:\Program Files\nodejs\;C:\Program Files\Git\cmd;C:\Program Files (x86)\Microsoft SQL Server\160\Tools\Binn\;C:\Program Files\Microsoft SQL Server\160\Tools\Binn\;C:\Program Files\Microsoft SQL Server\Client SDK\ODBC\170\Tools\Binn\;C:\Program Files\Microsoft SQL Server\160\DTS\Binn\;C:\Program Files\Azure Data Studio\bin;C:\Program Files (x86)\Print Conductor;C:\Program Files (x86)\Microsoft SQL Server\160\DTS\Binn\;C:\Users\aldai\AppData\Local\Microsoft\WindowsApps;C:\Users\aldai\AppData\Local\Programs\Microsoft VS Code\bin;C:\Users\aldai\AppData\Roaming\npm;C:\Program Files\Azure Data Studio\bin;C:\flutter\bin;C:\Program Files (x86)\Print Conductor;C:\Users\aldai\AppData\Local\Programs\Python\Python311\Scripts;C:\Program Files\nodejs;;C:\flutter\bin\mingit\cmd;C:\flutter\bin\mingit\cmd
USERNAME=aldai
OS=Windows_NT
PROCESSOR_IDENTIFIER=Intel64 Family 6 Model 142 Stepping 10, GenuineIntel
TMP=C:\Users\aldai\AppData\Local\Temp
TEMP=C:\Users\aldai\AppData\Local\Temp



---------------  S Y S T E M  ---------------

OS:
 Windows 10 , 64 bit Build 19041 (10.0.19041.3636)
OS uptime: 0 days 16:43 hours
Hyper-V role detected

CPU: total 8 (initial active 8) (4 cores per cpu, 2 threads per core) family 6 model 142 stepping 10 microcode 0xb4, cx8, cmov, fxsr, ht, mmx, 3dnowpref, sse, sse2, sse3, ssse3, sse4.1, sse4.2, popcnt, lzcnt, tsc, tscinvbit, avx, avx2, aes, erms, clmul, bmi1, bmi2, adx, fma, vzeroupper, clflush, clflushopt, hv

Memory: 4k page, system-wide physical 6019M (340M free)
TotalPageFile size 18019M (AvailPageFile size 90M)
current process WorkingSet (physical memory assigned to process): 153M, peak: 156M
current process commit charge ("private bytes"): 221M, peak: 223M

vm_info: OpenJDK 64-Bit Server VM (17.0.6+0-b2043.56-9586694) for windows-amd64 JRE (17.0.6+0-b2043.56-9586694), built on Feb  9 2023 20:06:20 by "androidbuild" with MS VC++ 16.10 / 16.11 (VS2019)

END.
