#
# There is insufficient memory for the Java Runtime Environment to continue.
# Native memory allocation (malloc) failed to allocate 1124656 bytes for Chunk::new
# Possible reasons:
#   The system is out of physical RAM or swap space
#   The process is running with CompressedOops enabled, and the Java Heap may be blocking the growth of the native heap
# Possible solutions:
#   Reduce memory load on the system
#   Increase physical memory or swap space
#   Check if swap backing store is full
#   Decrease Java heap size (-Xmx/-Xms)
#   Decrease number of Java threads
#   Decrease Java thread stack sizes (-Xss)
#   Set larger code cache with -XX:ReservedCodeCacheSize=
#   JVM is running with Zero Based Compressed Oops mode in which the Java heap is
#     placed in the first 32GB address space. The Java Heap base address is the
#     maximum limit for the native heap growth. Please use -XX:HeapBaseMinAddress
#     to set the Java Heap base and to place the Java Heap above 32GB virtual address.
# This output file may be truncated or incomplete.
#
#  Out of Memory Error (arena.cpp:189), pid=18444, tid=13816
#
# JRE version: OpenJDK Runtime Environment (17.0.6) (build 17.0.6+0-b2043.56-9586694)
# Java VM: OpenJDK 64-Bit Server VM (17.0.6+0-b2043.56-9586694, mixed mode, tiered, compressed oops, compressed class ptrs, g1 gc, windows-amd64)
# No core dump will be written. Minidumps are not enabled by default on client versions of Windows
#

---------------  S U M M A R Y ------------

Command Line: --add-opens=java.base/java.util=ALL-UNNAMED --add-opens=java.base/java.lang=ALL-UNNAMED --add-opens=java.base/java.lang.invoke=ALL-UNNAMED --add-opens=java.base/java.util=ALL-UNNAMED --add-opens=java.prefs/java.util.prefs=ALL-UNNAMED --add-opens=java.prefs/java.util.prefs=ALL-UNNAMED --add-opens=java.base/java.nio.charset=ALL-UNNAMED --add-opens=java.base/java.net=ALL-UNNAMED --add-opens=java.base/java.util.concurrent.atomic=ALL-UNNAMED -Xmx4608m -Dfile.encoding=windows-1252 -Duser.country=CO -Duser.language=es -Duser.variant org.gradle.launcher.daemon.bootstrap.GradleDaemon 7.5

Host: Intel(R) Core(TM) i5-8250U CPU @ 1.60GHz, 8 cores, 5G,  Windows 10 , 64 bit Build 19041 (10.0.19041.3636)
Time: Thu May  2 02:01:37 2024 Hora est. Pacífico, Sudamérica elapsed time: 177.830357 seconds (0d 0h 2m 57s)

---------------  T H R E A D  ---------------

Current thread (0x000001b5ff528450):  JavaThread "C2 CompilerThread0" daemon [_thread_in_native, id=13816, stack(0x00000086bd200000,0x00000086bd300000)]


Current CompileTask:
C2: 177830 3371       4       java.lang.invoke.MethodType::makeImpl (109 bytes)

Stack: [0x00000086bd200000,0x00000086bd300000]
Native frames: (J=compiled Java code, j=interpreted, Vv=VM code, C=native code)
V  [jvm.dll+0x683b4a]
V  [jvm.dll+0x842654]
V  [jvm.dll+0x843dfe]
V  [jvm.dll+0x844463]
V  [jvm.dll+0x249b75]
V  [jvm.dll+0xabcac]
V  [jvm.dll+0xac27c]
V  [jvm.dll+0x368857]
V  [jvm.dll+0x1bced2]
V  [jvm.dll+0x21c359]
V  [jvm.dll+0x21b621]
V  [jvm.dll+0x1a4fdd]
V  [jvm.dll+0x22b098]
V  [jvm.dll+0x229159]
V  [jvm.dll+0x7f809c]
V  [jvm.dll+0x7f25fa]
V  [jvm.dll+0x682985]
C  [ucrtbase.dll+0x21bb2]
C  [KERNEL32.DLL+0x17344]
C  [ntdll.dll+0x526b1]


---------------  P R O C E S S  ---------------

Threads class SMR info:
_java_thread_list=0x000001b58451ed70, length=34, elements={
0x000001b5dee45c50, 0x000001b5feb58b40, 0x000001b5feb5a2e0, 0x000001b5feba3560,
0x000001b5feba3f20, 0x000001b5feba8fa0, 0x000001b5ff54add0, 0x000001b5ff528450,
0x000001b5ff52b1c0, 0x000001b5ff52e280, 0x000001b5ff6a0870, 0x000001b5ff6ca410,
0x000001b5821f5410, 0x000001b5824829b0, 0x000001b5820f54e0, 0x000001b5825f6070,
0x000001b5821d8c00, 0x000001b5820be700, 0x000001b5820bc080, 0x000001b5820bc550,
0x000001b5820bdd60, 0x000001b5820be230, 0x000001b5820bf0a0, 0x000001b5820bd890,
0x000001b5820bca20, 0x000001b5820bf570, 0x000001b5820bfa40, 0x000001b5820bcef0,
0x000001b5820bd3c0, 0x000001b580a48040, 0x000001b580a45020, 0x000001b580a48510,
0x000001b580a454f0, 0x000001b581182030
}

Java Threads: ( => current thread )
  0x000001b5dee45c50 JavaThread "main" [_thread_blocked, id=19092, stack(0x00000086bc500000,0x00000086bc600000)]
  0x000001b5feb58b40 JavaThread "Reference Handler" daemon [_thread_blocked, id=15540, stack(0x00000086bcc00000,0x00000086bcd00000)]
  0x000001b5feb5a2e0 JavaThread "Finalizer" daemon [_thread_blocked, id=18600, stack(0x00000086bcd00000,0x00000086bce00000)]
  0x000001b5feba3560 JavaThread "Signal Dispatcher" daemon [_thread_blocked, id=18584, stack(0x00000086bce00000,0x00000086bcf00000)]
  0x000001b5feba3f20 JavaThread "Attach Listener" daemon [_thread_blocked, id=7548, stack(0x00000086bcf00000,0x00000086bd000000)]
  0x000001b5feba8fa0 JavaThread "Service Thread" daemon [_thread_blocked, id=13172, stack(0x00000086bd000000,0x00000086bd100000)]
  0x000001b5ff54add0 JavaThread "Monitor Deflation Thread" daemon [_thread_blocked, id=16880, stack(0x00000086bd100000,0x00000086bd200000)]
=>0x000001b5ff528450 JavaThread "C2 CompilerThread0" daemon [_thread_in_native, id=13816, stack(0x00000086bd200000,0x00000086bd300000)]
  0x000001b5ff52b1c0 JavaThread "C1 CompilerThread0" daemon [_thread_blocked, id=8712, stack(0x00000086bd300000,0x00000086bd400000)]
  0x000001b5ff52e280 JavaThread "Sweeper thread" daemon [_thread_blocked, id=15576, stack(0x00000086bd400000,0x00000086bd500000)]
  0x000001b5ff6a0870 JavaThread "Common-Cleaner" daemon [_thread_blocked, id=5252, stack(0x00000086bd500000,0x00000086bd600000)]
  0x000001b5ff6ca410 JavaThread "Notification Thread" daemon [_thread_blocked, id=18820, stack(0x00000086bd600000,0x00000086bd700000)]
  0x000001b5821f5410 JavaThread "Daemon health stats" [_thread_blocked, id=17816, stack(0x00000086bdb00000,0x00000086bdc00000)]
  0x000001b5824829b0 JavaThread "Incoming local TCP Connector on port 59412" [_thread_in_native, id=19280, stack(0x00000086be000000,0x00000086be100000)]
  0x000001b5820f54e0 JavaThread "Daemon periodic checks" [_thread_blocked, id=12280, stack(0x00000086be100000,0x00000086be200000)]
  0x000001b5825f6070 JavaThread "Daemon" [_thread_blocked, id=7696, stack(0x00000086be200000,0x00000086be300000)]
  0x000001b5821d8c00 JavaThread "Handler for socket connection from /127.0.0.1:59412 to /127.0.0.1:59413" [_thread_in_native, id=19308, stack(0x00000086be300000,0x00000086be400000)]
  0x000001b5820be700 JavaThread "Cancel handler" [_thread_blocked, id=15580, stack(0x00000086be400000,0x00000086be500000)]
  0x000001b5820bc080 JavaThread "Daemon worker" [_thread_in_vm, id=16516, stack(0x00000086be500000,0x00000086be600000)]
  0x000001b5820bc550 JavaThread "Asynchronous log dispatcher for DefaultDaemonConnection: socket connection from /127.0.0.1:59412 to /127.0.0.1:59413" [_thread_blocked, id=19028, stack(0x00000086be600000,0x00000086be700000)]
  0x000001b5820bdd60 JavaThread "Stdin handler" [_thread_blocked, id=18592, stack(0x00000086be700000,0x00000086be800000)]
  0x000001b5820be230 JavaThread "Daemon client event forwarder" [_thread_blocked, id=8392, stack(0x00000086be800000,0x00000086be900000)]
  0x000001b5820bf0a0 JavaThread "Cache worker for journal cache (C:\Users\aldai\.gradle\caches\journal-1)" [_thread_blocked, id=14224, stack(0x00000086be900000,0x00000086bea00000)]
  0x000001b5820bd890 JavaThread "File lock request listener" [_thread_in_native, id=10016, stack(0x00000086bea00000,0x00000086beb00000)]
  0x000001b5820bca20 JavaThread "Cache worker for file hash cache (C:\Users\aldai\.gradle\caches\7.5\fileHashes)" [_thread_blocked, id=4888, stack(0x00000086bec00000,0x00000086bed00000)]
  0x000001b5820bf570 JavaThread "File watcher server" daemon [_thread_in_native, id=18032, stack(0x00000086bc200000,0x00000086bc300000)]
  0x000001b5820bfa40 JavaThread "File watcher consumer" daemon [_thread_blocked, id=1056, stack(0x00000086bc300000,0x00000086bc400000)]
  0x000001b5820bcef0 JavaThread "Cache worker for checksums cache (D:\ESPACIO DE TRABAJO SISTEMAS CLINIZAD\TESISAPP\App_Arsac_Front\android\.gradle\7.5\checksums)" [_thread_blocked, id=5808, stack(0x00000086bc400000,0x00000086bc500000)]
  0x000001b5820bd3c0 JavaThread "Cache worker for cache directory md-rule (C:\Users\aldai\.gradle\caches\7.5\md-rule)" [_thread_blocked, id=8616, stack(0x00000086bed00000,0x00000086bee00000)]
  0x000001b580a48040 JavaThread "Cache worker for file content cache (C:\Users\aldai\.gradle\caches\7.5\fileContent)" [_thread_blocked, id=15516, stack(0x00000086bee00000,0x00000086bef00000)]
  0x000001b580a45020 JavaThread "Cache worker for file hash cache (D:\ESPACIO DE TRABAJO SISTEMAS CLINIZAD\TESISAPP\App_Arsac_Front\android\.gradle\7.5\fileHashes)" [_thread_blocked, id=14124, stack(0x00000086bef00000,0x00000086bf000000)]
  0x000001b580a48510 JavaThread "Cache worker for cache directory md-supplier (C:\Users\aldai\.gradle\caches\7.5\md-supplier)" [_thread_blocked, id=3752, stack(0x00000086bf000000,0x00000086bf100000)]
  0x000001b580a454f0 JavaThread "Cache worker for execution history cache (C:\Users\aldai\.gradle\caches\7.5\executionHistory)" [_thread_blocked, id=2596, stack(0x00000086bf100000,0x00000086bf200000)]
  0x000001b581182030 JavaThread "C2 CompilerThread1" daemon [_thread_in_native, id=17188, stack(0x00000086bf200000,0x00000086bf300000)]

Other Threads:
  0x000001b5feb85640 VMThread "VM Thread" [stack: 0x00000086bcb00000,0x00000086bcc00000] [id=9008]
  0x000001b5ff645d00 WatcherThread [stack: 0x00000086bd700000,0x00000086bd800000] [id=17060]
  0x000001b5deeb5050 GCTaskThread "GC Thread#0" [stack: 0x00000086bc600000,0x00000086bc700000] [id=16260]
  0x000001b58065a090 GCTaskThread "GC Thread#1" [stack: 0x00000086bd800000,0x00000086bd900000] [id=9148]
  0x000001b580239710 GCTaskThread "GC Thread#2" [stack: 0x00000086bd900000,0x00000086bda00000] [id=16464]
  0x000001b5808de840 GCTaskThread "GC Thread#3" [stack: 0x00000086bda00000,0x00000086bdb00000] [id=18764]
  0x000001b5810af0b0 GCTaskThread "GC Thread#4" [stack: 0x00000086bdc00000,0x00000086bdd00000] [id=9228]
  0x000001b580d50500 GCTaskThread "GC Thread#5" [stack: 0x00000086bdd00000,0x00000086bde00000] [id=11608]
  0x000001b581785480 GCTaskThread "GC Thread#6" [stack: 0x00000086bde00000,0x00000086bdf00000] [id=17688]
  0x000001b5821e1070 GCTaskThread "GC Thread#7" [stack: 0x00000086bdf00000,0x00000086be000000] [id=10700]
  0x000001b5deebeea0 ConcurrentGCThread "G1 Main Marker" [stack: 0x00000086bc700000,0x00000086bc800000] [id=15428]
  0x000001b5deebff60 ConcurrentGCThread "G1 Conc#0" [stack: 0x00000086bc800000,0x00000086bc900000] [id=15328]
  0x000001b582189f10 ConcurrentGCThread "G1 Conc#1" [stack: 0x00000086beb00000,0x00000086bec00000] [id=14572]
  0x000001b5def06520 ConcurrentGCThread "G1 Refine#0" [stack: 0x00000086bc900000,0x00000086bca00000] [id=3188]
  0x000001b5def06e50 ConcurrentGCThread "G1 Service" [stack: 0x00000086bca00000,0x00000086bcb00000] [id=5484]

Threads with active compile tasks:
C2 CompilerThread0   177897 3371       4       java.lang.invoke.MethodType::makeImpl (109 bytes)
C2 CompilerThread1   177897 3395       4       jdk.internal.loader.URLClassPath::getResource (74 bytes)

VM state: not at safepoint (normal execution)

VM Mutex/Monitor currently owned by a thread: None

Heap address: 0x00000006e0000000, size: 4608 MB, Compressed Oops mode: Zero based, Oop shift amount: 3

CDS archive(s) not mapped
Compressed class space mapped at: 0x0000000800000000-0x0000000840000000, reserved size: 1073741824
Narrow klass base: 0x0000000800000000, Narrow klass shift: 0, Narrow klass range: 0x40000000

GC Precious Log:
 CPUs: 8 total, 8 available
 Memory: 6019M
 Large Page Support: Disabled
 NUMA Support: Disabled
 Compressed Oops: Enabled (Zero based)
 Heap Region Size: 4M
 Heap Min Capacity: 8M
 Heap Initial Capacity: 96M
 Heap Max Capacity: 4608M
 Pre-touch: Disabled
 Parallel Workers: 8
 Concurrent Workers: 2
 Concurrent Refinement Workers: 8
 Periodic GC: Disabled

Heap:
 garbage-first heap   total 81920K, used 48425K [0x00000006e0000000, 0x0000000800000000)
  region size 4096K, 9 young (36864K), 2 survivors (8192K)
 Metaspace       used 39213K, committed 39552K, reserved 1089536K
  class space    used 5154K, committed 5312K, reserved 1048576K

Heap Regions: E=young(eden), S=young(survivor), O=old, HS=humongous(starts), HC=humongous(continues), CS=collection set, F=free, OA=open archive, CA=closed archive, TAMS=top-at-mark-start (previous, next)
|   0|0x00000006e0000000, 0x00000006e0400000, 0x00000006e0400000|100%| O|  |TAMS 0x00000006e0400000, 0x00000006e0000000| Untracked 
|   1|0x00000006e0400000, 0x00000006e0800000, 0x00000006e0800000|100%|HS|  |TAMS 0x00000006e0800000, 0x00000006e0400000| Complete 
|   2|0x00000006e0800000, 0x00000006e0c00000, 0x00000006e0c00000|100%| O|  |TAMS 0x00000006e0c00000, 0x00000006e0800000| Untracked 
|   3|0x00000006e0c00000, 0x00000006e0fb5000, 0x00000006e1000000| 92%| O|  |TAMS 0x00000006e0fb5000, 0x00000006e0c00000| Untracked 
|   4|0x00000006e1000000, 0x00000006e1208800, 0x00000006e1400000| 50%| O|  |TAMS 0x00000006e1208800, 0x00000006e1000000| Untracked 
|   5|0x00000006e1400000, 0x00000006e1400000, 0x00000006e1800000|  0%| F|  |TAMS 0x00000006e1400000, 0x00000006e1400000| Untracked 
|   6|0x00000006e1800000, 0x00000006e1800000, 0x00000006e1c00000|  0%| F|  |TAMS 0x00000006e1800000, 0x00000006e1800000| Untracked 
|   7|0x00000006e1c00000, 0x00000006e1c00000, 0x00000006e2000000|  0%| F|  |TAMS 0x00000006e1c00000, 0x00000006e1c00000| Untracked 
|   8|0x00000006e2000000, 0x00000006e2000000, 0x00000006e2400000|  0%| F|  |TAMS 0x00000006e2000000, 0x00000006e2000000| Untracked 
|   9|0x00000006e2400000, 0x00000006e2400000, 0x00000006e2800000|  0%| F|  |TAMS 0x00000006e2400000, 0x00000006e2400000| Untracked 
|  10|0x00000006e2800000, 0x00000006e2800000, 0x00000006e2c00000|  0%| F|  |TAMS 0x00000006e2800000, 0x00000006e2800000| Untracked 
|  11|0x00000006e2c00000, 0x00000006e3000000, 0x00000006e3000000|100%| E|  |TAMS 0x00000006e2c00000, 0x00000006e2c00000| Complete 
|  12|0x00000006e3000000, 0x00000006e3400000, 0x00000006e3400000|100%| E|CS|TAMS 0x00000006e3000000, 0x00000006e3000000| Complete 
|  13|0x00000006e3400000, 0x00000006e3800000, 0x00000006e3800000|100%| E|CS|TAMS 0x00000006e3400000, 0x00000006e3400000| Complete 
|  14|0x00000006e3800000, 0x00000006e3c00000, 0x00000006e3c00000|100%| E|CS|TAMS 0x00000006e3800000, 0x00000006e3800000| Complete 
|  15|0x00000006e3c00000, 0x00000006e3d8ce60, 0x00000006e4000000| 38%| S|CS|TAMS 0x00000006e3c00000, 0x00000006e3c00000| Complete 
|  16|0x00000006e4000000, 0x00000006e4400000, 0x00000006e4400000|100%| S|CS|TAMS 0x00000006e4000000, 0x00000006e4000000| Complete 
|  17|0x00000006e4400000, 0x00000006e4800000, 0x00000006e4800000|100%| E|CS|TAMS 0x00000006e4400000, 0x00000006e4400000| Complete 
|  18|0x00000006e4800000, 0x00000006e4c00000, 0x00000006e4c00000|100%| E|CS|TAMS 0x00000006e4800000, 0x00000006e4800000| Complete 
|  23|0x00000006e5c00000, 0x00000006e6000000, 0x00000006e6000000|100%| E|CS|TAMS 0x00000006e5c00000, 0x00000006e5c00000| Complete 

Card table byte_map: [0x000001b5f1f40000,0x000001b5f2840000] _byte_map_base: 0x000001b5ee840000

Marking Bits (Prev, Next): (CMBitMap*) 0x000001b5deeb5570, (CMBitMap*) 0x000001b5deeb55b0
 Prev Bits: [0x000001b5f3140000, 0x000001b5f7940000)
 Next Bits: [0x000001b5f7940000, 0x000001b5fc140000)

Polling page: 0x000001b5de610000

Metaspace:

Usage:
  Non-class:     33.27 MB used.
      Class:      5.04 MB used.
       Both:     38.30 MB used.

Virtual space:
  Non-class space:       40.00 MB reserved,      33.44 MB ( 84%) committed,  5 nodes.
      Class space:        1.00 GB reserved,       5.19 MB ( <1%) committed,  1 nodes.
             Both:        1.04 GB reserved,      38.62 MB (  4%) committed. 

Chunk freelists:
   Non-Class:  2.14 MB
       Class:  2.86 MB
        Both:  5.00 MB

MaxMetaspaceSize: unlimited
CompressedClassSpaceSize: 1.00 GB
Initial GC threshold: 21.00 MB
Current GC threshold: 59.19 MB
CDS: off
MetaspaceReclaimPolicy: balanced
 - commit_granule_bytes: 65536.
 - commit_granule_words: 8192.
 - virtual_space_node_default_size: 1048576.
 - enlarge_chunks_in_place: 1.
 - new_chunks_are_fully_committed: 0.
 - uncommit_free_chunks: 1.
 - use_allocation_guard: 0.
 - handle_deallocations: 1.


Internal statistics:

num_allocs_failed_limit: 9.
num_arena_births: 266.
num_arena_deaths: 0.
num_vsnodes_births: 6.
num_vsnodes_deaths: 0.
num_space_committed: 618.
num_space_uncommitted: 0.
num_chunks_returned_to_freelist: 9.
num_chunks_taken_from_freelist: 1281.
num_chunk_merges: 3.
num_chunk_splits: 862.
num_chunks_enlarged: 645.
num_purges: 0.
num_inconsistent_stats: 0.

CodeHeap 'non-profiled nmethods': size=120000Kb used=1686Kb max_used=1686Kb free=118313Kb
 bounds [0x000001b5e9de0000, 0x000001b5ea050000, 0x000001b5f1310000]
CodeHeap 'profiled nmethods': size=120000Kb used=7037Kb max_used=7037Kb free=112962Kb
 bounds [0x000001b5e2310000, 0x000001b5e29f0000, 0x000001b5e9840000]
CodeHeap 'non-nmethods': size=5760Kb used=1587Kb max_used=1602Kb free=4172Kb
 bounds [0x000001b5e9840000, 0x000001b5e9ab0000, 0x000001b5e9de0000]
 total_blobs=4156 nmethods=3507 adapters=561
 compilation: enabled
              stopped_count=0, restarted_count=0
 full_count=0

Compilation events (20 events):
Event: 177.705 Thread 0x000001b5ff52b1c0 3552       2       org.gradle.internal.dispatch.ReflectionDispatch::dispatch (9 bytes)
Event: 177.706 Thread 0x000001b5ff52b1c0 nmethod 3552 0x000001b5e29ded10 code [0x000001b5e29deea0, 0x000001b5e29df008]
Event: 177.706 Thread 0x000001b5ff52b1c0 3553   !   2       org.gradle.internal.dispatch.ReflectionDispatch::dispatch (42 bytes)
Event: 177.708 Thread 0x000001b5ff52b1c0 nmethod 3553 0x000001b5e29df110 code [0x000001b5e29df320, 0x000001b5e29df6f8]
Event: 177.708 Thread 0x000001b5ff52b1c0 3554   !   2       java.net.URLClassLoader::defineClass (224 bytes)
Event: 177.712 Thread 0x000001b5ff52b1c0 nmethod 3554 0x000001b5e29dfb90 code [0x000001b5e29dfec0, 0x000001b5e29e0a18]
Event: 177.729 Thread 0x000001b5ff52b1c0 3556   !   2       java.lang.ClassLoader::loadClass (121 bytes)
Event: 177.731 Thread 0x000001b5ff52b1c0 nmethod 3556 0x000001b5e29e1190 code [0x000001b5e29e13c0, 0x000001b5e29e1928]
Event: 177.731 Thread 0x000001b5ff52b1c0 3558       2       jdk.internal.loader.URLClassPath$JarLoader$2::getManifest (26 bytes)
Event: 177.732 Thread 0x000001b5ff52b1c0 nmethod 3558 0x000001b5e29e1e10 code [0x000001b5e29e2000, 0x000001b5e29e2308]
Event: 177.732 Thread 0x000001b5ff52b1c0 3559       2       java.util.jar.JavaUtilJarAccessImpl::ensureInitialization (5 bytes)
Event: 177.732 Thread 0x000001b5ff52b1c0 nmethod 3559 0x000001b5e29e2590 code [0x000001b5e29e2720, 0x000001b5e29e2848]
Event: 177.733 Thread 0x000001b5ff52b1c0 3560       2       java.lang.ClassLoader::getClassLoadingLock (35 bytes)
Event: 177.733 Thread 0x000001b5ff52b1c0 nmethod 3560 0x000001b5e29e2910 code [0x000001b5e29e2ac0, 0x000001b5e29e2c88]
Event: 177.751 Thread 0x000001b5ff52b1c0 3561   !   2       java.net.URLClassLoader::findClass (47 bytes)
Event: 177.752 Thread 0x000001b5ff52b1c0 nmethod 3561 0x000001b5e29e2d90 code [0x000001b5e29e2f60, 0x000001b5e29e3438]
Event: 177.753 Thread 0x000001b5ff52b1c0 3562   !   2       java.net.URLClassLoader$1::run (81 bytes)
Event: 177.755 Thread 0x000001b5ff52b1c0 nmethod 3562 0x000001b5e29e3690 code [0x000001b5e29e3920, 0x000001b5e29e41a8]
Event: 177.774 Thread 0x000001b5ff52b1c0 3563       1       sun.nio.ch.NativeThread::current (2 bytes)
Event: 177.774 Thread 0x000001b5ff52b1c0 nmethod 3563 0x000001b5e9f84610 code [0x000001b5e9f847a0, 0x000001b5e9f84858]

GC Heap History (14 events):
Event: 1.422 GC heap before
{Heap before GC invocations=0 (full 0):
 garbage-first heap   total 98304K, used 28672K [0x00000006e0000000, 0x0000000800000000)
  region size 4096K, 5 young (20480K), 0 survivors (0K)
 Metaspace       used 9786K, committed 9920K, reserved 1064960K
  class space    used 984K, committed 1024K, reserved 1048576K
}
Event: 1.431 GC heap after
{Heap after GC invocations=1 (full 0):
 garbage-first heap   total 98304K, used 9720K [0x00000006e0000000, 0x0000000800000000)
  region size 4096K, 1 young (4096K), 1 survivors (4096K)
 Metaspace       used 9786K, committed 9920K, reserved 1064960K
  class space    used 984K, committed 1024K, reserved 1048576K
}
Event: 2.053 GC heap before
{Heap before GC invocations=1 (full 0):
 garbage-first heap   total 98304K, used 26104K [0x00000006e0000000, 0x0000000800000000)
  region size 4096K, 5 young (20480K), 1 survivors (4096K)
 Metaspace       used 11128K, committed 11328K, reserved 1064960K
  class space    used 1162K, committed 1280K, reserved 1048576K
}
Event: 2.059 GC heap after
{Heap after GC invocations=2 (full 0):
 garbage-first heap   total 98304K, used 10880K [0x00000006e0000000, 0x0000000800000000)
  region size 4096K, 1 young (4096K), 1 survivors (4096K)
 Metaspace       used 11128K, committed 11328K, reserved 1064960K
  class space    used 1162K, committed 1280K, reserved 1048576K
}
Event: 3.022 GC heap before
{Heap before GC invocations=2 (full 0):
 garbage-first heap   total 98304K, used 39552K [0x00000006e0000000, 0x0000000800000000)
  region size 4096K, 9 young (36864K), 1 survivors (4096K)
 Metaspace       used 15198K, committed 15424K, reserved 1064960K
  class space    used 1745K, committed 1856K, reserved 1048576K
}
Event: 3.028 GC heap after
{Heap after GC invocations=3 (full 0):
 garbage-first heap   total 98304K, used 16136K [0x00000006e0000000, 0x0000000800000000)
  region size 4096K, 2 young (8192K), 2 survivors (8192K)
 Metaspace       used 15198K, committed 15424K, reserved 1064960K
  class space    used 1745K, committed 1856K, reserved 1048576K
}
Event: 4.768 GC heap before
{Heap before GC invocations=3 (full 0):
 garbage-first heap   total 98304K, used 36616K [0x00000006e0000000, 0x0000000800000000)
  region size 4096K, 8 young (32768K), 2 survivors (8192K)
 Metaspace       used 21353K, committed 21504K, reserved 1073152K
  class space    used 2609K, committed 2688K, reserved 1048576K
}
Event: 4.774 GC heap after
{Heap after GC invocations=4 (full 0):
 garbage-first heap   total 98304K, used 18381K [0x00000006e0000000, 0x0000000800000000)
  region size 4096K, 1 young (4096K), 1 survivors (4096K)
 Metaspace       used 21353K, committed 21504K, reserved 1073152K
  class space    used 2609K, committed 2688K, reserved 1048576K
}
Event: 174.953 GC heap before
{Heap before GC invocations=5 (full 0):
 garbage-first heap   total 81920K, used 59341K [0x00000006e0000000, 0x0000000800000000)
  region size 4096K, 11 young (45056K), 1 survivors (4096K)
 Metaspace       used 28001K, committed 28288K, reserved 1081344K
  class space    used 3702K, committed 3840K, reserved 1048576K
}
Event: 174.984 GC heap after
{Heap after GC invocations=6 (full 0):
 garbage-first heap   total 81920K, used 20987K [0x00000006e0000000, 0x0000000800000000)
  region size 4096K, 2 young (8192K), 2 survivors (8192K)
 Metaspace       used 28001K, committed 28288K, reserved 1081344K
  class space    used 3702K, committed 3840K, reserved 1048576K
}
Event: 176.028 GC heap before
{Heap before GC invocations=6 (full 0):
 garbage-first heap   total 81920K, used 53755K [0x00000006e0000000, 0x0000000800000000)
  region size 4096K, 10 young (40960K), 2 survivors (8192K)
 Metaspace       used 32576K, committed 32832K, reserved 1081344K
  class space    used 4450K, committed 4544K, reserved 1048576K
}
Event: 176.034 GC heap after
{Heap after GC invocations=7 (full 0):
 garbage-first heap   total 81920K, used 22116K [0x00000006e0000000, 0x0000000800000000)
  region size 4096K, 1 young (4096K), 1 survivors (4096K)
 Metaspace       used 32576K, committed 32832K, reserved 1081344K
  class space    used 4450K, committed 4544K, reserved 1048576K
}
Event: 176.608 GC heap before
{Heap before GC invocations=7 (full 0):
 garbage-first heap   total 81920K, used 30308K [0x00000006e0000000, 0x0000000800000000)
  region size 4096K, 4 young (16384K), 1 survivors (4096K)
 Metaspace       used 35664K, committed 35968K, reserved 1081344K
  class space    used 4720K, committed 4864K, reserved 1048576K
}
Event: 176.617 GC heap after
{Heap after GC invocations=8 (full 0):
 garbage-first heap   total 81920K, used 23849K [0x00000006e0000000, 0x0000000800000000)
  region size 4096K, 2 young (8192K), 2 survivors (8192K)
 Metaspace       used 35664K, committed 35968K, reserved 1081344K
  class space    used 4720K, committed 4864K, reserved 1048576K
}

Dll operation events (2 events):
Event: 0.011 Loaded shared library C:\Program Files\Android\Android Studio\jbr\bin\java.dll
Event: 0.780 Loaded shared library C:\Program Files\Android\Android Studio\jbr\bin\verify.dll

Deoptimization events (20 events):
Event: 177.289 Thread 0x000001b5820bc080 Uncommon trap: trap_request=0xffffffc6 fr.pc=0x000001b5e9f715b8 relative=0x00000000000002f8
Event: 177.289 Thread 0x000001b5820bc080 Uncommon trap: reason=bimorphic_or_optimized_type_check action=maybe_recompile pc=0x000001b5e9f715b8 method=java.util.stream.MatchOps$1MatchSink.accept(Ljava/lang/Object;)V @ 12 c2
Event: 177.289 Thread 0x000001b5820bc080 DEOPT PACKING pc=0x000001b5e9f715b8 sp=0x00000086be5f8df0
Event: 177.289 Thread 0x000001b5820bc080 DEOPT UNPACKING pc=0x000001b5e98969a3 sp=0x00000086be5f8d98 mode 2
Event: 177.289 Thread 0x000001b5820bc080 Uncommon trap: trap_request=0xffffffc6 fr.pc=0x000001b5e9f715b8 relative=0x00000000000002f8
Event: 177.289 Thread 0x000001b5820bc080 Uncommon trap: reason=bimorphic_or_optimized_type_check action=maybe_recompile pc=0x000001b5e9f715b8 method=java.util.stream.MatchOps$1MatchSink.accept(Ljava/lang/Object;)V @ 12 c2
Event: 177.289 Thread 0x000001b5820bc080 DEOPT PACKING pc=0x000001b5e9f715b8 sp=0x00000086be5f8df0
Event: 177.289 Thread 0x000001b5820bc080 DEOPT UNPACKING pc=0x000001b5e98969a3 sp=0x00000086be5f8d98 mode 2
Event: 177.289 Thread 0x000001b5820bc080 Uncommon trap: trap_request=0xffffffc6 fr.pc=0x000001b5e9f715b8 relative=0x00000000000002f8
Event: 177.289 Thread 0x000001b5820bc080 Uncommon trap: reason=bimorphic_or_optimized_type_check action=maybe_recompile pc=0x000001b5e9f715b8 method=java.util.stream.MatchOps$1MatchSink.accept(Ljava/lang/Object;)V @ 12 c2
Event: 177.289 Thread 0x000001b5820bc080 DEOPT PACKING pc=0x000001b5e9f715b8 sp=0x00000086be5f8df0
Event: 177.289 Thread 0x000001b5820bc080 DEOPT UNPACKING pc=0x000001b5e98969a3 sp=0x00000086be5f8d98 mode 2
Event: 177.289 Thread 0x000001b5820bc080 Uncommon trap: trap_request=0xffffffc6 fr.pc=0x000001b5e9f715b8 relative=0x00000000000002f8
Event: 177.289 Thread 0x000001b5820bc080 Uncommon trap: reason=bimorphic_or_optimized_type_check action=maybe_recompile pc=0x000001b5e9f715b8 method=java.util.stream.MatchOps$1MatchSink.accept(Ljava/lang/Object;)V @ 12 c2
Event: 177.289 Thread 0x000001b5820bc080 DEOPT PACKING pc=0x000001b5e9f715b8 sp=0x00000086be5f8df0
Event: 177.289 Thread 0x000001b5820bc080 DEOPT UNPACKING pc=0x000001b5e98969a3 sp=0x00000086be5f8d98 mode 2
Event: 177.303 Thread 0x000001b5820bc080 Uncommon trap: trap_request=0xffffff45 fr.pc=0x000001b5e9ec4b8c relative=0x00000000000000ec
Event: 177.303 Thread 0x000001b5820bc080 Uncommon trap: reason=unstable_if action=reinterpret pc=0x000001b5e9ec4b8c method=java.lang.ClassLoader.getClassLoadingLock(Ljava/lang/String;)Ljava/lang/Object; @ 6 c2
Event: 177.303 Thread 0x000001b5820bc080 DEOPT PACKING pc=0x000001b5e9ec4b8c sp=0x00000086be5f9410
Event: 177.303 Thread 0x000001b5820bc080 DEOPT UNPACKING pc=0x000001b5e98969a3 sp=0x00000086be5f93b0 mode 2

Classes unloaded (0 events):
No events

Classes redefined (0 events):
No events

Internal exceptions (20 events):
Event: 175.533 Thread 0x000001b5820bc080 Exception <a 'java/lang/NoSuchMethodError'{0x00000006e43ea358}: 'java.lang.Object java.lang.invoke.Invokers$Holder.linkToTargetMethod(java.lang.Object, java.lang.Object, java.lang.Object, java.lang.Object, java.lang.Object, java.lang.Object, java.lang.Object, java.lang.Object, java.lang.Object, java.lang.Object, java.lang.Object, java.lang.Object)'> (0x00000006e43ea358) 
thrown [s\src\hotspot\share\interpreter\linkResolver.cpp, line 771]
Event: 175.586 Thread 0x000001b5820bc080 Exception <a 'java/lang/NoSuchMethodError'{0x00000006e3c94a88}: 'java.lang.Object java.lang.invoke.DirectMethodHandle$Holder.invokeStaticInit(java.lang.Object, java.lang.Object, java.lang.Object, java.lang.Object)'> (0x00000006e3c94a88) 
thrown [s\src\hotspot\share\interpreter\linkResolver.cpp, line 771]
Event: 175.836 Thread 0x000001b5820bc080 Exception <a 'java/lang/NoSuchMethodError'{0x00000006e3a001e0}: 'java.lang.Object java.lang.invoke.DirectMethodHandle$Holder.newInvokeSpecial(java.lang.Object, java.lang.Object, java.lang.Object, java.lang.Object, java.lang.Object, java.lang.Object, java.lang.Object, java.lang.Object)'> (0x00000006e3a001e0) 
thrown [s\src\hotspot\share\interpreter\linkResolver.cpp, line 771]
Event: 175.836 Thread 0x000001b5820bc080 Exception <a 'java/lang/NoSuchMethodError'{0x00000006e3a063c8}: 'java.lang.Object java.lang.invoke.Invokers$Holder.linkToTargetMethod(java.lang.Object, java.lang.Object, java.lang.Object, java.lang.Object, java.lang.Object, java.lang.Object, java.lang.Object, java.lang.Object)'> (0x00000006e3a063c8) 
thrown [s\src\hotspot\share\interpreter\linkResolver.cpp, line 771]
Event: 175.848 Thread 0x000001b5820bc080 Exception <a 'java/lang/IncompatibleClassChangeError'{0x00000006e3a8a3a0}: Found class java.lang.Object, but interface was expected> (0x00000006e3a8a3a0) 
thrown [s\src\hotspot\share\interpreter\linkResolver.cpp, line 838]
Event: 176.229 Thread 0x000001b5820bc080 Exception <a 'java/lang/NoSuchMethodError'{0x00000006e4859a88}: 'void java.lang.invoke.DirectMethodHandle$Holder.invokeStaticInit(java.lang.Object, java.lang.Object, java.lang.Object)'> (0x00000006e4859a88) 
thrown [s\src\hotspot\share\interpreter\linkResolver.cpp, line 771]
Event: 176.231 Thread 0x000001b5820bc080 Exception <a 'java/lang/NoSuchMethodError'{0x00000006e4860f88}: 'void java.lang.invoke.DirectMethodHandle$Holder.invokeStaticInit(java.lang.Object, java.lang.Object, java.lang.Object, java.lang.Object)'> (0x00000006e4860f88) 
thrown [s\src\hotspot\share\interpreter\linkResolver.cpp, line 771]
Event: 176.237 Thread 0x000001b5820bc080 Exception <a 'java/lang/NoSuchMethodError'{0x00000006e4883568}: 'void java.lang.invoke.DirectMethodHandle$Holder.invokeStaticInit(java.lang.Object, java.lang.Object, java.lang.Object, java.lang.Object, java.lang.Object)'> (0x00000006e4883568) 
thrown [s\src\hotspot\share\interpreter\linkResolver.cpp, line 771]
Event: 176.265 Thread 0x000001b5820bc080 Exception <a 'java/lang/NoSuchMethodError'{0x00000006e48dd210}: 'int java.lang.invoke.DirectMethodHandle$Holder.invokeStaticInit(java.lang.Object, java.lang.Object, java.lang.Object, java.lang.Object)'> (0x00000006e48dd210) 
thrown [s\src\hotspot\share\interpreter\linkResolver.cpp, line 771]
Event: 176.804 Thread 0x000001b5820bc080 Exception <a 'java/lang/ClassNotFoundException'{0x00000006e5e19f20}: groovy/lang/ExpandoMetaClassBeanInfo> (0x00000006e5e19f20) 
thrown [s\src\hotspot\share\classfile\systemDictionary.cpp, line 256]
Event: 176.806 Thread 0x000001b5820bc080 Exception <a 'java/lang/ClassNotFoundException'{0x00000006e5e30d28}: groovy/lang/MetaClassImplBeanInfo> (0x00000006e5e30d28) 
thrown [s\src\hotspot\share\classfile\systemDictionary.cpp, line 256]
Event: 176.806 Thread 0x000001b5820bc080 Exception <a 'java/lang/ClassNotFoundException'{0x00000006e5e36000}: java/lang/ObjectBeanInfo> (0x00000006e5e36000) 
thrown [s\src\hotspot\share\classfile\systemDictionary.cpp, line 256]
Event: 176.807 Thread 0x000001b5820bc080 Exception <a 'java/lang/ClassNotFoundException'{0x00000006e5e3b990}: java/lang/ObjectCustomizer> (0x00000006e5e3b990) 
thrown [s\src\hotspot\share\classfile\systemDictionary.cpp, line 256]
Event: 176.815 Thread 0x000001b5820bc080 Exception <a 'java/lang/IncompatibleClassChangeError'{0x00000006e5e403b8}: Found class java.lang.Object, but interface was expected> (0x00000006e5e403b8) 
thrown [s\src\hotspot\share\interpreter\linkResolver.cpp, line 838]
Event: 176.822 Thread 0x000001b5820bc080 Exception <a 'java/lang/ClassNotFoundException'{0x00000006e5e5c180}: groovy/lang/MetaClassImplCustomizer> (0x00000006e5e5c180) 
thrown [s\src\hotspot\share\classfile\systemDictionary.cpp, line 256]
Event: 176.825 Thread 0x000001b5820bc080 Exception <a 'java/lang/ClassNotFoundException'{0x00000006e5e91ca0}: groovy/lang/ExpandoMetaClassCustomizer> (0x00000006e5e91ca0) 
thrown [s\src\hotspot\share\classfile\systemDictionary.cpp, line 256]
Event: 177.674 Thread 0x000001b5820bc080 Exception <a 'java/lang/ClassNotFoundException'{0x00000006e2d1f088}: org/gradle/internal/extensibility/DefaultExtraPropertiesExtensionBeanInfo> (0x00000006e2d1f088) 
thrown [s\src\hotspot\share\classfile\systemDictionary.cpp, line 256]
Event: 177.677 Thread 0x000001b5820bc080 Exception <a 'java/lang/ClassNotFoundException'{0x00000006e2d35f20}: groovy/lang/GroovyObjectSupportBeanInfo> (0x00000006e2d35f20) 
thrown [s\src\hotspot\share\classfile\systemDictionary.cpp, line 256]
Event: 177.683 Thread 0x000001b5820bc080 Exception <a 'java/lang/ClassNotFoundException'{0x00000006e2d4cdd0}: groovy/lang/GroovyObjectSupportCustomizer> (0x00000006e2d4cdd0) 
thrown [s\src\hotspot\share\classfile\systemDictionary.cpp, line 256]
Event: 177.690 Thread 0x000001b5820bc080 Exception <a 'java/lang/ClassNotFoundException'{0x00000006e2d65e68}: org/gradle/internal/extensibility/DefaultExtraPropertiesExtensionCustomizer> (0x00000006e2d65e68) 
thrown [s\src\hotspot\share\classfile\systemDictionary.cpp, line 256]

VM Operations (20 events):
Event: 176.648 Executing VM operation: CollectForMetadataAllocation
Event: 176.648 Executing VM operation: CollectForMetadataAllocation done
Event: 176.649 Executing VM operation: G1Concurrent
Event: 176.672 Executing VM operation: G1Concurrent done
Event: 176.673 Executing VM operation: HandshakeAllThreads
Event: 176.673 Executing VM operation: HandshakeAllThreads done
Event: 176.685 Executing VM operation: G1Concurrent
Event: 176.709 Executing VM operation: G1Concurrent done
Event: 176.857 Executing VM operation: HandshakeAllThreads
Event: 176.857 Executing VM operation: HandshakeAllThreads done
Event: 177.010 Executing VM operation: HandshakeAllThreads
Event: 177.010 Executing VM operation: HandshakeAllThreads done
Event: 177.011 Executing VM operation: HandshakeAllThreads
Event: 177.011 Executing VM operation: HandshakeAllThreads done
Event: 177.032 Executing VM operation: HandshakeAllThreads
Event: 177.032 Executing VM operation: HandshakeAllThreads done
Event: 177.045 Executing VM operation: HandshakeAllThreads
Event: 177.045 Executing VM operation: HandshakeAllThreads done
Event: 177.328 Executing VM operation: HandshakeAllThreads
Event: 177.329 Executing VM operation: HandshakeAllThreads done

Events (20 events):
Event: 177.329 loading class jdk/internal/jrtfs/JrtFileAttributes
Event: 177.330 loading class jdk/internal/jrtfs/JrtFileAttributes done
Event: 177.330 loading class jdk/internal/jrtfs/JrtDirectoryStream
Event: 177.331 loading class jdk/internal/jrtfs/JrtDirectoryStream done
Event: 177.333 loading class jdk/internal/jrtfs/JrtDirectoryStream$1
Event: 177.334 loading class jdk/internal/jrtfs/JrtDirectoryStream$1 done
Event: 177.335 loading class java/util/function/BooleanSupplier
Event: 177.335 loading class java/util/function/BooleanSupplier done
Event: 177.336 loading class jdk/internal/jimage/ImageReader$Resource
Event: 177.337 loading class jdk/internal/jimage/ImageReader$Resource done
Event: 177.663 loading class java/util/WeakHashMap$KeyIterator
Event: 177.664 loading class java/util/WeakHashMap$HashIterator
Event: 177.664 loading class java/util/WeakHashMap$HashIterator done
Event: 177.664 loading class java/util/WeakHashMap$KeyIterator done
Event: 177.738 loading class java/io/StringReader
Event: 177.738 loading class java/io/StringReader done
Event: 177.768 loading class java/lang/StrictMath
Event: 177.770 loading class java/lang/StrictMath done
Event: 177.770 loading class java/math/MutableBigInteger
Event: 177.772 loading class java/math/MutableBigInteger done


Dynamic libraries:
0x00007ff7038e0000 - 0x00007ff7038ea000 	C:\Program Files\Android\Android Studio\jbr\bin\java.exe
0x00007ffb69b90000 - 0x00007ffb69d88000 	C:\Windows\SYSTEM32\ntdll.dll
0x00007ffb69a90000 - 0x00007ffb69b4d000 	C:\Windows\System32\KERNEL32.DLL
0x00007ffb67370000 - 0x00007ffb67666000 	C:\Windows\System32\KERNELBASE.dll
0x00007ffb67240000 - 0x00007ffb67340000 	C:\Windows\System32\ucrtbase.dll
0x00007ffb33f80000 - 0x00007ffb33f97000 	C:\Program Files\Android\Android Studio\jbr\bin\jli.dll
0x00007ffb35950000 - 0x00007ffb3596b000 	C:\Program Files\Android\Android Studio\jbr\bin\VCRUNTIME140.dll
0x00007ffb67fa0000 - 0x00007ffb6813f000 	C:\Windows\System32\USER32.dll
0x00007ffb67670000 - 0x00007ffb67692000 	C:\Windows\System32\win32u.dll
0x00007ffb68370000 - 0x00007ffb6839b000 	C:\Windows\System32\GDI32.dll
0x00007ffb67aa0000 - 0x00007ffb67bb7000 	C:\Windows\System32\gdi32full.dll
0x00007ffb4d8a0000 - 0x00007ffb4db3a000 	C:\Windows\WinSxS\amd64_microsoft.windows.common-controls_6595b64144ccf1df_6.0.19041.3636_none_60b6a03d71f818d5\COMCTL32.dll
0x00007ffb67750000 - 0x00007ffb677ed000 	C:\Windows\System32\msvcp_win.dll
0x00007ffb67f00000 - 0x00007ffb67f9e000 	C:\Windows\System32\msvcrt.dll
0x00007ffb68840000 - 0x00007ffb68872000 	C:\Windows\System32\IMM32.DLL
0x00007ffb5e9f0000 - 0x00007ffb5e9fc000 	C:\Program Files\Android\Android Studio\jbr\bin\vcruntime140_1.dll
0x00007ffb28be0000 - 0x00007ffb28c6d000 	C:\Program Files\Android\Android Studio\jbr\bin\msvcp140.dll
0x00007ffaf7e30000 - 0x00007ffaf8a9d000 	C:\Program Files\Android\Android Studio\jbr\bin\server\jvm.dll
0x00007ffb698c0000 - 0x00007ffb69970000 	C:\Windows\System32\ADVAPI32.dll
0x00007ffb68140000 - 0x00007ffb681e0000 	C:\Windows\System32\sechost.dll
0x00007ffb68710000 - 0x00007ffb68833000 	C:\Windows\System32\RPCRT4.dll
0x00007ffb67340000 - 0x00007ffb67367000 	C:\Windows\System32\bcrypt.dll
0x00007ffb4afb0000 - 0x00007ffb4afb9000 	C:\Windows\SYSTEM32\WSOCK32.dll
0x00007ffb5d710000 - 0x00007ffb5d71a000 	C:\Windows\SYSTEM32\VERSION.dll
0x00007ffb68fe0000 - 0x00007ffb6904b000 	C:\Windows\System32\WS2_32.dll
0x00007ffb3fb40000 - 0x00007ffb3fb67000 	C:\Windows\SYSTEM32\WINMM.dll
0x00007ffb65090000 - 0x00007ffb650a2000 	C:\Windows\SYSTEM32\kernel.appcore.dll
0x00007ffb552e0000 - 0x00007ffb552ea000 	C:\Program Files\Android\Android Studio\jbr\bin\jimage.dll
0x00007ffb44030000 - 0x00007ffb44214000 	C:\Windows\SYSTEM32\DBGHELP.DLL
0x00007ffb43ff0000 - 0x00007ffb44024000 	C:\Windows\SYSTEM32\dbgcore.DLL
0x00007ffb67a10000 - 0x00007ffb67a92000 	C:\Windows\System32\bcryptPrimitives.dll
0x00007ffb30360000 - 0x00007ffb30385000 	C:\Program Files\Android\Android Studio\jbr\bin\java.dll
0x00007ffb33af0000 - 0x00007ffb33b08000 	C:\Program Files\Android\Android Studio\jbr\bin\zip.dll
0x00007ffb690b0000 - 0x00007ffb6981b000 	C:\Windows\System32\SHELL32.dll
0x00007ffb65290000 - 0x00007ffb65a2e000 	C:\Windows\SYSTEM32\windows.storage.dll
0x00007ffb683b0000 - 0x00007ffb68703000 	C:\Windows\System32\combase.dll
0x00007ffb66b20000 - 0x00007ffb66b4e000 	C:\Windows\SYSTEM32\Wldp.dll
0x00007ffb681f0000 - 0x00007ffb682bd000 	C:\Windows\System32\OLEAUT32.dll
0x00007ffb682c0000 - 0x00007ffb6836d000 	C:\Windows\System32\SHCORE.dll
0x00007ffb69970000 - 0x00007ffb699c5000 	C:\Windows\System32\shlwapi.dll
0x00007ffb67170000 - 0x00007ffb67193000 	C:\Windows\SYSTEM32\profapi.dll
0x00007ffb324d0000 - 0x00007ffb324e9000 	C:\Program Files\Android\Android Studio\jbr\bin\net.dll
0x00007ffb58110000 - 0x00007ffb5821a000 	C:\Windows\SYSTEM32\WINHTTP.dll
0x00007ffb668a0000 - 0x00007ffb6690a000 	C:\Windows\system32\mswsock.dll
0x00007ffb302a0000 - 0x00007ffb302b6000 	C:\Program Files\Android\Android Studio\jbr\bin\nio.dll
0x00007ffb4a9a0000 - 0x00007ffb4a9b0000 	C:\Program Files\Android\Android Studio\jbr\bin\verify.dll
0x00007ffb493e0000 - 0x00007ffb49407000 	C:\Users\aldai\.gradle\native\e1d6ef7f7dcc3fd88c89a11ec53ec762bb8ba0a96d01ffa2cd45eb1d1d8dd5c5\windows-amd64\native-platform.dll
0x00007ffb19150000 - 0x00007ffb19294000 	C:\Users\aldai\.gradle\native\0d407fdbe67a94daf76414ababcb853783967236a71b16ec16e742cd7a986fd3\windows-amd64\native-platform-file-events.dll
0x00007ffb493a0000 - 0x00007ffb493a9000 	C:\Program Files\Android\Android Studio\jbr\bin\management.dll
0x00007ffb472c0000 - 0x00007ffb472cb000 	C:\Program Files\Android\Android Studio\jbr\bin\management_ext.dll
0x00007ffb699d0000 - 0x00007ffb699d8000 	C:\Windows\System32\PSAPI.DLL
0x00007ffb66e70000 - 0x00007ffb66e88000 	C:\Windows\SYSTEM32\CRYPTSP.dll
0x00007ffb661e0000 - 0x00007ffb66214000 	C:\Windows\system32\rsaenh.dll
0x00007ffb670f0000 - 0x00007ffb6711e000 	C:\Windows\SYSTEM32\USERENV.dll
0x00007ffb66a30000 - 0x00007ffb66a3c000 	C:\Windows\SYSTEM32\CRYPTBASE.dll
0x00007ffb665a0000 - 0x00007ffb665db000 	C:\Windows\SYSTEM32\IPHLPAPI.DLL
0x00007ffb681e0000 - 0x00007ffb681e8000 	C:\Windows\System32\NSI.dll
0x00007ffb5d6f0000 - 0x00007ffb5d707000 	C:\Windows\SYSTEM32\dhcpcsvc6.DLL
0x00007ffb5d2a0000 - 0x00007ffb5d2bd000 	C:\Windows\SYSTEM32\dhcpcsvc.DLL
0x00007ffb665e0000 - 0x00007ffb666ab000 	C:\Windows\SYSTEM32\DNSAPI.dll
0x00007ffb58d30000 - 0x00007ffb58d37000 	C:\Windows\system32\wshunix.dll

dbghelp: loaded successfully - version: 4.0.5 - missing functions: none
symbol engine: initialized successfully - sym options: 0x614 - pdb path: .;C:\Program Files\Android\Android Studio\jbr\bin;C:\Windows\SYSTEM32;C:\Windows\WinSxS\amd64_microsoft.windows.common-controls_6595b64144ccf1df_6.0.19041.3636_none_60b6a03d71f818d5;C:\Program Files\Android\Android Studio\jbr\bin\server;C:\Users\aldai\.gradle\native\e1d6ef7f7dcc3fd88c89a11ec53ec762bb8ba0a96d01ffa2cd45eb1d1d8dd5c5\windows-amd64;C:\Users\aldai\.gradle\native\0d407fdbe67a94daf76414ababcb853783967236a71b16ec16e742cd7a986fd3\windows-amd64

VM Arguments:
jvm_args: --add-opens=java.base/java.util=ALL-UNNAMED --add-opens=java.base/java.lang=ALL-UNNAMED --add-opens=java.base/java.lang.invoke=ALL-UNNAMED --add-opens=java.base/java.util=ALL-UNNAMED --add-opens=java.prefs/java.util.prefs=ALL-UNNAMED --add-opens=java.prefs/java.util.prefs=ALL-UNNAMED --add-opens=java.base/java.nio.charset=ALL-UNNAMED --add-opens=java.base/java.net=ALL-UNNAMED --add-opens=java.base/java.util.concurrent.atomic=ALL-UNNAMED -Xmx4608m -Dfile.encoding=windows-1252 -Duser.country=CO -Duser.language=es -Duser.variant 
java_command: org.gradle.launcher.daemon.bootstrap.GradleDaemon 7.5
java_class_path (initial): C:\Users\aldai\.gradle\wrapper\dists\gradle-7.5-all\6qsw290k5lz422uaf8jf6m7co\gradle-7.5\lib\gradle-launcher-7.5.jar
Launcher Type: SUN_STANDARD

[Global flags]
     intx CICompilerCount                          = 4                                         {product} {ergonomic}
     uint ConcGCThreads                            = 2                                         {product} {ergonomic}
     uint G1ConcRefinementThreads                  = 8                                         {product} {ergonomic}
   size_t G1HeapRegionSize                         = 4194304                                   {product} {ergonomic}
    uintx GCDrainStackTargetSize                   = 64                                        {product} {ergonomic}
   size_t InitialHeapSize                          = 100663296                                 {product} {ergonomic}
   size_t MarkStackSize                            = 4194304                                   {product} {ergonomic}
   size_t MaxHeapSize                              = 4831838208                                {product} {command line}
   size_t MaxNewSize                               = 2898264064                                {product} {ergonomic}
   size_t MinHeapDeltaBytes                        = 4194304                                   {product} {ergonomic}
   size_t MinHeapSize                              = 8388608                                   {product} {ergonomic}
    uintx NonNMethodCodeHeapSize                   = 5839372                                {pd product} {ergonomic}
    uintx NonProfiledCodeHeapSize                  = 122909434                              {pd product} {ergonomic}
    uintx ProfiledCodeHeapSize                     = 122909434                              {pd product} {ergonomic}
    uintx ReservedCodeCacheSize                    = 251658240                              {pd product} {ergonomic}
     bool SegmentedCodeCache                       = true                                      {product} {ergonomic}
   size_t SoftMaxHeapSize                          = 4831838208                             {manageable} {ergonomic}
     bool UseCompressedClassPointers               = true                           {product lp64_product} {ergonomic}
     bool UseCompressedOops                        = true                           {product lp64_product} {ergonomic}
     bool UseG1GC                                  = true                                      {product} {ergonomic}
     bool UseLargePagesIndividualAllocation        = false                                  {pd product} {ergonomic}

Logging:
Log output configuration:
 #0: stdout all=warning uptime,level,tags
 #1: stderr all=off uptime,level,tags

Environment Variables:
JAVA_HOME=C:\Program Files\Android\Android Studio\jbr
CLASSPATH=D:\ESPACIO DE TRABAJO SISTEMAS CLINIZAD\TESISAPP\App_Arsac_Front\android\\gradle\wrapper\gradle-wrapper.jar
PATH=C:\Program Files\Android\Android Studio\jbr\bin;C:\Program Files\Common Files\Oracle\Java\javapath;C:\Program Files (x86)\Common Files\Oracle\Java\javapath;C:\Windows\system32;C:\Windows;C:\Windows\System32\Wbem;C:\Windows\System32\WindowsPowerShell\v1.0\;C:\Windows\System32\OpenSSH\;C:\Program Files\Docker\Docker\resources\bin;C:\Program Files\nodejs\;C:\Program Files\Git\cmd;C:\Program Files (x86)\Microsoft SQL Server\160\Tools\Binn\;C:\Program Files\Microsoft SQL Server\160\Tools\Binn\;C:\Program Files\Microsoft SQL Server\Client SDK\ODBC\170\Tools\Binn\;C:\Program Files\Microsoft SQL Server\160\DTS\Binn\;C:\Program Files\Azure Data Studio\bin;C:\Program Files (x86)\Print Conductor;C:\Program Files (x86)\Microsoft SQL Server\160\DTS\Binn\;C:\Users\aldai\AppData\Local\Microsoft\WindowsApps;C:\Users\aldai\AppData\Local\Programs\Microsoft VS Code\bin;C:\Users\aldai\AppData\Roaming\npm;C:\Program Files\Azure Data Studio\bin;C:\flutter\bin;C:\Program Files (x86)\Print Conductor;C:\Users\aldai\AppData\Local\Programs\Python\Python311\Scripts;C:\Program Files\nodejs;;C:\flutter\bin\mingit\cmd;C:\flutter\bin\mingit\cmd
USERNAME=aldai
OS=Windows_NT
PROCESSOR_IDENTIFIER=Intel64 Family 6 Model 142 Stepping 10, GenuineIntel
TMP=C:\Users\aldai\AppData\Local\Temp
TEMP=C:\Users\aldai\AppData\Local\Temp



---------------  S Y S T E M  ---------------

OS:
 Windows 10 , 64 bit Build 19041 (10.0.19041.3636)
OS uptime: 0 days 16:51 hours
Hyper-V role detected

CPU: total 8 (initial active 8) (4 cores per cpu, 2 threads per core) family 6 model 142 stepping 10 microcode 0xb4, cx8, cmov, fxsr, ht, mmx, 3dnowpref, sse, sse2, sse3, ssse3, sse4.1, sse4.2, popcnt, lzcnt, tsc, tscinvbit, avx, avx2, aes, erms, clmul, bmi1, bmi2, adx, fma, vzeroupper, clflush, clflushopt, hv

Memory: 4k page, system-wide physical 6019M (400M free)
TotalPageFile size 18019M (AvailPageFile size 131M)
current process WorkingSet (physical memory assigned to process): 152M, peak: 162M
current process commit charge ("private bytes"): 242M, peak: 244M

vm_info: OpenJDK 64-Bit Server VM (17.0.6+0-b2043.56-9586694) for windows-amd64 JRE (17.0.6+0-b2043.56-9586694), built on Feb  9 2023 20:06:20 by "androidbuild" with MS VC++ 16.10 / 16.11 (VS2019)

END.
